Job ID: 59597175
Array Task ID: 10
Running on node: holy8a24510.rc.fas.harvard.edu
Number of cores: 20
Start time: Mon Feb  9 11:41:57 EST 2026
Task 10 of 10 : Running simulations 451 to 500 
Compiling NIMBLE models (this will take a few minutes)...
  Compiling no_bench model...
Run-time warning: matrix used in call to nimEigen() has a complex eigenvalue.
Run-time warning: matrix used in call to nimEigen() has a complex eigenvalue.
Run-time warning: matrix used in call to nimEigen() has a complex eigenvalue.
Run-time warning: matrix used in call to nimEigen() has a complex eigenvalue.
Run-time warning: matrix used in call to nimEigen() has a complex eigenvalue.
Run-time warning: matrix used in call to nimEigen() has a complex eigenvalue.
Run-time warning: matrix used in call to nimEigen() has a complex eigenvalue.
Run-time warning: matrix used in call to nimEigen() has a complex eigenvalue.
Run-time warning: matrix used in call to nimEigen() has a complex eigenvalue.
Run-time warning: matrix used in call to nimEigen() has a complex eigenvalue.
Run-time warning: matrix used in call to nimEigen() has a complex eigenvalue.
Run-time warning: matrix used in call to nimEigen() has a complex eigenvalue.
===== Monitors =====
thin = 1: log_kappa, rho
===== Samplers =====
slice sampler (225)
  - P[]  (225 elements)
RW sampler (2)
  - rho
  - log_kappa
CAR_proper sampler (1)
  - S[1:225] 
thin = 1: log_kappa, P, rho, S
End time: Mon Feb  9 11:42:41 EST 2026
Task 10 completed
