Job ID: 57594395
Array Task ID: 2
Running on node: holy7c20612.rc.fas.harvard.edu
Number of cores: 20
Start time: Thu Jan 29 13:54:40 EST 2026
Task 2 of 10 : Running simulations 51 to 100 
Running on 47 cores within this task...
Starting parallel simulation for task 2 with 50 runs...
Run-time warning: matrix used in call to nimEigen() has a complex eigenvalue.
Run-time warning: matrix used in call to nimEigen() has a complex eigenvalue.
Run-time warning: matrix used in call to nimEigen() has a complex eigenvalue.
Run-time warning: matrix used in call to nimEigen() has a complex eigenvalue.
Run-time warning: matrix used in call to nimEigen() has a complex eigenvalue.
Run-time warning: matrix used in call to nimEigen() has a complex eigenvalue.
Run-time warning: matrix used in call to nimEigen() has a complex eigenvalue.
Run-time warning: matrix used in call to nimEigen() has a complex eigenvalue.
Run-time warning: matrix used in call to nimEigen() has a complex eigenvalue.
Run-time warning: matrix used in call to nimEigen() has a complex eigenvalue.
Run-time warning: matrix used in call to nimEigen() has a complex eigenvalue.
Run-time warning: matrix used in call to nimEigen() has a complex eigenvalue.
Run-time warning: matrix used in call to nimEigen() has a complex eigenvalue.
Run-time warning: matrix used in call to nimEigen() has a complex eigenvalue.
Run-time warning: matrix used in call to nimEigen() has a complex eigenvalue.
Run-time warning: matrix used in call to nimEigen() has a complex eigenvalue.
Run-time warning: matrix used in call to nimEigen() has a complex eigenvalue.
Run-time warning: matrix used in call to nimEigen() has a complex eigenvalue.
Run-time warning: matrix used in call to nimEigen() has a complex eigenvalue.
Run-time warning: matrix used in call to nimEigen() has a complex eigenvalue.
Run-time warning: matrix used in call to nimEigen() has a complex eigenvalue.
Run-time warning: matrix used in call to nimEigen() has a complex eigenvalue.
Run-time warning: matrix used in call to nimEigen() has a complex eigenvalue.
Run-time warning: matrix used in call to nimEigen() has a complex eigenvalue.
Run-time warning: matrix used in call to nimEigen() has a complex eigenvalue.
Run-time warning: matrix used in call to nimEigen() has a complex eigenvalue.
Run-time warning: matrix used in call to nimEigen() has a complex eigenvalue.
Run-time warning: matrix used in call to nimEigen() has a complex eigenvalue.
Run-time warning: matrix used in call to nimEigen() has a complex eigenvalue.
Run-time warning: matrix used in call to nimEigen() has a complex eigenvalue.
Run-time warning: matrix used in call to nimEigen() has a complex eigenvalue.
Run-time warning: matrix used in call to nimEigen() has a complex eigenvalue.
Run-time warning: matrix used in call to nimEigen() has a complex eigenvalue.
Run-time warning: matrix used in call to nimEigen() has a complex eigenvalue.
Run-time warning: matrix used in call to nimEigen() has a complex eigenvalue.
Run-time warning: matrix used in call to nimEigen() has a complex eigenvalue.
Run-time warning: matrix used in call to nimEigen() has a complex eigenvalue.
Run-time warning: matrix used in call to nimEigen() has a complex eigenvalue.
Run-time warning: matrix used in call to nimEigen() has a complex eigenvalue.
Run-time warning: matrix used in call to nimEigen() has a complex eigenvalue.
Run-time warning: matrix used in call to nimEigen() has a complex eigenvalue.
Run-time warning: matrix used in call to nimEigen() has a complex eigenvalue.
Run-time warning: matrix used in call to nimEigen() has a complex eigenvalue.
Run-time warning: matrix used in call to nimEigen() has a complex eigenvalue.
Run-time warning: matrix used in call to nimEigen() has a complex eigenvalue.
Run-time warning: matrix used in call to nimEigen() has a complex eigenvalue.
Run-time warning: matrix used in call to nimEigen() has a complex eigenvalue.
Run-time warning: matrix used in call to nimEigen() has a complex eigenvalue.
Run-time warning: matrix used in call to nimEigen() has a complex eigenvalue.
Run-time warning: matrix used in call to nimEigen() has a complex eigenvalue.
Run-time warning: matrix used in call to nimEigen() has a complex eigenvalue.
Run-time warning: matrix used in call to nimEigen() has a complex eigenvalue.
Run-time warning: matrix used in call to nimEigen() has a complex eigenvalue.
Run-time warning: matrix used in call to nimEigen() has a complex eigenvalue.
Run-time warning: matrix used in call to nimEigen() has a complex eigenvalue.
Run-time warning: matrix used in call to nimEigen() has a complex eigenvalue.
Run-time warning: matrix used in call to nimEigen() has a complex eigenvalue.
Run-time warning: matrix used in call to nimEigen() has a complex eigenvalue.
Run-time warning: matrix used in call to nimEigen() has a complex eigenvalue.
Run-time warning: matrix used in call to nimEigen() has a complex eigenvalue.
Run-time warning: matrix used in call to nimEigen() has a complex eigenvalue.
Run-time warning: matrix used in call to nimEigen() has a complex eigenvalue.
Run-time warning: matrix used in call to nimEigen() has a complex eigenvalue.
Run-time warning: matrix used in call to nimEigen() has a complex eigenvalue.
Run-time warning: matrix used in call to nimEigen() has a complex eigenvalue.
Run-time warning: matrix used in call to nimEigen() has a complex eigenvalue.
Run-time warning: matrix used in call to nimEigen() has a complex eigenvalue.
Run-time warning: matrix used in call to nimEigen() has a complex eigenvalue.
Run-time warning: matrix used in call to nimEigen() has a complex eigenvalue.
Run-time warning: matrix used in call to nimEigen() has a complex eigenvalue.
Run-time warning: matrix used in call to nimEigen() has a complex eigenvalue.
Run-time warning: matrix used in call to nimEigen() has a complex eigenvalue.
Run-time warning: matrix used in call to nimEigen() has a complex eigenvalue.
Run-time warning: matrix used in call to nimEigen() has a complex eigenvalue.
Run-time warning: matrix used in call to nimEigen() has a complex eigenvalue.
Run-time warning: matrix used in call to nimEigen() has a complex eigenvalue.
Run-time warning: matrix used in call to nimEigen() has a complex eigenvalue.
Run-time warning: matrix used in call to nimEigen() has a complex eigenvalue.
Run-time warning: matrix used in call to nimEigen() has a complex eigenvalue.
Run-time warning: matrix used in call to nimEigen() has a complex eigenvalue.
Run-time warning: matrix used in call to nimEigen() has a complex eigenvalue.
Run-time warning: matrix used in call to nimEigen() has a complex eigenvalue.
Run-time warning: matrix used in call to nimEigen() has a complex eigenvalue.
Run-time warning: matrix used in call to nimEigen() has a complex eigenvalue.
Run-time warning: matrix used in call to nimEigen() has a complex eigenvalue.
Run-time warning: matrix used in call to nimEigen() has a complex eigenvalue.
Run-time warning: matrix used in call to nimEigen() has a complex eigenvalue.
Run-time warning: matrix used in call to nimEigen() has a complex eigenvalue.
Run-time warning: matrix used in call to nimEigen() has a complex eigenvalue.
Run-time warning: matrix used in call to nimEigen() has a complex eigenvalue.
Run-time warning: matrix used in call to nimEigen() has a complex eigenvalue.
Run-time warning: matrix used in call to nimEigen() has a complex eigenvalue.
Run-time warning: matrix used in call to nimEigen() has a complex eigenvalue.
Run-time warning: matrix used in call to nimEigen() has a complex eigenvalue.
Run-time warning: matrix used in call to nimEigen() has a complex eigenvalue.
Run-time warning: matrix used in call to nimEigen() has a complex eigenvalue.
Run-time warning: matrix used in call to nimEigen() has a complex eigenvalue.
Run-time warning: matrix used in call to nimEigen() has a complex eigenvalue.
Run-time warning: matrix used in call to nimEigen() has a complex eigenvalue.
Run-time warning: matrix used in call to nimEigen() has a complex eigenvalue.
Run-time warning: matrix used in call to nimEigen() has a complex eigenvalue.
Run-time warning: matrix used in call to nimEigen() has a complex eigenvalue.
Run-time warning: matrix used in call to nimEigen() has a complex eigenvalue.
Run-time warning: matrix used in call to nimEigen() has a complex eigenvalue.
Run-time warning: matrix used in call to nimEigen() has a complex eigenvalue.
Run-time warning: matrix used in call to nimEigen() has a complex eigenvalue.
Run-time warning: matrix used in call to nimEigen() has a complex eigenvalue.
Run-time warning: matrix used in call to nimEigen() has a complex eigenvalue.
Run-time warning: matrix used in call to nimEigen() has a complex eigenvalue.
Run-time warning: matrix used in call to nimEigen() has a complex eigenvalue.
Run-time warning: matrix used in call to nimEigen() has a complex eigenvalue.
Run-time warning: matrix used in call to nimEigen() has a complex eigenvalue.
Run-time warning: matrix used in call to nimEigen() has a complex eigenvalue.
Run-time warning: matrix used in call to nimEigen() has a complex eigenvalue.
Run-time warning: matrix used in call to nimEigen() has a complex eigenvalue.
Run-time warning: matrix used in call to nimEigen() has a complex eigenvalue.
Run-time warning: matrix used in call to nimEigen() has a complex eigenvalue.
Run-time warning: matrix used in call to nimEigen() has a complex eigenvalue.
Run-time warning: matrix used in call to nimEigen() has a complex eigenvalue.
Run-time warning: matrix used in call to nimEigen() has a complex eigenvalue.
Run-time warning: matrix used in call to nimEigen() has a complex eigenvalue.
Run-time warning: matrix used in call to nimEigen() has a complex eigenvalue.
Run-time warning: matrix used in call to nimEigen() has a complex eigenvalue.
Run-time warning: matrix used in call to nimEigen() has a complex eigenvalue.
Run-time warning: matrix used in call to nimEigen() has a complex eigenvalue.
Run-time warning: matrix used in call to nimEigen() has a complex eigenvalue.
Run-time warning: matrix used in call to nimEigen() has a complex eigenvalue.
Run-time warning: matrix used in call to nimEigen() has a complex eigenvalue.
Run-time warning: matrix used in call to nimEigen() has a complex eigenvalue.
Run-time warning: matrix used in call to nimEigen() has a complex eigenvalue.
Run-time warning: matrix used in call to nimEigen() has a complex eigenvalue.
Run-time warning: matrix used in call to nimEigen() has a complex eigenvalue.
===== Monitors =====
thin = 1: log_kappa, rho
===== Samplers =====
slice sampler (225)
  - P[]  (225 elements)
RW sampler (2)
  - rho
  - log_kappa
CAR_proper sampler (1)
  - S[1:225] 
thin = 1: log_kappa, P, rho, S
Run-time warning: matrix used in call to nimEigen() has a complex eigenvalue.
Run-time warning: matrix used in call to nimEigen() has a complex eigenvalue.
Run-time warning: matrix used in call to nimEigen() has a complex eigenvalue.
Run-time warning: matrix used in call to nimEigen() has a complex eigenvalue.
Run-time warning: matrix used in call to nimEigen() has a complex eigenvalue.
Run-time warning: matrix used in call to nimEigen() has a complex eigenvalue.
Run-time warning: matrix used in call to nimEigen() has a complex eigenvalue.
Run-time warning: matrix used in call to nimEigen() has a complex eigenvalue.
Run-time warning: matrix used in call to nimEigen() has a complex eigenvalue.
Run-time warning: matrix used in call to nimEigen() has a complex eigenvalue.
Run-time warning: matrix used in call to nimEigen() has a complex eigenvalue.
Run-time warning: matrix used in call to nimEigen() has a complex eigenvalue.
Run-time warning: matrix used in call to nimEigen() has a complex eigenvalue.
Run-time warning: matrix used in call to nimEigen() has a complex eigenvalue.
Run-time warning: matrix used in call to nimEigen() has a complex eigenvalue.
Run-time warning: matrix used in call to nimEigen() has a complex eigenvalue.
Run-time warning: matrix used in call to nimEigen() has a complex eigenvalue.
Run-time warning: matrix used in call to nimEigen() has a complex eigenvalue.
Run-time warning: matrix used in call to nimEigen() has a complex eigenvalue.
Run-time warning: matrix used in call to nimEigen() has a complex eigenvalue.
Run-time warning: matrix used in call to nimEigen() has a complex eigenvalue.
Run-time warning: matrix used in call to nimEigen() has a complex eigenvalue.
Run-time warning: matrix used in call to nimEigen() has a complex eigenvalue.
Run-time warning: matrix used in call to nimEigen() has a complex eigenvalue.
Run-time warning: matrix used in call to nimEigen() has a complex eigenvalue.
Run-time warning: matrix used in call to nimEigen() has a complex eigenvalue.
Run-time warning: matrix used in call to nimEigen() has a complex eigenvalue.
Run-time warning: matrix used in call to nimEigen() has a complex eigenvalue.
Run-time warning: matrix used in call to nimEigen() has a complex eigenvalue.
Run-time warning: matrix used in call to nimEigen() has a complex eigenvalue.
Run-time warning: matrix used in call to nimEigen() has a complex eigenvalue.
Run-time warning: matrix used in call to nimEigen() has a complex eigenvalue.
Run-time warning: matrix used in call to nimEigen() has a complex eigenvalue.
Run-time warning: matrix used in call to nimEigen() has a complex eigenvalue.
Run-time warning: matrix used in call to nimEigen() has a complex eigenvalue.
Run-time warning: matrix used in call to nimEigen() has a complex eigenvalue.
Run-time warning: matrix used in call to nimEigen() has a complex eigenvalue.
Run-time warning: matrix used in call to nimEigen() has a complex eigenvalue.
Run-time warning: matrix used in call to nimEigen() has a complex eigenvalue.
Run-time warning: matrix used in call to nimEigen() has a complex eigenvalue.
Run-time warning: matrix used in call to nimEigen() has a complex eigenvalue.
Run-time warning: matrix used in call to nimEigen() has a complex eigenvalue.
Run-time warning: matrix used in call to nimEigen() has a complex eigenvalue.
Run-time warning: matrix used in call to nimEigen() has a complex eigenvalue.
Run-time warning: matrix used in call to nimEigen() has a complex eigenvalue.
Run-time warning: matrix used in call to nimEigen() has a complex eigenvalue.
Run-time warning: matrix used in call to nimEigen() has a complex eigenvalue.
Run-time warning: matrix used in call to nimEigen() has a complex eigenvalue.
Run-time warning: matrix used in call to nimEigen() has a complex eigenvalue.
Run-time warning: matrix used in call to nimEigen() has a complex eigenvalue.
Run-time warning: matrix used in call to nimEigen() has a complex eigenvalue.
Run-time warning: matrix used in call to nimEigen() has a complex eigenvalue.
Run-time warning: matrix used in call to nimEigen() has a complex eigenvalue.
Run-time warning: matrix used in call to nimEigen() has a complex eigenvalue.
Run-time warning: matrix used in call to nimEigen() has a complex eigenvalue.
Run-time warning: matrix used in call to nimEigen() has a complex eigenvalue.
Run-time warning: matrix used in call to nimEigen() has a complex eigenvalue.
Run-time warning: matrix used in call to nimEigen() has a complex eigenvalue.
Run-time warning: matrix used in call to nimEigen() has a complex eigenvalue.
Run-time warning: matrix used in call to nimEigen() has a complex eigenvalue.
Run-time warning: matrix used in call to nimEigen() has a complex eigenvalue.
Run-time warning: matrix used in call to nimEigen() has a complex eigenvalue.
Run-time warning: matrix used in call to nimEigen() has a complex eigenvalue.
Run-time warning: matrix used in call to nimEigen() has a complex eigenvalue.
Run-time warning: matrix used in call to nimEigen() has a complex eigenvalue.
Run-time warning: matrix used in call to nimEigen() has a complex eigenvalue.
Run-time warning: matrix used in call to nimEigen() has a complex eigenvalue.
Run-time warning: matrix used in call to nimEigen() has a complex eigenvalue.
Run-time warning: matrix used in call to nimEigen() has a complex eigenvalue.
Run-time warning: matrix used in call to nimEigen() has a complex eigenvalue.
Run-time warning: matrix used in call to nimEigen() has a complex eigenvalue.
Run-time warning: matrix used in call to nimEigen() has a complex eigenvalue.
Run-time warning: matrix used in call to nimEigen() has a complex eigenvalue.
Run-time warning: matrix used in call to nimEigen() has a complex eigenvalue.
Run-time warning: matrix used in call to nimEigen() has a complex eigenvalue.
Run-time warning: matrix used in call to nimEigen() has a complex eigenvalue.
Run-time warning: matrix used in call to nimEigen() has a complex eigenvalue.
Run-time warning: matrix used in call to nimEigen() has a complex eigenvalue.
Run-time warning: matrix used in call to nimEigen() has a complex eigenvalue.
Run-time warning: matrix used in call to nimEigen() has a complex eigenvalue.
Run-time warning: matrix used in call to nimEigen() has a complex eigenvalue.
Run-time warning: matrix used in call to nimEigen() has a complex eigenvalue.
Run-time warning: matrix used in call to nimEigen() has a complex eigenvalue.
Run-time warning: matrix used in call to nimEigen() has a complex eigenvalue.
Run-time warning: matrix used in call to nimEigen() has a complex eigenvalue.
Run-time warning: matrix used in call to nimEigen() has a complex eigenvalue.
Run-time warning: matrix used in call to nimEigen() has a complex eigenvalue.
Run-time warning: matrix used in call to nimEigen() has a complex eigenvalue.
Run-time warning: matrix used in call to nimEigen() has a complex eigenvalue.
Run-time warning: matrix used in call to nimEigen() has a complex eigenvalue.
Run-time warning: matrix used in call to nimEigen() has a complex eigenvalue.
Run-time warning: matrix used in call to nimEigen() has a complex eigenvalue.
Run-time warning: matrix used in call to nimEigen() has a complex eigenvalue.
Run-time warning: matrix used in call to nimEigen() has a complex eigenvalue.
Run-time warning: matrix used in call to nimEigen() has a complex eigenvalue.
Run-time warning: matrix used in call to nimEigen() has a complex eigenvalue.
Run-time warning: matrix used in call to nimEigen() has a complex eigenvalue.
Run-time warning: matrix used in call to nimEigen() has a complex eigenvalue.
Run-time warning: matrix used in call to nimEigen() has a complex eigenvalue.
Run-time warning: matrix used in call to nimEigen() has a complex eigenvalue.
Run-time warning: matrix used in call to nimEigen() has a complex eigenvalue.
Run-time warning: matrix used in call to nimEigen() has a complex eigenvalue.
Run-time warning: matrix used in call to nimEigen() has a complex eigenvalue.
Run-time warning: matrix used in call to nimEigen() has a complex eigenvalue.
Run-time warning: matrix used in call to nimEigen() has a complex eigenvalue.
Run-time warning: matrix used in call to nimEigen() has a complex eigenvalue.
Run-time warning: matrix used in call to nimEigen() has a complex eigenvalue.
Run-time warning: matrix used in call to nimEigen() has a complex eigenvalue.
===== Monitors =====
thin = 1: log_kappa, rho
===== Samplers =====
slice sampler (225)
  - P[]  (225 elements)
RW sampler (2)
  - rho
  - log_kappa
CAR_proper sampler (1)
  - S[1:225] 
Run-time warning: matrix used in call to nimEigen() has a complex eigenvalue.
Run-time warning: matrix used in call to nimEigen() has a complex eigenvalue.
Run-time warning: matrix used in call to nimEigen() has a complex eigenvalue.
Run-time warning: matrix used in call to nimEigen() has a complex eigenvalue.
Run-time warning: matrix used in call to nimEigen() has a complex eigenvalue.
Run-time warning: matrix used in call to nimEigen() has a complex eigenvalue.
Run-time warning: matrix used in call to nimEigen() has a complex eigenvalue.
Run-time warning: matrix used in call to nimEigen() has a complex eigenvalue.
Run-time warning: matrix used in call to nimEigen() has a complex eigenvalue.
Run-time warning: matrix used in call to nimEigen() has a complex eigenvalue.
Run-time warning: matrix used in call to nimEigen() has a complex eigenvalue.
Run-time warning: matrix used in call to nimEigen() has a complex eigenvalue.
thin = 1: log_kappa, P, rho, S
Run-time warning: matrix used in call to nimEigen() has a complex eigenvalue.
Run-time warning: matrix used in call to nimEigen() has a complex eigenvalue.
Run-time warning: matrix used in call to nimEigen() has a complex eigenvalue.
Run-time warning: matrix used in call to nimEigen() has a complex eigenvalue.
Run-time warning: matrix used in call to nimEigen() has a complex eigenvalue.
Run-time warning: matrix used in call to nimEigen() has a complex eigenvalue.
Run-time warning: matrix used in call to nimEigen() has a complex eigenvalue.
Run-time warning: matrix used in call to nimEigen() has a complex eigenvalue.
Run-time warning: matrix used in call to nimEigen() has a complex eigenvalue.
Run-time warning: matrix used in call to nimEigen() has a complex eigenvalue.
Run-time warning: matrix used in call to nimEigen() has a complex eigenvalue.
Run-time warning: matrix used in call to nimEigen() has a complex eigenvalue.
Run-time warning: matrix used in call to nimEigen() has a complex eigenvalue.
Run-time warning: matrix used in call to nimEigen() has a complex eigenvalue.
Run-time warning: matrix used in call to nimEigen() has a complex eigenvalue.
Run-time warning: matrix used in call to nimEigen() has a complex eigenvalue.
Run-time warning: matrix used in call to nimEigen() has a complex eigenvalue.
Run-time warning: matrix used in call to nimEigen() has a complex eigenvalue.
Run-time warning: matrix used in call to nimEigen() has a complex eigenvalue.
Run-time warning: matrix used in call to nimEigen() has a complex eigenvalue.
Run-time warning: matrix used in call to nimEigen() has a complex eigenvalue.
Run-time warning: matrix used in call to nimEigen() has a complex eigenvalue.
Run-time warning: matrix used in call to nimEigen() has a complex eigenvalue.
Run-time warning: matrix used in call to nimEigen() has a complex eigenvalue.
Run-time warning: matrix used in call to nimEigen() has a complex eigenvalue.
Run-time warning: matrix used in call to nimEigen() has a complex eigenvalue.
Run-time warning: matrix used in call to nimEigen() has a complex eigenvalue.
Run-time warning: matrix used in call to nimEigen() has a complex eigenvalue.
Run-time warning: matrix used in call to nimEigen() has a complex eigenvalue.
Run-time warning: matrix used in call to nimEigen() has a complex eigenvalue.
Run-time warning: matrix used in call to nimEigen() has a complex eigenvalue.
Run-time warning: matrix used in call to nimEigen() has a complex eigenvalue.
Run-time warning: matrix used in call to nimEigen() has a complex eigenvalue.
Run-time warning: matrix used in call to nimEigen() has a complex eigenvalue.
Run-time warning: matrix used in call to nimEigen() has a complex eigenvalue.
Run-time warning: matrix used in call to nimEigen() has a complex eigenvalue.
===== Monitors =====
thin = 1: log_kappa, rho
===== Samplers =====
slice sampler (225)
  - P[]  (225 elements)
RW sampler (2)
  - rho
  - log_kappa
CAR_proper sampler (1)
  - S[1:225] 
thin = 1: log_kappa, P, rho, S
===== Monitors =====
thin = 1: log_kappa, rho
===== Samplers =====
===== Monitors =====
thin = 1: log_kappa, rho
===== Samplers =====
slice sampler (225)
  - P[]  (225 elements)
RW sampler (2)
  - rho
  - log_kappa
CAR_proper sampler (1)
  - S[1:225] 
Run-time warning: matrix used in call to nimEigen() has a complex eigenvalue.
Run-time warning: matrix used in call to nimEigen() has a complex eigenvalue.
Run-time warning: matrix used in call to nimEigen() has a complex eigenvalue.
Run-time warning: matrix used in call to nimEigen() has a complex eigenvalue.
Run-time warning: matrix used in call to nimEigen() has a complex eigenvalue.
Run-time warning: matrix used in call to nimEigen() has a complex eigenvalue.
Run-time warning: matrix used in call to nimEigen() has a complex eigenvalue.
Run-time warning: matrix used in call to nimEigen() has a complex eigenvalue.
Run-time warning: matrix used in call to nimEigen() has a complex eigenvalue.
Run-time warning: matrix used in call to nimEigen() has a complex eigenvalue.
Run-time warning: matrix used in call to nimEigen() has a complex eigenvalue.
Run-time warning: matrix used in call to nimEigen() has a complex eigenvalue.
slice sampler (225)
  - P[]  (225 elements)
RW sampler (2)
  - rho
  - log_kappa
CAR_proper sampler (1)
  - S[1:225] 
thin = 1: log_kappa, P, rho, S
Run-time warning: matrix used in call to nimEigen() has a complex eigenvalue.
Run-time warning: matrix used in call to nimEigen() has a complex eigenvalue.
Run-time warning: matrix used in call to nimEigen() has a complex eigenvalue.
Run-time warning: matrix used in call to nimEigen() has a complex eigenvalue.
Run-time warning: matrix used in call to nimEigen() has a complex eigenvalue.
Run-time warning: matrix used in call to nimEigen() has a complex eigenvalue.
Run-time warning: matrix used in call to nimEigen() has a complex eigenvalue.
Run-time warning: matrix used in call to nimEigen() has a complex eigenvalue.
Run-time warning: matrix used in call to nimEigen() has a complex eigenvalue.
Run-time warning: matrix used in call to nimEigen() has a complex eigenvalue.
Run-time warning: matrix used in call to nimEigen() has a complex eigenvalue.
Run-time warning: matrix used in call to nimEigen() has a complex eigenvalue.
thin = 1: log_kappa, P, rho, S
Run-time warning: matrix used in call to nimEigen() has a complex eigenvalue.
Run-time warning: matrix used in call to nimEigen() has a complex eigenvalue.
Run-time warning: matrix used in call to nimEigen() has a complex eigenvalue.
Run-time warning: matrix used in call to nimEigen() has a complex eigenvalue.
Run-time warning: matrix used in call to nimEigen() has a complex eigenvalue.
Run-time warning: matrix used in call to nimEigen() has a complex eigenvalue.
Run-time warning: matrix used in call to nimEigen() has a complex eigenvalue.
Run-time warning: matrix used in call to nimEigen() has a complex eigenvalue.
Run-time warning: matrix used in call to nimEigen() has a complex eigenvalue.
Run-time warning: matrix used in call to nimEigen() has a complex eigenvalue.
Run-time warning: matrix used in call to nimEigen() has a complex eigenvalue.
Run-time warning: matrix used in call to nimEigen() has a complex eigenvalue.
Run-time warning: matrix used in call to nimEigen() has a complex eigenvalue.
Run-time warning: matrix used in call to nimEigen() has a complex eigenvalue.
Run-time warning: matrix used in call to nimEigen() has a complex eigenvalue.
Run-time warning: matrix used in call to nimEigen() has a complex eigenvalue.
Run-time warning: matrix used in call to nimEigen() has a complex eigenvalue.
Run-time warning: matrix used in call to nimEigen() has a complex eigenvalue.
Run-time warning: matrix used in call to nimEigen() has a complex eigenvalue.
Run-time warning: matrix used in call to nimEigen() has a complex eigenvalue.
Run-time warning: matrix used in call to nimEigen() has a complex eigenvalue.
Run-time warning: matrix used in call to nimEigen() has a complex eigenvalue.
Run-time warning: matrix used in call to nimEigen() has a complex eigenvalue.
Run-time warning: matrix used in call to nimEigen() has a complex eigenvalue.
===== Monitors =====
thin = 1: log_kappa, rho
===== Samplers =====
slice sampler (225)
  - P[]  (225 elements)
RW sampler (2)
  - rho
  - log_kappa
CAR_proper sampler (1)
  - S[1:225] 
thin = 1: log_kappa, P, rho, S
===== Monitors =====
thin = 1: log_kappa, rho
===== Samplers =====
slice sampler (225)
  - P[]  (225 elements)
RW sampler (2)
  - rho
  - log_kappa
CAR_proper sampler (1)
  - S[1:225] 
Run-time warning: matrix used in call to nimEigen() has a complex eigenvalue.
Run-time warning: matrix used in call to nimEigen() has a complex eigenvalue.
Run-time warning: matrix used in call to nimEigen() has a complex eigenvalue.
Run-time warning: matrix used in call to nimEigen() has a complex eigenvalue.
Run-time warning: matrix used in call to nimEigen() has a complex eigenvalue.
Run-time warning: matrix used in call to nimEigen() has a complex eigenvalue.
Run-time warning: matrix used in call to nimEigen() has a complex eigenvalue.
Run-time warning: matrix used in call to nimEigen() has a complex eigenvalue.
Run-time warning: matrix used in call to nimEigen() has a complex eigenvalue.
Run-time warning: matrix used in call to nimEigen() has a complex eigenvalue.
Run-time warning: matrix used in call to nimEigen() has a complex eigenvalue.
Run-time warning: matrix used in call to nimEigen() has a complex eigenvalue.
Run-time warning: matrix used in call to nimEigen() has a complex eigenvalue.
Run-time warning: matrix used in call to nimEigen() has a complex eigenvalue.
Run-time warning: matrix used in call to nimEigen() has a complex eigenvalue.
Run-time warning: matrix used in call to nimEigen() has a complex eigenvalue.
Run-time warning: matrix used in call to nimEigen() has a complex eigenvalue.
Run-time warning: matrix used in call to nimEigen() has a complex eigenvalue.
Run-time warning: matrix used in call to nimEigen() has a complex eigenvalue.
Run-time warning: matrix used in call to nimEigen() has a complex eigenvalue.
Run-time warning: matrix used in call to nimEigen() has a complex eigenvalue.
Run-time warning: matrix used in call to nimEigen() has a complex eigenvalue.
Run-time warning: matrix used in call to nimEigen() has a complex eigenvalue.
Run-time warning: matrix used in call to nimEigen() has a complex eigenvalue.
thin = 1: log_kappa, P, rho, S
===== Monitors =====
thin = 1: log_kappa, rho
===== Samplers =====
slice sampler (225)
  - P[]  (225 elements)
RW sampler (2)
  - rho
  - log_kappa
CAR_proper sampler (1)
  - S[1:225] 
Run-time warning: matrix used in call to nimEigen() has a complex eigenvalue.
Run-time warning: matrix used in call to nimEigen() has a complex eigenvalue.
Run-time warning: matrix used in call to nimEigen() has a complex eigenvalue.
Run-time warning: matrix used in call to nimEigen() has a complex eigenvalue.
Run-time warning: matrix used in call to nimEigen() has a complex eigenvalue.
Run-time warning: matrix used in call to nimEigen() has a complex eigenvalue.
Run-time warning: matrix used in call to nimEigen() has a complex eigenvalue.
Run-time warning: matrix used in call to nimEigen() has a complex eigenvalue.
Run-time warning: matrix used in call to nimEigen() has a complex eigenvalue.
Run-time warning: matrix used in call to nimEigen() has a complex eigenvalue.
Run-time warning: matrix used in call to nimEigen() has a complex eigenvalue.
Run-time warning: matrix used in call to nimEigen() has a complex eigenvalue.
thin = 1: log_kappa, P, rho, S
===== Monitors =====
thin = 1: log_kappa, rho
===== Samplers =====
slice sampler (225)
  - P[]  (225 elements)
RW sampler (2)
  - rho
  - log_kappa
CAR_proper sampler (1)
  - S[1:225] 
===== Monitors =====
thin = 1: log_kappa, rho
===== Samplers =====
slice sampler (225)
  - P[]  (225 elements)
RW sampler (2)
  - rho
  - log_kappa
CAR_proper sampler (1)
  - S[1:225] 
Run-time warning: matrix used in call to nimEigen() has a complex eigenvalue.
Run-time warning: matrix used in call to nimEigen() has a complex eigenvalue.
Run-time warning: matrix used in call to nimEigen() has a complex eigenvalue.
Run-time warning: matrix used in call to nimEigen() has a complex eigenvalue.
Run-time warning: matrix used in call to nimEigen() has a complex eigenvalue.
Run-time warning: matrix used in call to nimEigen() has a complex eigenvalue.
Run-time warning: matrix used in call to nimEigen() has a complex eigenvalue.
Run-time warning: matrix used in call to nimEigen() has a complex eigenvalue.
Run-time warning: matrix used in call to nimEigen() has a complex eigenvalue.
Run-time warning: matrix used in call to nimEigen() has a complex eigenvalue.
Run-time warning: matrix used in call to nimEigen() has a complex eigenvalue.
Run-time warning: matrix used in call to nimEigen() has a complex eigenvalue.
thin = 1: log_kappa, P, rho, S
thin = 1: log_kappa, P, rho, S
Run-time warning: matrix used in call to nimEigen() has a complex eigenvalue.
Run-time warning: matrix used in call to nimEigen() has a complex eigenvalue.
Run-time warning: matrix used in call to nimEigen() has a complex eigenvalue.
Run-time warning: matrix used in call to nimEigen() has a complex eigenvalue.
Run-time warning: matrix used in call to nimEigen() has a complex eigenvalue.
Run-time warning: matrix used in call to nimEigen() has a complex eigenvalue.
Run-time warning: matrix used in call to nimEigen() has a complex eigenvalue.
Run-time warning: matrix used in call to nimEigen() has a complex eigenvalue.
Run-time warning: matrix used in call to nimEigen() has a complex eigenvalue.
Run-time warning: matrix used in call to nimEigen() has a complex eigenvalue.
Run-time warning: matrix used in call to nimEigen() has a complex eigenvalue.
Run-time warning: matrix used in call to nimEigen() has a complex eigenvalue.
Run-time warning: matrix used in call to nimEigen() has a complex eigenvalue.
Run-time warning: matrix used in call to nimEigen() has a complex eigenvalue.
Run-time warning: matrix used in call to nimEigen() has a complex eigenvalue.
Run-time warning: matrix used in call to nimEigen() has a complex eigenvalue.
Run-time warning: matrix used in call to nimEigen() has a complex eigenvalue.
Run-time warning: matrix used in call to nimEigen() has a complex eigenvalue.
Run-time warning: matrix used in call to nimEigen() has a complex eigenvalue.
Run-time warning: matrix used in call to nimEigen() has a complex eigenvalue.
Run-time warning: matrix used in call to nimEigen() has a complex eigenvalue.
Run-time warning: matrix used in call to nimEigen() has a complex eigenvalue.
Run-time warning: matrix used in call to nimEigen() has a complex eigenvalue.
Run-time warning: matrix used in call to nimEigen() has a complex eigenvalue.
===== Monitors =====
thin = 1: log_kappa, rho
===== Samplers =====
===== Monitors =====
thin = 1: log_kappa, rho
===== Samplers =====
slice sampler (225)
  - P[]  (225 elements)
RW sampler (2)
  - rho
  - log_kappa
CAR_proper sampler (1)
  - S[1:225] 
slice sampler (225)
  - P[]  (225 elements)
RW sampler (2)
  - rho
  - log_kappa
CAR_proper sampler (1)
  - S[1:225] 
Run-time warning: matrix used in call to nimEigen() has a complex eigenvalue.
Run-time warning: matrix used in call to nimEigen() has a complex eigenvalue.
Run-time warning: matrix used in call to nimEigen() has a complex eigenvalue.
Run-time warning: matrix used in call to nimEigen() has a complex eigenvalue.
Run-time warning: matrix used in call to nimEigen() has a complex eigenvalue.
Run-time warning: matrix used in call to nimEigen() has a complex eigenvalue.
Run-time warning: matrix used in call to nimEigen() has a complex eigenvalue.
Run-time warning: matrix used in call to nimEigen() has a complex eigenvalue.
Run-time warning: matrix used in call to nimEigen() has a complex eigenvalue.
Run-time warning: matrix used in call to nimEigen() has a complex eigenvalue.
Run-time warning: matrix used in call to nimEigen() has a complex eigenvalue.
Run-time warning: matrix used in call to nimEigen() has a complex eigenvalue.
thin = 1: log_kappa, P, rho, S
thin = 1: log_kappa, P, rho, S
Run-time warning: matrix used in call to nimEigen() has a complex eigenvalue.
Run-time warning: matrix used in call to nimEigen() has a complex eigenvalue.
Run-time warning: matrix used in call to nimEigen() has a complex eigenvalue.
Run-time warning: matrix used in call to nimEigen() has a complex eigenvalue.
Run-time warning: matrix used in call to nimEigen() has a complex eigenvalue.
Run-time warning: matrix used in call to nimEigen() has a complex eigenvalue.
Run-time warning: matrix used in call to nimEigen() has a complex eigenvalue.
Run-time warning: matrix used in call to nimEigen() has a complex eigenvalue.
Run-time warning: matrix used in call to nimEigen() has a complex eigenvalue.
Run-time warning: matrix used in call to nimEigen() has a complex eigenvalue.
Run-time warning: matrix used in call to nimEigen() has a complex eigenvalue.
Run-time warning: matrix used in call to nimEigen() has a complex eigenvalue.
Run-time warning: matrix used in call to nimEigen() has a complex eigenvalue.
Run-time warning: matrix used in call to nimEigen() has a complex eigenvalue.
Run-time warning: matrix used in call to nimEigen() has a complex eigenvalue.
Run-time warning: matrix used in call to nimEigen() has a complex eigenvalue.
Run-time warning: matrix used in call to nimEigen() has a complex eigenvalue.
Run-time warning: matrix used in call to nimEigen() has a complex eigenvalue.
Run-time warning: matrix used in call to nimEigen() has a complex eigenvalue.
Run-time warning: matrix used in call to nimEigen() has a complex eigenvalue.
Run-time warning: matrix used in call to nimEigen() has a complex eigenvalue.
Run-time warning: matrix used in call to nimEigen() has a complex eigenvalue.
Run-time warning: matrix used in call to nimEigen() has a complex eigenvalue.
Run-time warning: matrix used in call to nimEigen() has a complex eigenvalue.
Run-time warning: matrix used in call to nimEigen() has a complex eigenvalue.
Run-time warning: matrix used in call to nimEigen() has a complex eigenvalue.
Run-time warning: matrix used in call to nimEigen() has a complex eigenvalue.
Run-time warning: matrix used in call to nimEigen() has a complex eigenvalue.
Run-time warning: matrix used in call to nimEigen() has a complex eigenvalue.
Run-time warning: matrix used in call to nimEigen() has a complex eigenvalue.
Run-time warning: matrix used in call to nimEigen() has a complex eigenvalue.
Run-time warning: matrix used in call to nimEigen() has a complex eigenvalue.
Run-time warning: matrix used in call to nimEigen() has a complex eigenvalue.
Run-time warning: matrix used in call to nimEigen() has a complex eigenvalue.
Run-time warning: matrix used in call to nimEigen() has a complex eigenvalue.
Run-time warning: matrix used in call to nimEigen() has a complex eigenvalue.
Run-time warning: matrix used in call to nimEigen() has a complex eigenvalue.
Run-time warning: matrix used in call to nimEigen() has a complex eigenvalue.
Run-time warning: matrix used in call to nimEigen() has a complex eigenvalue.
Run-time warning: matrix used in call to nimEigen() has a complex eigenvalue.
Run-time warning: matrix used in call to nimEigen() has a complex eigenvalue.
Run-time warning: matrix used in call to nimEigen() has a complex eigenvalue.
Run-time warning: matrix used in call to nimEigen() has a complex eigenvalue.
Run-time warning: matrix used in call to nimEigen() has a complex eigenvalue.
Run-time warning: matrix used in call to nimEigen() has a complex eigenvalue.
Run-time warning: matrix used in call to nimEigen() has a complex eigenvalue.
Run-time warning: matrix used in call to nimEigen() has a complex eigenvalue.
Run-time warning: matrix used in call to nimEigen() has a complex eigenvalue.
Run-time warning: matrix used in call to nimEigen() has a complex eigenvalue.
Run-time warning: matrix used in call to nimEigen() has a complex eigenvalue.
Run-time warning: matrix used in call to nimEigen() has a complex eigenvalue.
Run-time warning: matrix used in call to nimEigen() has a complex eigenvalue.
Run-time warning: matrix used in call to nimEigen() has a complex eigenvalue.
Run-time warning: matrix used in call to nimEigen() has a complex eigenvalue.
Run-time warning: matrix used in call to nimEigen() has a complex eigenvalue.
Run-time warning: matrix used in call to nimEigen() has a complex eigenvalue.
Run-time warning: matrix used in call to nimEigen() has a complex eigenvalue.
Run-time warning: matrix used in call to nimEigen() has a complex eigenvalue.
Run-time warning: matrix used in call to nimEigen() has a complex eigenvalue.
Run-time warning: matrix used in call to nimEigen() has a complex eigenvalue.
Run-time warning: matrix used in call to nimEigen() has a complex eigenvalue.
Run-time warning: matrix used in call to nimEigen() has a complex eigenvalue.
Run-time warning: matrix used in call to nimEigen() has a complex eigenvalue.
Run-time warning: matrix used in call to nimEigen() has a complex eigenvalue.
Run-time warning: matrix used in call to nimEigen() has a complex eigenvalue.
Run-time warning: matrix used in call to nimEigen() has a complex eigenvalue.
Run-time warning: matrix used in call to nimEigen() has a complex eigenvalue.
Run-time warning: matrix used in call to nimEigen() has a complex eigenvalue.
Run-time warning: matrix used in call to nimEigen() has a complex eigenvalue.
Run-time warning: matrix used in call to nimEigen() has a complex eigenvalue.
Run-time warning: matrix used in call to nimEigen() has a complex eigenvalue.
Run-time warning: matrix used in call to nimEigen() has a complex eigenvalue.
Run-time warning: matrix used in call to nimEigen() has a complex eigenvalue.
Run-time warning: matrix used in call to nimEigen() has a complex eigenvalue.
Run-time warning: matrix used in call to nimEigen() has a complex eigenvalue.
Run-time warning: matrix used in call to nimEigen() has a complex eigenvalue.
Run-time warning: matrix used in call to nimEigen() has a complex eigenvalue.
Run-time warning: matrix used in call to nimEigen() has a complex eigenvalue.
Run-time warning: matrix used in call to nimEigen() has a complex eigenvalue.
Run-time warning: matrix used in call to nimEigen() has a complex eigenvalue.
Run-time warning: matrix used in call to nimEigen() has a complex eigenvalue.
Run-time warning: matrix used in call to nimEigen() has a complex eigenvalue.
Run-time warning: matrix used in call to nimEigen() has a complex eigenvalue.
Run-time warning: matrix used in call to nimEigen() has a complex eigenvalue.
Run-time warning: matrix used in call to nimEigen() has a complex eigenvalue.
Run-time warning: matrix used in call to nimEigen() has a complex eigenvalue.
Run-time warning: matrix used in call to nimEigen() has a complex eigenvalue.
Run-time warning: matrix used in call to nimEigen() has a complex eigenvalue.
Run-time warning: matrix used in call to nimEigen() has a complex eigenvalue.
Run-time warning: matrix used in call to nimEigen() has a complex eigenvalue.
Run-time warning: matrix used in call to nimEigen() has a complex eigenvalue.
Run-time warning: matrix used in call to nimEigen() has a complex eigenvalue.
Run-time warning: matrix used in call to nimEigen() has a complex eigenvalue.
Run-time warning: matrix used in call to nimEigen() has a complex eigenvalue.
Run-time warning: matrix used in call to nimEigen() has a complex eigenvalue.
Run-time warning: matrix used in call to nimEigen() has a complex eigenvalue.
Run-time warning: matrix used in call to nimEigen() has a complex eigenvalue.
Run-time warning: matrix used in call to nimEigen() has a complex eigenvalue.
Run-time warning: matrix used in call to nimEigen() has a complex eigenvalue.
Run-time warning: matrix used in call to nimEigen() has a complex eigenvalue.
Run-time warning: matrix used in call to nimEigen() has a complex eigenvalue.
Run-time warning: matrix used in call to nimEigen() has a complex eigenvalue.
Run-time warning: matrix used in call to nimEigen() has a complex eigenvalue.
Run-time warning: matrix used in call to nimEigen() has a complex eigenvalue.
Run-time warning: matrix used in call to nimEigen() has a complex eigenvalue.
Run-time warning: matrix used in call to nimEigen() has a complex eigenvalue.
Run-time warning: matrix used in call to nimEigen() has a complex eigenvalue.
Run-time warning: matrix used in call to nimEigen() has a complex eigenvalue.
Run-time warning: matrix used in call to nimEigen() has a complex eigenvalue.
Run-time warning: matrix used in call to nimEigen() has a complex eigenvalue.
Run-time warning: matrix used in call to nimEigen() has a complex eigenvalue.
Run-time warning: matrix used in call to nimEigen() has a complex eigenvalue.
Run-time warning: matrix used in call to nimEigen() has a complex eigenvalue.
Run-time warning: matrix used in call to nimEigen() has a complex eigenvalue.
Run-time warning: matrix used in call to nimEigen() has a complex eigenvalue.
Run-time warning: matrix used in call to nimEigen() has a complex eigenvalue.
Run-time warning: matrix used in call to nimEigen() has a complex eigenvalue.
Run-time warning: matrix used in call to nimEigen() has a complex eigenvalue.
Run-time warning: matrix used in call to nimEigen() has a complex eigenvalue.
Run-time warning: matrix used in call to nimEigen() has a complex eigenvalue.
Run-time warning: matrix used in call to nimEigen() has a complex eigenvalue.
Run-time warning: matrix used in call to nimEigen() has a complex eigenvalue.
Run-time warning: matrix used in call to nimEigen() has a complex eigenvalue.
Run-time warning: matrix used in call to nimEigen() has a complex eigenvalue.
Run-time warning: matrix used in call to nimEigen() has a complex eigenvalue.
Run-time warning: matrix used in call to nimEigen() has a complex eigenvalue.
Run-time warning: matrix used in call to nimEigen() has a complex eigenvalue.
Run-time warning: matrix used in call to nimEigen() has a complex eigenvalue.
Run-time warning: matrix used in call to nimEigen() has a complex eigenvalue.
Run-time warning: matrix used in call to nimEigen() has a complex eigenvalue.
Run-time warning: matrix used in call to nimEigen() has a complex eigenvalue.
Run-time warning: matrix used in call to nimEigen() has a complex eigenvalue.
Run-time warning: matrix used in call to nimEigen() has a complex eigenvalue.
Run-time warning: matrix used in call to nimEigen() has a complex eigenvalue.
Run-time warning: matrix used in call to nimEigen() has a complex eigenvalue.
Run-time warning: matrix used in call to nimEigen() has a complex eigenvalue.
Run-time warning: matrix used in call to nimEigen() has a complex eigenvalue.
Run-time warning: matrix used in call to nimEigen() has a complex eigenvalue.
Run-time warning: matrix used in call to nimEigen() has a complex eigenvalue.
Run-time warning: matrix used in call to nimEigen() has a complex eigenvalue.
Run-time warning: matrix used in call to nimEigen() has a complex eigenvalue.
Run-time warning: matrix used in call to nimEigen() has a complex eigenvalue.
Run-time warning: matrix used in call to nimEigen() has a complex eigenvalue.
Run-time warning: matrix used in call to nimEigen() has a complex eigenvalue.
===== Monitors =====
thin = 1: log_kappa, rho
===== Samplers =====
slice sampler (225)
  - P[]  (225 elements)
RW sampler (2)
  - rho
  - log_kappa
CAR_proper sampler (1)
  - S[1:225] 
===== Monitors =====
thin = 1: log_kappa, rho
===== Samplers =====
slice sampler (225)
  - P[]  (225 elements)
RW sampler (2)
  - rho
  - log_kappa
CAR_proper sampler (1)
  - S[1:225] 
thin = 1: log_kappa, P, rho, S
===== Monitors =====
thin = 1: log_kappa, rho
===== Samplers =====
slice sampler (225)
  - P[]  (225 elements)
RW sampler (2)
  - rho
  - log_kappa
CAR_proper sampler (1)
  - S[1:225] 
thin = 1: log_kappa, P, rho, S
thin = 1: log_kappa, P, rho, S
===== Monitors =====
thin = 1: log_kappa, rho
===== Samplers =====
===== Monitors =====
thin = 1: log_kappa, rho
===== Samplers =====
slice sampler (225)
  - P[]  (225 elements)
RW sampler (2)
  - rho
  - log_kappa
CAR_proper sampler (1)
  - S[1:225] 
slice sampler (225)
  - P[]  (225 elements)
RW sampler (2)
  - rho
  - log_kappa
CAR_proper sampler (1)
  - S[1:225] 
thin = 1: log_kappa, P, rho, S
thin = 1: log_kappa, P, rho, S
===== Monitors =====
thin = 1: log_kappa, rho
===== Samplers =====
slice sampler (225)
  - P[]  (225 elements)
RW sampler (2)
  - rho
  - log_kappa
CAR_proper sampler (1)
  - S[1:225] 
===== Monitors =====
thin = 1: log_kappa, rho
===== Samplers =====
slice sampler (225)
  - P[]  (225 elements)
RW sampler (2)
  - rho
  - log_kappa
CAR_proper sampler (1)
  - S[1:225] 
===== Monitors =====
thin = 1: log_kappa, rho
===== Samplers =====
thin = 1: log_kappa, P, rho, S
slice sampler (225)
  - P[]  (225 elements)
RW sampler (2)
  - rho
  - log_kappa
CAR_proper sampler (1)
  - S[1:225] 
===== Monitors =====
thin = 1: log_kappa, rho
===== Samplers =====
slice sampler (225)
  - P[]  (225 elements)
RW sampler (2)
  - rho
  - log_kappa
CAR_proper sampler (1)
  - S[1:225] 
===== Monitors =====
thin = 1: log_kappa, rho
===== Samplers =====
thin = 1: log_kappa, P, rho, S
slice sampler (225)
  - P[]  (225 elements)
RW sampler (2)
  - rho
  - log_kappa
CAR_proper sampler (1)
  - S[1:225] 
thin = 1: log_kappa, P, rho, S
===== Monitors =====
thin = 1: log_kappa, rho
===== Samplers =====
===== Monitors =====
thin = 1: log_kappa, rho
===== Samplers =====
slice sampler (225)
  - P[]  (225 elements)
RW sampler (2)
  - rho
  - log_kappa
CAR_proper sampler (1)
  - S[1:225] 
thin = 1: log_kappa, P, rho, S
slice sampler (225)
  - P[]  (225 elements)
RW sampler (2)
  - rho
  - log_kappa
CAR_proper sampler (1)
===== Monitors =====
  - S[1:225] 
thin = 1: log_kappa, rho
===== Samplers =====
thin = 1: log_kappa, P, rho, S
slice sampler (225)
  - P[]  (225 elements)
RW sampler (2)
  - rho
  - log_kappa
CAR_proper sampler (1)
  - S[1:225] 
thin = 1: log_kappa, P, rho, S
thin = 1: log_kappa, P, rho, S
thin = 1: log_kappa, P, rho, S
===== Monitors =====
thin = 1: log_kappa, rho
===== Samplers =====
slice sampler (225)
===== Monitors =====
thin = 1: log_kappa, rho
===== Samplers =====
  - P[]  (225 elements)
RW sampler (2)
  - rho
  - log_kappa
CAR_proper sampler (1)
  - S[1:225] 
===== Monitors =====
thin = 1: log_kappa, rho
===== Samplers =====
slice sampler (225)
  - P[]  (225 elements)
RW sampler (2)
  - rho
  - log_kappa
CAR_proper sampler (1)
  - S[1:225] 
slice sampler (225)
  - P[]  (225 elements)
RW sampler (2)
  - rho
  - log_kappa
CAR_proper sampler (1)
  - S[1:225] 
thin = 1: log_kappa, P, rho, S
===== Monitors =====
thin = 1: log_kappa, rho
===== Samplers =====
slice sampler (225)
  - P[]  (225 elements)
RW sampler (2)
  - rho
  - log_kappa
CAR_proper sampler (1)
  - S[1:225] 
thin = 1: log_kappa, P, rho, S
thin = 1: log_kappa, P, rho, S
===== Monitors =====
thin = 1: log_kappa, rho
===== Samplers =====
slice sampler (225)
  - P[]  (225 elements)
RW sampler (2)
  - rho
  - log_kappa
CAR_proper sampler (1)
  - S[1:225] 
thin = 1: log_kappa, P, rho, S
thin = 1: log_kappa, P, rho, S
===== Monitors =====
thin = 1: log_kappa, rho
===== Samplers =====
===== Monitors =====
thin = 1: log_kappa, rho
===== Samplers =====
slice sampler (225)
  - P[]  (225 elements)
RW sampler (2)
  - rho
  - log_kappa
CAR_proper sampler (1)
  - S[1:225] 
slice sampler (225)
  - P[]  (225 elements)
RW sampler (2)
  - rho
  - log_kappa
CAR_proper sampler (1)
  - S[1:225] 
thin = 1: log_kappa, P, rho, S
thin = 1: log_kappa, P, rho, S
===== Monitors =====
thin = 1: log_kappa, rho
===== Samplers =====
slice sampler (225)
  - P[]  (225 elements)
RW sampler (2)
  - rho
  - log_kappa
CAR_proper sampler (1)
  - S[1:225] 
thin = 1: log_kappa, P, rho, S
===== Monitors =====
thin = 1: log_kappa, rho
===== Samplers =====
slice sampler (225)
  - P[]  (225 elements)
RW sampler (2)
  - rho
  - log_kappa
CAR_proper sampler (1)
  - S[1:225] 
===== Monitors =====
thin = 1: log_kappa, rho
===== Samplers =====
slice sampler (225)
  - P[]  (225 elements)
RW sampler (2)
  - rho
  - log_kappa
CAR_proper sampler (1)
  - S[1:225] 
===== Monitors =====
thin = 1: log_kappa, rho
===== Samplers =====
thin = 1: log_kappa, P, rho, S
slice sampler (225)
  - P[]  (225 elements)
RW sampler (2)
  - rho
  - log_kappa
CAR_proper sampler (1)
  - S[1:225] 
thin = 1: log_kappa, P, rho, S
thin = 1: log_kappa, P, rho, S
===== Monitors =====
thin = 1: log_kappa, rho
===== Samplers =====
slice sampler (225)
  - P[]  (225 elements)
RW sampler (2)
  - rho
  - log_kappa
CAR_proper sampler (1)
  - S[1:225] 
===== Monitors =====
thin = 1: log_kappa, rho
===== Samplers =====
thin = 1: log_kappa, P, rho, S
slice sampler (225)
  - P[]  (225 elements)
RW sampler (2)
  - rho
  - log_kappa
CAR_proper sampler (1)
  - S[1:225] 
===== Monitors =====
thin = 1: log_kappa, rho
===== Samplers =====
slice sampler (225)
  - P[]  (225 elements)
RW sampler (2)
  - rho
  - log_kappa
CAR_proper sampler (1)
  - S[1:225] 
thin = 1: log_kappa, P, rho, S
thin = 1: log_kappa, P, rho, S
===== Monitors =====
thin = 1: log_kappa, rho
===== Samplers =====
===== Monitors =====
thin = 1: log_kappa, rho
===== Samplers =====
slice sampler (225)
  - P[]  (225 elements)
RW sampler (2)
  - rho
  - log_kappa
CAR_proper sampler (1)
  - S[1:225] 
slice sampler (225)
  - P[]  (225 elements)
RW sampler (2)
  - rho
  - log_kappa
CAR_proper sampler (1)
  - S[1:225] 
thin = 1: log_kappa, P, rho, S
thin = 1: log_kappa, P, rho, S
===== Monitors =====
thin = 1: log_kappa, rho
===== Samplers =====
slice sampler (225)
  - P[]  (225 elements)
RW sampler (2)
  - rho
  - log_kappa
CAR_proper sampler (1)
  - S[1:225] 
===== Monitors =====
thin = 1: log_kappa, rho
===== Samplers =====
slice sampler (225)
  - P[]  (225 elements)
RW sampler (2)
  - rho
  - log_kappa
CAR_proper sampler (1)
  - S[1:225] 
===== Monitors =====
thin = 1: log_kappa, rho
===== Samplers =====
===== Monitors =====
thin = 1: log_kappa, rho
===== Samplers =====
slice sampler (225)
  - P[]  (225 elements)
RW sampler (2)
  - rho
  - log_kappa
CAR_proper sampler (1)
  - S[1:225] 
slice sampler (225)
  - P[]  (225 elements)
RW sampler (2)
  - rho
  - log_kappa
CAR_proper sampler (1)
  - S[1:225] 
thin = 1: log_kappa, P, rho, S
thin = 1: log_kappa, P, rho, S
===== Monitors =====
thin = 1: log_kappa, rho
===== Samplers =====
thin = 1: log_kappa, P, rho, S
slice sampler (225)
  - P[]  (225 elements)
RW sampler (2)
  - rho
  - log_kappa
CAR_proper sampler (1)
  - S[1:225] 
===== Monitors =====
thin = 1: log_kappa, rho
===== Samplers =====
slice sampler (225)
  - P[]  (225 elements)
RW sampler (2)
  - rho
  - log_kappa
CAR_proper sampler (1)
  - S[1:225] 
thin = 1: log_kappa, P, rho, S
thin = 1: log_kappa, P, rho, S
thin = 1: log_kappa, P, rho, S
Run-time warning: matrix used in call to nimEigen() has a complex eigenvalue.
Run-time warning: matrix used in call to nimEigen() has a complex eigenvalue.
Run-time warning: matrix used in call to nimEigen() has a complex eigenvalue.
Run-time warning: matrix used in call to nimEigen() has a complex eigenvalue.
Run-time warning: matrix used in call to nimEigen() has a complex eigenvalue.
Run-time warning: matrix used in call to nimEigen() has a complex eigenvalue.
Run-time warning: matrix used in call to nimEigen() has a complex eigenvalue.
Run-time warning: matrix used in call to nimEigen() has a complex eigenvalue.
Run-time warning: matrix used in call to nimEigen() has a complex eigenvalue.
Run-time warning: matrix used in call to nimEigen() has a complex eigenvalue.
Run-time warning: matrix used in call to nimEigen() has a complex eigenvalue.
Run-time warning: matrix used in call to nimEigen() has a complex eigenvalue.
Run-time warning: matrix used in call to nimEigen() has a complex eigenvalue.
Run-time warning: matrix used in call to nimEigen() has a complex eigenvalue.
Run-time warning: matrix used in call to nimEigen() has a complex eigenvalue.
Run-time warning: matrix used in call to nimEigen() has a complex eigenvalue.
Run-time warning: matrix used in call to nimEigen() has a complex eigenvalue.
Run-time warning: matrix used in call to nimEigen() has a complex eigenvalue.
Run-time warning: matrix used in call to nimEigen() has a complex eigenvalue.
Run-time warning: matrix used in call to nimEigen() has a complex eigenvalue.
Run-time warning: matrix used in call to nimEigen() has a complex eigenvalue.
Run-time warning: matrix used in call to nimEigen() has a complex eigenvalue.
Run-time warning: matrix used in call to nimEigen() has a complex eigenvalue.
Run-time warning: matrix used in call to nimEigen() has a complex eigenvalue.
Run-time warning: matrix used in call to nimEigen() has a complex eigenvalue.
Run-time warning: matrix used in call to nimEigen() has a complex eigenvalue.
Run-time warning: matrix used in call to nimEigen() has a complex eigenvalue.
Run-time warning: matrix used in call to nimEigen() has a complex eigenvalue.
Run-time warning: matrix used in call to nimEigen() has a complex eigenvalue.
Run-time warning: matrix used in call to nimEigen() has a complex eigenvalue.
Run-time warning: matrix used in call to nimEigen() has a complex eigenvalue.
Run-time warning: matrix used in call to nimEigen() has a complex eigenvalue.
Run-time warning: matrix used in call to nimEigen() has a complex eigenvalue.
Run-time warning: matrix used in call to nimEigen() has a complex eigenvalue.
Run-time warning: matrix used in call to nimEigen() has a complex eigenvalue.
Run-time warning: matrix used in call to nimEigen() has a complex eigenvalue.
Run-time warning: matrix used in call to nimEigen() has a complex eigenvalue.
Run-time warning: matrix used in call to nimEigen() has a complex eigenvalue.
Run-time warning: matrix used in call to nimEigen() has a complex eigenvalue.
Run-time warning: matrix used in call to nimEigen() has a complex eigenvalue.
Run-time warning: matrix used in call to nimEigen() has a complex eigenvalue.
Run-time warning: matrix used in call to nimEigen() has a complex eigenvalue.
Run-time warning: matrix used in call to nimEigen() has a complex eigenvalue.
Run-time warning: matrix used in call to nimEigen() has a complex eigenvalue.
Run-time warning: matrix used in call to nimEigen() has a complex eigenvalue.
Run-time warning: matrix used in call to nimEigen() has a complex eigenvalue.
Run-time warning: matrix used in call to nimEigen() has a complex eigenvalue.
Run-time warning: matrix used in call to nimEigen() has a complex eigenvalue.
===== Monitors =====
thin = 1: log_kappa, rho
===== Samplers =====
===== Monitors =====
thin = 1: log_kappa, rho
===== Samplers =====
slice sampler (225)
  - P[]  (225 elements)
RW sampler (2)
  - rho
  - log_kappa
CAR_proper sampler (1)
===== Monitors =====
  - S[1:225] 
thin = 1: log_kappa, rho
===== Samplers =====
slice sampler (225)
  - P[]  (225 elements)
RW sampler (2)
  - rho
  - log_kappa
CAR_proper sampler (1)
  - S[1:225] 
slice sampler (225)
  - P[]  (225 elements)
RW sampler (2)
  - rho
  - log_kappa
CAR_proper sampler (1)
  - S[1:225] 
thin = 1: log_kappa, P, rho
thin = 1: log_kappa, P, rho
thin = 1: log_kappa, P, rho
===== Monitors =====
thin = 1: log_kappa, rho
===== Samplers =====
slice sampler (225)
  - P[]  (225 elements)
RW sampler (2)
  - rho
  - log_kappa
CAR_proper sampler (1)
  - S[1:225] 
thin = 1: log_kappa, P, rho
Run-time warning: matrix used in call to nimEigen() has a complex eigenvalue.
Run-time warning: matrix used in call to nimEigen() has a complex eigenvalue.
Run-time warning: matrix used in call to nimEigen() has a complex eigenvalue.
Run-time warning: matrix used in call to nimEigen() has a complex eigenvalue.
Run-time warning: matrix used in call to nimEigen() has a complex eigenvalue.
Run-time warning: matrix used in call to nimEigen() has a complex eigenvalue.
Run-time warning: matrix used in call to nimEigen() has a complex eigenvalue.
Run-time warning: matrix used in call to nimEigen() has a complex eigenvalue.
Run-time warning: matrix used in call to nimEigen() has a complex eigenvalue.
Run-time warning: matrix used in call to nimEigen() has a complex eigenvalue.
Run-time warning: matrix used in call to nimEigen() has a complex eigenvalue.
Run-time warning: matrix used in call to nimEigen() has a complex eigenvalue.
Run-time warning: matrix used in call to nimEigen() has a complex eigenvalue.
Run-time warning: matrix used in call to nimEigen() has a complex eigenvalue.
Run-time warning: matrix used in call to nimEigen() has a complex eigenvalue.
Run-time warning: matrix used in call to nimEigen() has a complex eigenvalue.
Run-time warning: matrix used in call to nimEigen() has a complex eigenvalue.
Run-time warning: matrix used in call to nimEigen() has a complex eigenvalue.
Run-time warning: matrix used in call to nimEigen() has a complex eigenvalue.
Run-time warning: matrix used in call to nimEigen() has a complex eigenvalue.
Run-time warning: matrix used in call to nimEigen() has a complex eigenvalue.
Run-time warning: matrix used in call to nimEigen() has a complex eigenvalue.
Run-time warning: matrix used in call to nimEigen() has a complex eigenvalue.
Run-time warning: matrix used in call to nimEigen() has a complex eigenvalue.
|-------------|-------------|-------------|-------------|
||-------------|-------------|-------------|-------------|
|Run-time warning: matrix used in call to nimEigen() has a complex eigenvalue.
Run-time warning: matrix used in call to nimEigen() has a complex eigenvalue.
Run-time warning: matrix used in call to nimEigen() has a complex eigenvalue.
Run-time warning: matrix used in call to nimEigen() has a complex eigenvalue.
Run-time warning: matrix used in call to nimEigen() has a complex eigenvalue.
Run-time warning: matrix used in call to nimEigen() has a complex eigenvalue.
Run-time warning: matrix used in call to nimEigen() has a complex eigenvalue.
Run-time warning: matrix used in call to nimEigen() has a complex eigenvalue.
Run-time warning: matrix used in call to nimEigen() has a complex eigenvalue.
Run-time warning: matrix used in call to nimEigen() has a complex eigenvalue.
Run-time warning: matrix used in call to nimEigen() has a complex eigenvalue.
Run-time warning: matrix used in call to nimEigen() has a complex eigenvalue.
|-------------|-------------|-------------|-------------|
|-------------------------------------------------------------------------------------------------------------------------------------------------------------------|
-|
-|
Run-time warning: matrix used in call to nimEigen() has a complex eigenvalue.
Run-time warning: matrix used in call to nimEigen() has a complex eigenvalue.
Run-time warning: matrix used in call to nimEigen() has a complex eigenvalue.
Run-time warning: matrix used in call to nimEigen() has a complex eigenvalue.
Run-time warning: matrix used in call to nimEigen() has a complex eigenvalue.
Run-time warning: matrix used in call to nimEigen() has a complex eigenvalue.
Run-time warning: matrix used in call to nimEigen() has a complex eigenvalue.
Run-time warning: matrix used in call to nimEigen() has a complex eigenvalue.
Run-time warning: matrix used in call to nimEigen() has a complex eigenvalue.
Run-time warning: matrix used in call to nimEigen() has a complex eigenvalue.
Run-time warning: matrix used in call to nimEigen() has a complex eigenvalue.
Run-time warning: matrix used in call to nimEigen() has a complex eigenvalue.
|-------------|-------------|-------------|-------------|
|Run-time warning: matrix used in call to nimEigen() has a complex eigenvalue.
Run-time warning: matrix used in call to nimEigen() has a complex eigenvalue.
Run-time warning: matrix used in call to nimEigen() has a complex eigenvalue.
Run-time warning: matrix used in call to nimEigen() has a complex eigenvalue.
Run-time warning: matrix used in call to nimEigen() has a complex eigenvalue.
Run-time warning: matrix used in call to nimEigen() has a complex eigenvalue.
Run-time warning: matrix used in call to nimEigen() has a complex eigenvalue.
Run-time warning: matrix used in call to nimEigen() has a complex eigenvalue.
Run-time warning: matrix used in call to nimEigen() has a complex eigenvalue.
Run-time warning: matrix used in call to nimEigen() has a complex eigenvalue.
Run-time warning: matrix used in call to nimEigen() has a complex eigenvalue.
Run-time warning: matrix used in call to nimEigen() has a complex eigenvalue.
|-------------|-------------|-------------|-------------|
|Run-time warning: matrix used in call to nimEigen() has a complex eigenvalue.
Run-time warning: matrix used in call to nimEigen() has a complex eigenvalue.
Run-time warning: matrix used in call to nimEigen() has a complex eigenvalue.
Run-time warning: matrix used in call to nimEigen() has a complex eigenvalue.
Run-time warning: matrix used in call to nimEigen() has a complex eigenvalue.
Run-time warning: matrix used in call to nimEigen() has a complex eigenvalue.
Run-time warning: matrix used in call to nimEigen() has a complex eigenvalue.
Run-time warning: matrix used in call to nimEigen() has a complex eigenvalue.
Run-time warning: matrix used in call to nimEigen() has a complex eigenvalue.
Run-time warning: matrix used in call to nimEigen() has a complex eigenvalue.
Run-time warning: matrix used in call to nimEigen() has a complex eigenvalue.
Run-time warning: matrix used in call to nimEigen() has a complex eigenvalue.
|-------------|-------------|-------------|-------------|
|-------------------------------------------------------------------------------------------------------------------------------------------------------------------|
-|
-|
Run-time warning: matrix used in call to nimEigen() has a complex eigenvalue.
Run-time warning: matrix used in call to nimEigen() has a complex eigenvalue.
Run-time warning: matrix used in call to nimEigen() has a complex eigenvalue.
Run-time warning: matrix used in call to nimEigen() has a complex eigenvalue.
Run-time warning: matrix used in call to nimEigen() has a complex eigenvalue.
Run-time warning: matrix used in call to nimEigen() has a complex eigenvalue.
Run-time warning: matrix used in call to nimEigen() has a complex eigenvalue.
Run-time warning: matrix used in call to nimEigen() has a complex eigenvalue.
Run-time warning: matrix used in call to nimEigen() has a complex eigenvalue.
Run-time warning: matrix used in call to nimEigen() has a complex eigenvalue.
Run-time warning: matrix used in call to nimEigen() has a complex eigenvalue.
Run-time warning: matrix used in call to nimEigen() has a complex eigenvalue.
|-------------|-------------|-------------|-------------|
|Run-time warning: matrix used in call to nimEigen() has a complex eigenvalue.
Run-time warning: matrix used in call to nimEigen() has a complex eigenvalue.
Run-time warning: matrix used in call to nimEigen() has a complex eigenvalue.
Run-time warning: matrix used in call to nimEigen() has a complex eigenvalue.
Run-time warning: matrix used in call to nimEigen() has a complex eigenvalue.
Run-time warning: matrix used in call to nimEigen() has a complex eigenvalue.
Run-time warning: matrix used in call to nimEigen() has a complex eigenvalue.
Run-time warning: matrix used in call to nimEigen() has a complex eigenvalue.
Run-time warning: matrix used in call to nimEigen() has a complex eigenvalue.
Run-time warning: matrix used in call to nimEigen() has a complex eigenvalue.
Run-time warning: matrix used in call to nimEigen() has a complex eigenvalue.
Run-time warning: matrix used in call to nimEigen() has a complex eigenvalue.
|-------------|-------------|-------------|-------------|
|Run-time warning: matrix used in call to nimEigen() has a complex eigenvalue.
Run-time warning: matrix used in call to nimEigen() has a complex eigenvalue.
Run-time warning: matrix used in call to nimEigen() has a complex eigenvalue.
Run-time warning: matrix used in call to nimEigen() has a complex eigenvalue.
Run-time warning: matrix used in call to nimEigen() has a complex eigenvalue.
Run-time warning: matrix used in call to nimEigen() has a complex eigenvalue.
Run-time warning: matrix used in call to nimEigen() has a complex eigenvalue.
Run-time warning: matrix used in call to nimEigen() has a complex eigenvalue.
Run-time warning: matrix used in call to nimEigen() has a complex eigenvalue.
Run-time warning: matrix used in call to nimEigen() has a complex eigenvalue.
Run-time warning: matrix used in call to nimEigen() has a complex eigenvalue.
Run-time warning: matrix used in call to nimEigen() has a complex eigenvalue.
|-------------|-------------|-------------|-------------|
|------------------------------------------------------------------------------------------------------------------------------------------------------------------|
-|
--|
Run-time warning: matrix used in call to nimEigen() has a complex eigenvalue.
Run-time warning: matrix used in call to nimEigen() has a complex eigenvalue.
Run-time warning: matrix used in call to nimEigen() has a complex eigenvalue.
Run-time warning: matrix used in call to nimEigen() has a complex eigenvalue.
Run-time warning: matrix used in call to nimEigen() has a complex eigenvalue.
Run-time warning: matrix used in call to nimEigen() has a complex eigenvalue.
Run-time warning: matrix used in call to nimEigen() has a complex eigenvalue.
Run-time warning: matrix used in call to nimEigen() has a complex eigenvalue.
Run-time warning: matrix used in call to nimEigen() has a complex eigenvalue.
Run-time warning: matrix used in call to nimEigen() has a complex eigenvalue.
Run-time warning: matrix used in call to nimEigen() has a complex eigenvalue.
Run-time warning: matrix used in call to nimEigen() has a complex eigenvalue.
|-------------|-------------|-------------|-------------|
|Run-time warning: matrix used in call to nimEigen() has a complex eigenvalue.
Run-time warning: matrix used in call to nimEigen() has a complex eigenvalue.
Run-time warning: matrix used in call to nimEigen() has a complex eigenvalue.
Run-time warning: matrix used in call to nimEigen() has a complex eigenvalue.
Run-time warning: matrix used in call to nimEigen() has a complex eigenvalue.
Run-time warning: matrix used in call to nimEigen() has a complex eigenvalue.
Run-time warning: matrix used in call to nimEigen() has a complex eigenvalue.
Run-time warning: matrix used in call to nimEigen() has a complex eigenvalue.
Run-time warning: matrix used in call to nimEigen() has a complex eigenvalue.
Run-time warning: matrix used in call to nimEigen() has a complex eigenvalue.
Run-time warning: matrix used in call to nimEigen() has a complex eigenvalue.
Run-time warning: matrix used in call to nimEigen() has a complex eigenvalue.
|-------------|-------------|-------------|-------------|
|Run-time warning: matrix used in call to nimEigen() has a complex eigenvalue.
Run-time warning: matrix used in call to nimEigen() has a complex eigenvalue.
Run-time warning: matrix used in call to nimEigen() has a complex eigenvalue.
Run-time warning: matrix used in call to nimEigen() has a complex eigenvalue.
Run-time warning: matrix used in call to nimEigen() has a complex eigenvalue.
Run-time warning: matrix used in call to nimEigen() has a complex eigenvalue.
Run-time warning: matrix used in call to nimEigen() has a complex eigenvalue.
Run-time warning: matrix used in call to nimEigen() has a complex eigenvalue.
Run-time warning: matrix used in call to nimEigen() has a complex eigenvalue.
Run-time warning: matrix used in call to nimEigen() has a complex eigenvalue.
Run-time warning: matrix used in call to nimEigen() has a complex eigenvalue.
Run-time warning: matrix used in call to nimEigen() has a complex eigenvalue.
|-------------|-------------|-------------|-------------|
|------------------------------------------------------------------------------------------------------------------------------------------------------------------|
-|
Run-time warning: matrix used in call to nimEigen() has a complex eigenvalue.
Run-time warning: matrix used in call to nimEigen() has a complex eigenvalue.
Run-time warning: matrix used in call to nimEigen() has a complex eigenvalue.
Run-time warning: matrix used in call to nimEigen() has a complex eigenvalue.
Run-time warning: matrix used in call to nimEigen() has a complex eigenvalue.
Run-time warning: matrix used in call to nimEigen() has a complex eigenvalue.
Run-time warning: matrix used in call to nimEigen() has a complex eigenvalue.
Run-time warning: matrix used in call to nimEigen() has a complex eigenvalue.
Run-time warning: matrix used in call to nimEigen() has a complex eigenvalue.
Run-time warning: matrix used in call to nimEigen() has a complex eigenvalue.
Run-time warning: matrix used in call to nimEigen() has a complex eigenvalue.
Run-time warning: matrix used in call to nimEigen() has a complex eigenvalue.
Run-time warning: matrix used in call to nimEigen() has a complex eigenvalue.
Run-time warning: matrix used in call to nimEigen() has a complex eigenvalue.
Run-time warning: matrix used in call to nimEigen() has a complex eigenvalue.
Run-time warning: matrix used in call to nimEigen() has a complex eigenvalue.
Run-time warning: matrix used in call to nimEigen() has a complex eigenvalue.
Run-time warning: matrix used in call to nimEigen() has a complex eigenvalue.
Run-time warning: matrix used in call to nimEigen() has a complex eigenvalue.
Run-time warning: matrix used in call to nimEigen() has a complex eigenvalue.
Run-time warning: matrix used in call to nimEigen() has a complex eigenvalue.
Run-time warning: matrix used in call to nimEigen() has a complex eigenvalue.
Run-time warning: matrix used in call to nimEigen() has a complex eigenvalue.
Run-time warning: matrix used in call to nimEigen() has a complex eigenvalue.
|-------------|-------------|-------------|-------------|
||-------------|-------------|-------------|-------------|
|--|
Run-time warning: matrix used in call to nimEigen() has a complex eigenvalue.
Run-time warning: matrix used in call to nimEigen() has a complex eigenvalue.
Run-time warning: matrix used in call to nimEigen() has a complex eigenvalue.
Run-time warning: matrix used in call to nimEigen() has a complex eigenvalue.
Run-time warning: matrix used in call to nimEigen() has a complex eigenvalue.
Run-time warning: matrix used in call to nimEigen() has a complex eigenvalue.
Run-time warning: matrix used in call to nimEigen() has a complex eigenvalue.
Run-time warning: matrix used in call to nimEigen() has a complex eigenvalue.
Run-time warning: matrix used in call to nimEigen() has a complex eigenvalue.
Run-time warning: matrix used in call to nimEigen() has a complex eigenvalue.
Run-time warning: matrix used in call to nimEigen() has a complex eigenvalue.
Run-time warning: matrix used in call to nimEigen() has a complex eigenvalue.
|-------------|-------------|-------------|-------------|
|-----------------------------------------------------------------------------------------------------------------------------------------------------------------|
Run-time warning: matrix used in call to nimEigen() has a complex eigenvalue.
Run-time warning: matrix used in call to nimEigen() has a complex eigenvalue.
Run-time warning: matrix used in call to nimEigen() has a complex eigenvalue.
Run-time warning: matrix used in call to nimEigen() has a complex eigenvalue.
Run-time warning: matrix used in call to nimEigen() has a complex eigenvalue.
Run-time warning: matrix used in call to nimEigen() has a complex eigenvalue.
Run-time warning: matrix used in call to nimEigen() has a complex eigenvalue.
Run-time warning: matrix used in call to nimEigen() has a complex eigenvalue.
Run-time warning: matrix used in call to nimEigen() has a complex eigenvalue.
Run-time warning: matrix used in call to nimEigen() has a complex eigenvalue.
Run-time warning: matrix used in call to nimEigen() has a complex eigenvalue.
Run-time warning: matrix used in call to nimEigen() has a complex eigenvalue.
|-------------|-------------|-------------|-------------|
|-|
Run-time warning: matrix used in call to nimEigen() has a complex eigenvalue.
Run-time warning: matrix used in call to nimEigen() has a complex eigenvalue.
Run-time warning: matrix used in call to nimEigen() has a complex eigenvalue.
Run-time warning: matrix used in call to nimEigen() has a complex eigenvalue.
Run-time warning: matrix used in call to nimEigen() has a complex eigenvalue.
Run-time warning: matrix used in call to nimEigen() has a complex eigenvalue.
Run-time warning: matrix used in call to nimEigen() has a complex eigenvalue.
Run-time warning: matrix used in call to nimEigen() has a complex eigenvalue.
Run-time warning: matrix used in call to nimEigen() has a complex eigenvalue.
Run-time warning: matrix used in call to nimEigen() has a complex eigenvalue.
Run-time warning: matrix used in call to nimEigen() has a complex eigenvalue.
Run-time warning: matrix used in call to nimEigen() has a complex eigenvalue.
|-------------|-------------|-------------|-------------|
|---|
Run-time warning: matrix used in call to nimEigen() has a complex eigenvalue.
Run-time warning: matrix used in call to nimEigen() has a complex eigenvalue.
Run-time warning: matrix used in call to nimEigen() has a complex eigenvalue.
Run-time warning: matrix used in call to nimEigen() has a complex eigenvalue.
Run-time warning: matrix used in call to nimEigen() has a complex eigenvalue.
Run-time warning: matrix used in call to nimEigen() has a complex eigenvalue.
Run-time warning: matrix used in call to nimEigen() has a complex eigenvalue.
Run-time warning: matrix used in call to nimEigen() has a complex eigenvalue.
Run-time warning: matrix used in call to nimEigen() has a complex eigenvalue.
Run-time warning: matrix used in call to nimEigen() has a complex eigenvalue.
Run-time warning: matrix used in call to nimEigen() has a complex eigenvalue.
Run-time warning: matrix used in call to nimEigen() has a complex eigenvalue.
|-------------|-------------|-------------|-------------|
|---------------------------------------------------------------------------------------------------------------------------------------------------------------|
--|
----|
End time: Thu Jan 29 14:30:48 EST 2026
Task 2 completed
