Job ID: 57594544
Array Task ID: 5
Running on node: holy7c02606.rc.fas.harvard.edu
Number of cores: 20
Start time: Thu Jan 29 13:24:06 EST 2026
Task 5 of 10 : Running simulations 201 to 250 
Running on 47 cores within this task...
Starting parallel simulation for task 5 with 50 runs...
Run-time warning: matrix used in call to nimEigen() has a complex eigenvalue.
Run-time warning: matrix used in call to nimEigen() has a complex eigenvalue.
Run-time warning: matrix used in call to nimEigen() has a complex eigenvalue.
Run-time warning: matrix used in call to nimEigen() has a complex eigenvalue.
Run-time warning: matrix used in call to nimEigen() has a complex eigenvalue.
Run-time warning: matrix used in call to nimEigen() has a complex eigenvalue.
Run-time warning: matrix used in call to nimEigen() has a complex eigenvalue.
Run-time warning: matrix used in call to nimEigen() has a complex eigenvalue.
Run-time warning: matrix used in call to nimEigen() has a complex eigenvalue.
Run-time warning: matrix used in call to nimEigen() has a complex eigenvalue.
Run-time warning: matrix used in call to nimEigen() has a complex eigenvalue.
Run-time warning: matrix used in call to nimEigen() has a complex eigenvalue.
Run-time warning: matrix used in call to nimEigen() has a complex eigenvalue.
Run-time warning: matrix used in call to nimEigen() has a complex eigenvalue.
Run-time warning: matrix used in call to nimEigen() has a complex eigenvalue.
Run-time warning: matrix used in call to nimEigen() has a complex eigenvalue.
Run-time warning: matrix used in call to nimEigen() has a complex eigenvalue.
Run-time warning: matrix used in call to nimEigen() has a complex eigenvalue.
Run-time warning: matrix used in call to nimEigen() has a complex eigenvalue.
Run-time warning: matrix used in call to nimEigen() has a complex eigenvalue.
Run-time warning: matrix used in call to nimEigen() has a complex eigenvalue.
Run-time warning: matrix used in call to nimEigen() has a complex eigenvalue.
Run-time warning: matrix used in call to nimEigen() has a complex eigenvalue.
Run-time warning: matrix used in call to nimEigen() has a complex eigenvalue.
Run-time warning: matrix used in call to nimEigen() has a complex eigenvalue.
Run-time warning: matrix used in call to nimEigen() has a complex eigenvalue.
Run-time warning: matrix used in call to nimEigen() has a complex eigenvalue.
Run-time warning: matrix used in call to nimEigen() has a complex eigenvalue.
Run-time warning: matrix used in call to nimEigen() has a complex eigenvalue.
Run-time warning: matrix used in call to nimEigen() has a complex eigenvalue.
Run-time warning: matrix used in call to nimEigen() has a complex eigenvalue.
Run-time warning: matrix used in call to nimEigen() has a complex eigenvalue.
Run-time warning: matrix used in call to nimEigen() has a complex eigenvalue.
Run-time warning: matrix used in call to nimEigen() has a complex eigenvalue.
Run-time warning: matrix used in call to nimEigen() has a complex eigenvalue.
Run-time warning: matrix used in call to nimEigen() has a complex eigenvalue.
Run-time warning: matrix used in call to nimEigen() has a complex eigenvalue.
Run-time warning: matrix used in call to nimEigen() has a complex eigenvalue.
Run-time warning: matrix used in call to nimEigen() has a complex eigenvalue.
Run-time warning: matrix used in call to nimEigen() has a complex eigenvalue.
Run-time warning: matrix used in call to nimEigen() has a complex eigenvalue.
Run-time warning: matrix used in call to nimEigen() has a complex eigenvalue.
Run-time warning: matrix used in call to nimEigen() has a complex eigenvalue.
Run-time warning: matrix used in call to nimEigen() has a complex eigenvalue.
Run-time warning: matrix used in call to nimEigen() has a complex eigenvalue.
Run-time warning: matrix used in call to nimEigen() has a complex eigenvalue.
Run-time warning: matrix used in call to nimEigen() has a complex eigenvalue.
Run-time warning: matrix used in call to nimEigen() has a complex eigenvalue.
Run-time warning: matrix used in call to nimEigen() has a complex eigenvalue.
Run-time warning: matrix used in call to nimEigen() has a complex eigenvalue.
Run-time warning: matrix used in call to nimEigen() has a complex eigenvalue.
Run-time warning: matrix used in call to nimEigen() has a complex eigenvalue.
Run-time warning: matrix used in call to nimEigen() has a complex eigenvalue.
Run-time warning: matrix used in call to nimEigen() has a complex eigenvalue.
Run-time warning: matrix used in call to nimEigen() has a complex eigenvalue.
Run-time warning: matrix used in call to nimEigen() has a complex eigenvalue.
Run-time warning: matrix used in call to nimEigen() has a complex eigenvalue.
Run-time warning: matrix used in call to nimEigen() has a complex eigenvalue.
Run-time warning: matrix used in call to nimEigen() has a complex eigenvalue.
Run-time warning: matrix used in call to nimEigen() has a complex eigenvalue.
Run-time warning: matrix used in call to nimEigen() has a complex eigenvalue.
Run-time warning: matrix used in call to nimEigen() has a complex eigenvalue.
Run-time warning: matrix used in call to nimEigen() has a complex eigenvalue.
Run-time warning: matrix used in call to nimEigen() has a complex eigenvalue.
Run-time warning: matrix used in call to nimEigen() has a complex eigenvalue.
Run-time warning: matrix used in call to nimEigen() has a complex eigenvalue.
Run-time warning: matrix used in call to nimEigen() has a complex eigenvalue.
Run-time warning: matrix used in call to nimEigen() has a complex eigenvalue.
Run-time warning: matrix used in call to nimEigen() has a complex eigenvalue.
Run-time warning: matrix used in call to nimEigen() has a complex eigenvalue.
Run-time warning: matrix used in call to nimEigen() has a complex eigenvalue.
Run-time warning: matrix used in call to nimEigen() has a complex eigenvalue.
Run-time warning: matrix used in call to nimEigen() has a complex eigenvalue.
Run-time warning: matrix used in call to nimEigen() has a complex eigenvalue.
Run-time warning: matrix used in call to nimEigen() has a complex eigenvalue.
Run-time warning: matrix used in call to nimEigen() has a complex eigenvalue.
Run-time warning: matrix used in call to nimEigen() has a complex eigenvalue.
Run-time warning: matrix used in call to nimEigen() has a complex eigenvalue.
Run-time warning: matrix used in call to nimEigen() has a complex eigenvalue.
Run-time warning: matrix used in call to nimEigen() has a complex eigenvalue.
Run-time warning: matrix used in call to nimEigen() has a complex eigenvalue.
Run-time warning: matrix used in call to nimEigen() has a complex eigenvalue.
Run-time warning: matrix used in call to nimEigen() has a complex eigenvalue.
Run-time warning: matrix used in call to nimEigen() has a complex eigenvalue.
Run-time warning: matrix used in call to nimEigen() has a complex eigenvalue.
Run-time warning: matrix used in call to nimEigen() has a complex eigenvalue.
Run-time warning: matrix used in call to nimEigen() has a complex eigenvalue.
Run-time warning: matrix used in call to nimEigen() has a complex eigenvalue.
Run-time warning: matrix used in call to nimEigen() has a complex eigenvalue.
Run-time warning: matrix used in call to nimEigen() has a complex eigenvalue.
Run-time warning: matrix used in call to nimEigen() has a complex eigenvalue.
Run-time warning: matrix used in call to nimEigen() has a complex eigenvalue.
Run-time warning: matrix used in call to nimEigen() has a complex eigenvalue.
Run-time warning: matrix used in call to nimEigen() has a complex eigenvalue.
Run-time warning: matrix used in call to nimEigen() has a complex eigenvalue.
Run-time warning: matrix used in call to nimEigen() has a complex eigenvalue.
Run-time warning: matrix used in call to nimEigen() has a complex eigenvalue.
Run-time warning: matrix used in call to nimEigen() has a complex eigenvalue.
Run-time warning: matrix used in call to nimEigen() has a complex eigenvalue.
Run-time warning: matrix used in call to nimEigen() has a complex eigenvalue.
Run-time warning: matrix used in call to nimEigen() has a complex eigenvalue.
Run-time warning: matrix used in call to nimEigen() has a complex eigenvalue.
Run-time warning: matrix used in call to nimEigen() has a complex eigenvalue.
Run-time warning: matrix used in call to nimEigen() has a complex eigenvalue.
Run-time warning: matrix used in call to nimEigen() has a complex eigenvalue.
Run-time warning: matrix used in call to nimEigen() has a complex eigenvalue.
Run-time warning: matrix used in call to nimEigen() has a complex eigenvalue.
Run-time warning: matrix used in call to nimEigen() has a complex eigenvalue.
Run-time warning: matrix used in call to nimEigen() has a complex eigenvalue.
Run-time warning: matrix used in call to nimEigen() has a complex eigenvalue.
Run-time warning: matrix used in call to nimEigen() has a complex eigenvalue.
Run-time warning: matrix used in call to nimEigen() has a complex eigenvalue.
Run-time warning: matrix used in call to nimEigen() has a complex eigenvalue.
Run-time warning: matrix used in call to nimEigen() has a complex eigenvalue.
Run-time warning: matrix used in call to nimEigen() has a complex eigenvalue.
Run-time warning: matrix used in call to nimEigen() has a complex eigenvalue.
Run-time warning: matrix used in call to nimEigen() has a complex eigenvalue.
Run-time warning: matrix used in call to nimEigen() has a complex eigenvalue.
Run-time warning: matrix used in call to nimEigen() has a complex eigenvalue.
Run-time warning: matrix used in call to nimEigen() has a complex eigenvalue.
===== Monitors =====
thin = 1: log_kappa, rho
===== Samplers =====
slice sampler (225)
  - P[]  (225 elements)
RW sampler (2)
  - rho
  - log_kappa
CAR_proper sampler (1)
  - S[1:225] 
thin = 1: log_kappa, P, rho, S
Run-time warning: matrix used in call to nimEigen() has a complex eigenvalue.
Run-time warning: matrix used in call to nimEigen() has a complex eigenvalue.
Run-time warning: matrix used in call to nimEigen() has a complex eigenvalue.
Run-time warning: matrix used in call to nimEigen() has a complex eigenvalue.
Run-time warning: matrix used in call to nimEigen() has a complex eigenvalue.
Run-time warning: matrix used in call to nimEigen() has a complex eigenvalue.
Run-time warning: matrix used in call to nimEigen() has a complex eigenvalue.
Run-time warning: matrix used in call to nimEigen() has a complex eigenvalue.
Run-time warning: matrix used in call to nimEigen() has a complex eigenvalue.
Run-time warning: matrix used in call to nimEigen() has a complex eigenvalue.
Run-time warning: matrix used in call to nimEigen() has a complex eigenvalue.
Run-time warning: matrix used in call to nimEigen() has a complex eigenvalue.
Run-time warning: matrix used in call to nimEigen() has a complex eigenvalue.
Run-time warning: matrix used in call to nimEigen() has a complex eigenvalue.
Run-time warning: matrix used in call to nimEigen() has a complex eigenvalue.
Run-time warning: matrix used in call to nimEigen() has a complex eigenvalue.
Run-time warning: matrix used in call to nimEigen() has a complex eigenvalue.
Run-time warning: matrix used in call to nimEigen() has a complex eigenvalue.
Run-time warning: matrix used in call to nimEigen() has a complex eigenvalue.
Run-time warning: matrix used in call to nimEigen() has a complex eigenvalue.
Run-time warning: matrix used in call to nimEigen() has a complex eigenvalue.
Run-time warning: matrix used in call to nimEigen() has a complex eigenvalue.
Run-time warning: matrix used in call to nimEigen() has a complex eigenvalue.
Run-time warning: matrix used in call to nimEigen() has a complex eigenvalue.
===== Monitors =====
thin = 1: log_kappa, rho
===== Samplers =====
slice sampler (225)
  - P[]  (225 elements)
RW sampler (2)
  - rho
  - log_kappa
CAR_proper sampler (1)
  - S[1:225] 
Run-time warning: matrix used in call to nimEigen() has a complex eigenvalue.
Run-time warning: matrix used in call to nimEigen() has a complex eigenvalue.
Run-time warning: matrix used in call to nimEigen() has a complex eigenvalue.
Run-time warning: matrix used in call to nimEigen() has a complex eigenvalue.
Run-time warning: matrix used in call to nimEigen() has a complex eigenvalue.
Run-time warning: matrix used in call to nimEigen() has a complex eigenvalue.
Run-time warning: matrix used in call to nimEigen() has a complex eigenvalue.
Run-time warning: matrix used in call to nimEigen() has a complex eigenvalue.
Run-time warning: matrix used in call to nimEigen() has a complex eigenvalue.
Run-time warning: matrix used in call to nimEigen() has a complex eigenvalue.
Run-time warning: matrix used in call to nimEigen() has a complex eigenvalue.
Run-time warning: matrix used in call to nimEigen() has a complex eigenvalue.
thin = 1: log_kappa, P, rho, S
===== Monitors =====
thin = 1: log_kappa, rho
===== Samplers =====
slice sampler (225)
  - P[]  (225 elements)
RW sampler (2)
  - rho
  - log_kappa
CAR_proper sampler (1)
  - S[1:225] 
thin = 1: log_kappa, P, rho, S
Run-time warning: matrix used in call to nimEigen() has a complex eigenvalue.
Run-time warning: matrix used in call to nimEigen() has a complex eigenvalue.
Run-time warning: matrix used in call to nimEigen() has a complex eigenvalue.
Run-time warning: matrix used in call to nimEigen() has a complex eigenvalue.
Run-time warning: matrix used in call to nimEigen() has a complex eigenvalue.
Run-time warning: matrix used in call to nimEigen() has a complex eigenvalue.
Run-time warning: matrix used in call to nimEigen() has a complex eigenvalue.
Run-time warning: matrix used in call to nimEigen() has a complex eigenvalue.
Run-time warning: matrix used in call to nimEigen() has a complex eigenvalue.
Run-time warning: matrix used in call to nimEigen() has a complex eigenvalue.
Run-time warning: matrix used in call to nimEigen() has a complex eigenvalue.
Run-time warning: matrix used in call to nimEigen() has a complex eigenvalue.
Run-time warning: matrix used in call to nimEigen() has a complex eigenvalue.
Run-time warning: matrix used in call to nimEigen() has a complex eigenvalue.
Run-time warning: matrix used in call to nimEigen() has a complex eigenvalue.
Run-time warning: matrix used in call to nimEigen() has a complex eigenvalue.
Run-time warning: matrix used in call to nimEigen() has a complex eigenvalue.
Run-time warning: matrix used in call to nimEigen() has a complex eigenvalue.
Run-time warning: matrix used in call to nimEigen() has a complex eigenvalue.
Run-time warning: matrix used in call to nimEigen() has a complex eigenvalue.
Run-time warning: matrix used in call to nimEigen() has a complex eigenvalue.
Run-time warning: matrix used in call to nimEigen() has a complex eigenvalue.
Run-time warning: matrix used in call to nimEigen() has a complex eigenvalue.
Run-time warning: matrix used in call to nimEigen() has a complex eigenvalue.
Run-time warning: matrix used in call to nimEigen() has a complex eigenvalue.
Run-time warning: matrix used in call to nimEigen() has a complex eigenvalue.
Run-time warning: matrix used in call to nimEigen() has a complex eigenvalue.
Run-time warning: matrix used in call to nimEigen() has a complex eigenvalue.
Run-time warning: matrix used in call to nimEigen() has a complex eigenvalue.
Run-time warning: matrix used in call to nimEigen() has a complex eigenvalue.
Run-time warning: matrix used in call to nimEigen() has a complex eigenvalue.
Run-time warning: matrix used in call to nimEigen() has a complex eigenvalue.
Run-time warning: matrix used in call to nimEigen() has a complex eigenvalue.
Run-time warning: matrix used in call to nimEigen() has a complex eigenvalue.
Run-time warning: matrix used in call to nimEigen() has a complex eigenvalue.
Run-time warning: matrix used in call to nimEigen() has a complex eigenvalue.
Run-time warning: matrix used in call to nimEigen() has a complex eigenvalue.
Run-time warning: matrix used in call to nimEigen() has a complex eigenvalue.
Run-time warning: matrix used in call to nimEigen() has a complex eigenvalue.
Run-time warning: matrix used in call to nimEigen() has a complex eigenvalue.
Run-time warning: matrix used in call to nimEigen() has a complex eigenvalue.
Run-time warning: matrix used in call to nimEigen() has a complex eigenvalue.
Run-time warning: matrix used in call to nimEigen() has a complex eigenvalue.
Run-time warning: matrix used in call to nimEigen() has a complex eigenvalue.
Run-time warning: matrix used in call to nimEigen() has a complex eigenvalue.
Run-time warning: matrix used in call to nimEigen() has a complex eigenvalue.
Run-time warning: matrix used in call to nimEigen() has a complex eigenvalue.
Run-time warning: matrix used in call to nimEigen() has a complex eigenvalue.
===== Monitors =====
thin = 1: log_kappa, rho
===== Samplers =====
===== Monitors =====
thin = 1: log_kappa, rho
===== Samplers =====
slice sampler (225)
slice sampler (225)
  - P[]  (225 elements)
  - P[]  (225 elements)
RW sampler (2)
RW sampler (2)
  - rho
  - rho
  - log_kappa
  - log_kappaCAR_proper sampler (1)

CAR_proper sampler (1)
  - S[1:225] 
  - S[1:225] 
===== Monitors =====
thin = 1: log_kappa, rho
===== Samplers =====
slice sampler (225)
  - P[]  (225 elements)
RW sampler (2)
  - rho
  - log_kappa
CAR_proper sampler (1)
  - S[1:225] 
Run-time warning: matrix used in call to nimEigen() has a complex eigenvalue.
Run-time warning: matrix used in call to nimEigen() has a complex eigenvalue.
Run-time warning: matrix used in call to nimEigen() has a complex eigenvalue.
Run-time warning: matrix used in call to nimEigen() has a complex eigenvalue.
Run-time warning: matrix used in call to nimEigen() has a complex eigenvalue.
Run-time warning: matrix used in call to nimEigen() has a complex eigenvalue.
Run-time warning: matrix used in call to nimEigen() has a complex eigenvalue.
Run-time warning: matrix used in call to nimEigen() has a complex eigenvalue.
Run-time warning: matrix used in call to nimEigen() has a complex eigenvalue.
Run-time warning: matrix used in call to nimEigen() has a complex eigenvalue.
Run-time warning: matrix used in call to nimEigen() has a complex eigenvalue.
Run-time warning: matrix used in call to nimEigen() has a complex eigenvalue.
Run-time warning: matrix used in call to nimEigen() has a complex eigenvalue.
Run-time warning: matrix used in call to nimEigen() has a complex eigenvalue.
Run-time warning: matrix used in call to nimEigen() has a complex eigenvalue.
Run-time warning: matrix used in call to nimEigen() has a complex eigenvalue.
Run-time warning: matrix used in call to nimEigen() has a complex eigenvalue.
Run-time warning: matrix used in call to nimEigen() has a complex eigenvalue.
Run-time warning: matrix used in call to nimEigen() has a complex eigenvalue.
Run-time warning: matrix used in call to nimEigen() has a complex eigenvalue.
Run-time warning: matrix used in call to nimEigen() has a complex eigenvalue.
Run-time warning: matrix used in call to nimEigen() has a complex eigenvalue.
Run-time warning: matrix used in call to nimEigen() has a complex eigenvalue.
Run-time warning: matrix used in call to nimEigen() has a complex eigenvalue.
thin = 1: log_kappa, P, rho, S
thin = 1: log_kappa, P, rho, S
thin = 1: log_kappa, P, rho, S
===== Monitors =====
thin = 1: log_kappa, rho
===== Samplers =====
slice sampler (225)
  - P[]  (225 elements)
RW sampler (2)
  - rho
  - log_kappa
CAR_proper sampler (1)
  - S[1:225] 
thin = 1: log_kappa, P, rho, S
===== Monitors =====
thin = 1: log_kappa, rho
===== Samplers =====
slice sampler (225)
  - P[]  (225 elements)
RW sampler (2)
  - rho
  - log_kappa
CAR_proper sampler (1)
  - S[1:225] 
===== Monitors =====
thin = 1: log_kappa, rho
===== Samplers =====
slice sampler (225)
  - P[]  (225 elements)
RW sampler (2)
  - rho
  - log_kappa
CAR_proper sampler (1)
  - S[1:225] 
thin = 1: log_kappa, P, rho, S
thin = 1: log_kappa, P, rho, S
Run-time warning: matrix used in call to nimEigen() has a complex eigenvalue.
Run-time warning: matrix used in call to nimEigen() has a complex eigenvalue.
Run-time warning: matrix used in call to nimEigen() has a complex eigenvalue.
Run-time warning: matrix used in call to nimEigen() has a complex eigenvalue.
Run-time warning: matrix used in call to nimEigen() has a complex eigenvalue.
Run-time warning: matrix used in call to nimEigen() has a complex eigenvalue.
Run-time warning: matrix used in call to nimEigen() has a complex eigenvalue.
Run-time warning: matrix used in call to nimEigen() has a complex eigenvalue.
Run-time warning: matrix used in call to nimEigen() has a complex eigenvalue.
Run-time warning: matrix used in call to nimEigen() has a complex eigenvalue.
Run-time warning: matrix used in call to nimEigen() has a complex eigenvalue.
Run-time warning: matrix used in call to nimEigen() has a complex eigenvalue.
===== Monitors =====
thin = 1: log_kappa, rho
===== Samplers =====
slice sampler (225)
  - P[]  (225 elements)
RW sampler (2)
  - rho
  - log_kappa
CAR_proper sampler (1)
  - S[1:225] 
===== Monitors =====
thin = 1: log_kappa, rho
===== Samplers =====
slice sampler (225)
  - P[]  (225 elements)
RW sampler (2)
  - rho
  - log_kappa
CAR_proper sampler (1)
  - S[1:225] 
thin = 1: log_kappa, P, rho, S
thin = 1: log_kappa, P, rho, S
Run-time warning: matrix used in call to nimEigen() has a complex eigenvalue.
Run-time warning: matrix used in call to nimEigen() has a complex eigenvalue.
Run-time warning: matrix used in call to nimEigen() has a complex eigenvalue.
Run-time warning: matrix used in call to nimEigen() has a complex eigenvalue.
Run-time warning: matrix used in call to nimEigen() has a complex eigenvalue.
Run-time warning: matrix used in call to nimEigen() has a complex eigenvalue.
Run-time warning: matrix used in call to nimEigen() has a complex eigenvalue.
Run-time warning: matrix used in call to nimEigen() has a complex eigenvalue.
Run-time warning: matrix used in call to nimEigen() has a complex eigenvalue.
Run-time warning: matrix used in call to nimEigen() has a complex eigenvalue.
Run-time warning: matrix used in call to nimEigen() has a complex eigenvalue.
Run-time warning: matrix used in call to nimEigen() has a complex eigenvalue.
Run-time warning: matrix used in call to nimEigen() has a complex eigenvalue.
Run-time warning: matrix used in call to nimEigen() has a complex eigenvalue.
Run-time warning: matrix used in call to nimEigen() has a complex eigenvalue.
Run-time warning: matrix used in call to nimEigen() has a complex eigenvalue.
Run-time warning: matrix used in call to nimEigen() has a complex eigenvalue.
Run-time warning: matrix used in call to nimEigen() has a complex eigenvalue.
Run-time warning: matrix used in call to nimEigen() has a complex eigenvalue.
Run-time warning: matrix used in call to nimEigen() has a complex eigenvalue.
Run-time warning: matrix used in call to nimEigen() has a complex eigenvalue.
Run-time warning: matrix used in call to nimEigen() has a complex eigenvalue.
Run-time warning: matrix used in call to nimEigen() has a complex eigenvalue.
Run-time warning: matrix used in call to nimEigen() has a complex eigenvalue.
Run-time warning: matrix used in call to nimEigen() has a complex eigenvalue.
Run-time warning: matrix used in call to nimEigen() has a complex eigenvalue.
Run-time warning: matrix used in call to nimEigen() has a complex eigenvalue.
Run-time warning: matrix used in call to nimEigen() has a complex eigenvalue.
Run-time warning: matrix used in call to nimEigen() has a complex eigenvalue.
Run-time warning: matrix used in call to nimEigen() has a complex eigenvalue.
Run-time warning: matrix used in call to nimEigen() has a complex eigenvalue.
Run-time warning: matrix used in call to nimEigen() has a complex eigenvalue.
Run-time warning: matrix used in call to nimEigen() has a complex eigenvalue.
Run-time warning: matrix used in call to nimEigen() has a complex eigenvalue.
Run-time warning: matrix used in call to nimEigen() has a complex eigenvalue.
Run-time warning: matrix used in call to nimEigen() has a complex eigenvalue.
Run-time warning: matrix used in call to nimEigen() has a complex eigenvalue.
Run-time warning: matrix used in call to nimEigen() has a complex eigenvalue.
Run-time warning: matrix used in call to nimEigen() has a complex eigenvalue.
Run-time warning: matrix used in call to nimEigen() has a complex eigenvalue.
Run-time warning: matrix used in call to nimEigen() has a complex eigenvalue.
Run-time warning: matrix used in call to nimEigen() has a complex eigenvalue.
Run-time warning: matrix used in call to nimEigen() has a complex eigenvalue.
Run-time warning: matrix used in call to nimEigen() has a complex eigenvalue.
Run-time warning: matrix used in call to nimEigen() has a complex eigenvalue.
Run-time warning: matrix used in call to nimEigen() has a complex eigenvalue.
Run-time warning: matrix used in call to nimEigen() has a complex eigenvalue.
Run-time warning: matrix used in call to nimEigen() has a complex eigenvalue.
Run-time warning: matrix used in call to nimEigen() has a complex eigenvalue.
Run-time warning: matrix used in call to nimEigen() has a complex eigenvalue.
Run-time warning: matrix used in call to nimEigen() has a complex eigenvalue.
Run-time warning: matrix used in call to nimEigen() has a complex eigenvalue.
Run-time warning: matrix used in call to nimEigen() has a complex eigenvalue.
Run-time warning: matrix used in call to nimEigen() has a complex eigenvalue.
Run-time warning: matrix used in call to nimEigen() has a complex eigenvalue.
Run-time warning: matrix used in call to nimEigen() has a complex eigenvalue.
Run-time warning: matrix used in call to nimEigen() has a complex eigenvalue.
Run-time warning: matrix used in call to nimEigen() has a complex eigenvalue.
Run-time warning: matrix used in call to nimEigen() has a complex eigenvalue.
Run-time warning: matrix used in call to nimEigen() has a complex eigenvalue.
Run-time warning: matrix used in call to nimEigen() has a complex eigenvalue.
Run-time warning: matrix used in call to nimEigen() has a complex eigenvalue.
Run-time warning: matrix used in call to nimEigen() has a complex eigenvalue.
Run-time warning: matrix used in call to nimEigen() has a complex eigenvalue.
Run-time warning: matrix used in call to nimEigen() has a complex eigenvalue.
Run-time warning: matrix used in call to nimEigen() has a complex eigenvalue.
Run-time warning: matrix used in call to nimEigen() has a complex eigenvalue.
Run-time warning: matrix used in call to nimEigen() has a complex eigenvalue.
Run-time warning: matrix used in call to nimEigen() has a complex eigenvalue.
Run-time warning: matrix used in call to nimEigen() has a complex eigenvalue.
Run-time warning: matrix used in call to nimEigen() has a complex eigenvalue.
Run-time warning: matrix used in call to nimEigen() has a complex eigenvalue.
Run-time warning: matrix used in call to nimEigen() has a complex eigenvalue.
Run-time warning: matrix used in call to nimEigen() has a complex eigenvalue.
Run-time warning: matrix used in call to nimEigen() has a complex eigenvalue.
Run-time warning: matrix used in call to nimEigen() has a complex eigenvalue.
Run-time warning: matrix used in call to nimEigen() has a complex eigenvalue.
Run-time warning: matrix used in call to nimEigen() has a complex eigenvalue.
Run-time warning: matrix used in call to nimEigen() has a complex eigenvalue.
Run-time warning: matrix used in call to nimEigen() has a complex eigenvalue.
Run-time warning: matrix used in call to nimEigen() has a complex eigenvalue.
Run-time warning: matrix used in call to nimEigen() has a complex eigenvalue.
Run-time warning: matrix used in call to nimEigen() has a complex eigenvalue.
Run-time warning: matrix used in call to nimEigen() has a complex eigenvalue.
===== Monitors =====
thin = 1: log_kappa, rho
===== Samplers =====
slice sampler (225)
  - P[]  (225 elements)
RW sampler (2)
  - rho
  - log_kappa
CAR_proper sampler (1)
  - S[1:225] 
thin = 1: log_kappa, P, rho, S
===== Monitors =====
thin = 1: log_kappa, rho
===== Samplers =====
slice sampler (225)
  - P[]  (225 elements)
RW sampler (2)
  - rho
  - log_kappa
CAR_proper sampler (1)
  - S[1:225] 
===== Monitors =====
thin = 1: log_kappa, rho
===== Samplers =====
thin = 1: log_kappa, P, rho, S
slice sampler (225)
  - P[]  (225 elements)
RW sampler (2)
  - rho
  - log_kappa
CAR_proper sampler (1)
  - S[1:225] 
thin = 1: log_kappa, P, rho, S
Run-time warning: matrix used in call to nimEigen() has a complex eigenvalue.
Run-time warning: matrix used in call to nimEigen() has a complex eigenvalue.
Run-time warning: matrix used in call to nimEigen() has a complex eigenvalue.
Run-time warning: matrix used in call to nimEigen() has a complex eigenvalue.
Run-time warning: matrix used in call to nimEigen() has a complex eigenvalue.
Run-time warning: matrix used in call to nimEigen() has a complex eigenvalue.
Run-time warning: matrix used in call to nimEigen() has a complex eigenvalue.
Run-time warning: matrix used in call to nimEigen() has a complex eigenvalue.
Run-time warning: matrix used in call to nimEigen() has a complex eigenvalue.
Run-time warning: matrix used in call to nimEigen() has a complex eigenvalue.
Run-time warning: matrix used in call to nimEigen() has a complex eigenvalue.
Run-time warning: matrix used in call to nimEigen() has a complex eigenvalue.
Run-time warning: matrix used in call to nimEigen() has a complex eigenvalue.
Run-time warning: matrix used in call to nimEigen() has a complex eigenvalue.
Run-time warning: matrix used in call to nimEigen() has a complex eigenvalue.
Run-time warning: matrix used in call to nimEigen() has a complex eigenvalue.
Run-time warning: matrix used in call to nimEigen() has a complex eigenvalue.
Run-time warning: matrix used in call to nimEigen() has a complex eigenvalue.
Run-time warning: matrix used in call to nimEigen() has a complex eigenvalue.
Run-time warning: matrix used in call to nimEigen() has a complex eigenvalue.
Run-time warning: matrix used in call to nimEigen() has a complex eigenvalue.
Run-time warning: matrix used in call to nimEigen() has a complex eigenvalue.
Run-time warning: matrix used in call to nimEigen() has a complex eigenvalue.
Run-time warning: matrix used in call to nimEigen() has a complex eigenvalue.
===== Monitors =====
thin = 1: log_kappa, rho
===== Samplers =====
slice sampler (225)
  - P[]  (225 elements)
RW sampler (2)
  - rho
  - log_kappa
CAR_proper sampler (1)
  - S[1:225] 
===== Monitors =====
thin = 1: log_kappa, rho
===== Samplers =====
thin = 1: log_kappa, P, rho, S
slice sampler (225)
  - P[]  (225 elements)
RW sampler (2)
  - rho
  - log_kappa
CAR_proper sampler (1)
  - S[1:225] 
Run-time warning: matrix used in call to nimEigen() has a complex eigenvalue.
Run-time warning: matrix used in call to nimEigen() has a complex eigenvalue.
Run-time warning: matrix used in call to nimEigen() has a complex eigenvalue.
Run-time warning: matrix used in call to nimEigen() has a complex eigenvalue.
Run-time warning: matrix used in call to nimEigen() has a complex eigenvalue.
Run-time warning: matrix used in call to nimEigen() has a complex eigenvalue.
Run-time warning: matrix used in call to nimEigen() has a complex eigenvalue.
Run-time warning: matrix used in call to nimEigen() has a complex eigenvalue.
Run-time warning: matrix used in call to nimEigen() has a complex eigenvalue.
Run-time warning: matrix used in call to nimEigen() has a complex eigenvalue.
Run-time warning: matrix used in call to nimEigen() has a complex eigenvalue.
Run-time warning: matrix used in call to nimEigen() has a complex eigenvalue.
thin = 1: log_kappa, P, rho, S
===== Monitors =====
thin = 1: log_kappa, rho
===== Samplers =====
slice sampler (225)
  - P[]  (225 elements)
RW sampler (2)
  - rho
  - log_kappa
CAR_proper sampler (1)
  - S[1:225] 
===== Monitors =====
thin = 1: log_kappa, rho
===== Samplers =====
slice sampler (225)
  - P[]  (225 elements)
RW sampler (2)
  - rho
  - log_kappa
CAR_proper sampler (1)
  - S[1:225] 
thin = 1: log_kappa, P, rho, S
thin = 1: log_kappa, P, rho, S
Run-time warning: matrix used in call to nimEigen() has a complex eigenvalue.
Run-time warning: matrix used in call to nimEigen() has a complex eigenvalue.
Run-time warning: matrix used in call to nimEigen() has a complex eigenvalue.
Run-time warning: matrix used in call to nimEigen() has a complex eigenvalue.
Run-time warning: matrix used in call to nimEigen() has a complex eigenvalue.
Run-time warning: matrix used in call to nimEigen() has a complex eigenvalue.
Run-time warning: matrix used in call to nimEigen() has a complex eigenvalue.
Run-time warning: matrix used in call to nimEigen() has a complex eigenvalue.
Run-time warning: matrix used in call to nimEigen() has a complex eigenvalue.
Run-time warning: matrix used in call to nimEigen() has a complex eigenvalue.
Run-time warning: matrix used in call to nimEigen() has a complex eigenvalue.
Run-time warning: matrix used in call to nimEigen() has a complex eigenvalue.
===== Monitors =====
thin = 1: log_kappa, rho
===== Samplers =====
slice sampler (225)
  - P[]  (225 elements)
RW sampler (2)
  - rho
  - log_kappa
CAR_proper sampler (1)
  - S[1:225] 
Run-time warning: matrix used in call to nimEigen() has a complex eigenvalue.
Run-time warning: matrix used in call to nimEigen() has a complex eigenvalue.
Run-time warning: matrix used in call to nimEigen() has a complex eigenvalue.
Run-time warning: matrix used in call to nimEigen() has a complex eigenvalue.
Run-time warning: matrix used in call to nimEigen() has a complex eigenvalue.
Run-time warning: matrix used in call to nimEigen() has a complex eigenvalue.
Run-time warning: matrix used in call to nimEigen() has a complex eigenvalue.
Run-time warning: matrix used in call to nimEigen() has a complex eigenvalue.
Run-time warning: matrix used in call to nimEigen() has a complex eigenvalue.
Run-time warning: matrix used in call to nimEigen() has a complex eigenvalue.
Run-time warning: matrix used in call to nimEigen() has a complex eigenvalue.
Run-time warning: matrix used in call to nimEigen() has a complex eigenvalue.
Run-time warning: matrix used in call to nimEigen() has a complex eigenvalue.
Run-time warning: matrix used in call to nimEigen() has a complex eigenvalue.
Run-time warning: matrix used in call to nimEigen() has a complex eigenvalue.
Run-time warning: matrix used in call to nimEigen() has a complex eigenvalue.
Run-time warning: matrix used in call to nimEigen() has a complex eigenvalue.
Run-time warning: matrix used in call to nimEigen() has a complex eigenvalue.
Run-time warning: matrix used in call to nimEigen() has a complex eigenvalue.
Run-time warning: matrix used in call to nimEigen() has a complex eigenvalue.
Run-time warning: matrix used in call to nimEigen() has a complex eigenvalue.
Run-time warning: matrix used in call to nimEigen() has a complex eigenvalue.
Run-time warning: matrix used in call to nimEigen() has a complex eigenvalue.
Run-time warning: matrix used in call to nimEigen() has a complex eigenvalue.
thin = 1: log_kappa, P, rho, S
===== Monitors =====
thin = 1: log_kappa, rho
===== Samplers =====
slice sampler (225)
  - P[]  (225 elements)
RW sampler (2)
  - rho
  - log_kappa
CAR_proper sampler (1)
  - S[1:225] 
Run-time warning: matrix used in call to nimEigen() has a complex eigenvalue.
Run-time warning: matrix used in call to nimEigen() has a complex eigenvalue.
Run-time warning: matrix used in call to nimEigen() has a complex eigenvalue.
Run-time warning: matrix used in call to nimEigen() has a complex eigenvalue.
Run-time warning: matrix used in call to nimEigen() has a complex eigenvalue.
Run-time warning: matrix used in call to nimEigen() has a complex eigenvalue.
Run-time warning: matrix used in call to nimEigen() has a complex eigenvalue.
Run-time warning: matrix used in call to nimEigen() has a complex eigenvalue.
Run-time warning: matrix used in call to nimEigen() has a complex eigenvalue.
Run-time warning: matrix used in call to nimEigen() has a complex eigenvalue.
Run-time warning: matrix used in call to nimEigen() has a complex eigenvalue.
Run-time warning: matrix used in call to nimEigen() has a complex eigenvalue.
===== Monitors =====
thin = 1: log_kappa, rho
===== Samplers =====
thin = 1: log_kappa, P, rho, S
slice sampler (225)
  - P[]  (225 elements)
RW sampler (2)
  - rho
  - log_kappa
CAR_proper sampler (1)
  - S[1:225] 
Run-time warning: matrix used in call to nimEigen() has a complex eigenvalue.
Run-time warning: matrix used in call to nimEigen() has a complex eigenvalue.
Run-time warning: matrix used in call to nimEigen() has a complex eigenvalue.
Run-time warning: matrix used in call to nimEigen() has a complex eigenvalue.
Run-time warning: matrix used in call to nimEigen() has a complex eigenvalue.
Run-time warning: matrix used in call to nimEigen() has a complex eigenvalue.
Run-time warning: matrix used in call to nimEigen() has a complex eigenvalue.
Run-time warning: matrix used in call to nimEigen() has a complex eigenvalue.
Run-time warning: matrix used in call to nimEigen() has a complex eigenvalue.
Run-time warning: matrix used in call to nimEigen() has a complex eigenvalue.
Run-time warning: matrix used in call to nimEigen() has a complex eigenvalue.
Run-time warning: matrix used in call to nimEigen() has a complex eigenvalue.
===== Monitors =====
thin = 1: log_kappa, rho
===== Samplers =====
slice sampler (225)
  - P[]  (225 elements)
RW sampler (2)
  - rho
  - log_kappa
CAR_proper sampler (1)
  - S[1:225] 
thin = 1: log_kappa, P, rho, S
===== Monitors =====
thin = 1: log_kappa, rho
===== Samplers =====
slice sampler (225)
  - P[]  (225 elements)
RW sampler (2)
  - rho
  - log_kappa
CAR_proper sampler (1)
  - S[1:225] 
thin = 1: log_kappa, P, rho, S
thin = 1: log_kappa, P, rho, S
Run-time warning: matrix used in call to nimEigen() has a complex eigenvalue.
Run-time warning: matrix used in call to nimEigen() has a complex eigenvalue.
Run-time warning: matrix used in call to nimEigen() has a complex eigenvalue.
Run-time warning: matrix used in call to nimEigen() has a complex eigenvalue.
Run-time warning: matrix used in call to nimEigen() has a complex eigenvalue.
Run-time warning: matrix used in call to nimEigen() has a complex eigenvalue.
Run-time warning: matrix used in call to nimEigen() has a complex eigenvalue.
Run-time warning: matrix used in call to nimEigen() has a complex eigenvalue.
Run-time warning: matrix used in call to nimEigen() has a complex eigenvalue.
Run-time warning: matrix used in call to nimEigen() has a complex eigenvalue.
Run-time warning: matrix used in call to nimEigen() has a complex eigenvalue.
Run-time warning: matrix used in call to nimEigen() has a complex eigenvalue.
Run-time warning: matrix used in call to nimEigen() has a complex eigenvalue.
Run-time warning: matrix used in call to nimEigen() has a complex eigenvalue.
Run-time warning: matrix used in call to nimEigen() has a complex eigenvalue.
Run-time warning: matrix used in call to nimEigen() has a complex eigenvalue.
Run-time warning: matrix used in call to nimEigen() has a complex eigenvalue.
Run-time warning: matrix used in call to nimEigen() has a complex eigenvalue.
Run-time warning: matrix used in call to nimEigen() has a complex eigenvalue.
Run-time warning: matrix used in call to nimEigen() has a complex eigenvalue.
Run-time warning: matrix used in call to nimEigen() has a complex eigenvalue.
Run-time warning: matrix used in call to nimEigen() has a complex eigenvalue.
Run-time warning: matrix used in call to nimEigen() has a complex eigenvalue.
Run-time warning: matrix used in call to nimEigen() has a complex eigenvalue.
===== Monitors =====
thin = 1: log_kappa, rho
===== Samplers =====
slice sampler (225)
  - P[]  (225 elements)
RW sampler (2)
  - rho
  - log_kappa
CAR_proper sampler (1)
  - S[1:225] 
thin = 1: log_kappa, P, rho, S
===== Monitors =====
thin = 1: log_kappa, rho
===== Samplers =====
slice sampler (225)
  - P[]  (225 elements)
RW sampler (2)
  - rho
  - log_kappa
CAR_proper sampler (1)
  - S[1:225] 
thin = 1: log_kappa, P, rho, S
===== Monitors =====
thin = 1: log_kappa, rho
===== Samplers =====
slice sampler (225)
  - P[]  (225 elements)
RW sampler (2)
  - rho
  - log_kappa
CAR_proper sampler (1)
  - S[1:225] 
thin = 1: log_kappa, P, rho, S
===== Monitors =====
thin = 1: log_kappa, rho
===== Samplers =====
slice sampler (225)
  - P[]  (225 elements)
RW sampler (2)
  - rho
  - log_kappa
CAR_proper sampler (1)
  - S[1:225] 
thin = 1: log_kappa, P, rho, S
Run-time warning: matrix used in call to nimEigen() has a complex eigenvalue.
Run-time warning: matrix used in call to nimEigen() has a complex eigenvalue.
Run-time warning: matrix used in call to nimEigen() has a complex eigenvalue.
Run-time warning: matrix used in call to nimEigen() has a complex eigenvalue.
Run-time warning: matrix used in call to nimEigen() has a complex eigenvalue.
Run-time warning: matrix used in call to nimEigen() has a complex eigenvalue.
Run-time warning: matrix used in call to nimEigen() has a complex eigenvalue.
Run-time warning: matrix used in call to nimEigen() has a complex eigenvalue.
Run-time warning: matrix used in call to nimEigen() has a complex eigenvalue.
Run-time warning: matrix used in call to nimEigen() has a complex eigenvalue.
Run-time warning: matrix used in call to nimEigen() has a complex eigenvalue.
Run-time warning: matrix used in call to nimEigen() has a complex eigenvalue.
Run-time warning: matrix used in call to nimEigen() has a complex eigenvalue.
Run-time warning: matrix used in call to nimEigen() has a complex eigenvalue.
Run-time warning: matrix used in call to nimEigen() has a complex eigenvalue.
Run-time warning: matrix used in call to nimEigen() has a complex eigenvalue.
Run-time warning: matrix used in call to nimEigen() has a complex eigenvalue.
Run-time warning: matrix used in call to nimEigen() has a complex eigenvalue.
Run-time warning: matrix used in call to nimEigen() has a complex eigenvalue.
Run-time warning: matrix used in call to nimEigen() has a complex eigenvalue.
Run-time warning: matrix used in call to nimEigen() has a complex eigenvalue.
Run-time warning: matrix used in call to nimEigen() has a complex eigenvalue.
Run-time warning: matrix used in call to nimEigen() has a complex eigenvalue.
Run-time warning: matrix used in call to nimEigen() has a complex eigenvalue.
Run-time warning: matrix used in call to nimEigen() has a complex eigenvalue.
Run-time warning: matrix used in call to nimEigen() has a complex eigenvalue.
Run-time warning: matrix used in call to nimEigen() has a complex eigenvalue.
Run-time warning: matrix used in call to nimEigen() has a complex eigenvalue.
Run-time warning: matrix used in call to nimEigen() has a complex eigenvalue.
Run-time warning: matrix used in call to nimEigen() has a complex eigenvalue.
Run-time warning: matrix used in call to nimEigen() has a complex eigenvalue.
Run-time warning: matrix used in call to nimEigen() has a complex eigenvalue.
Run-time warning: matrix used in call to nimEigen() has a complex eigenvalue.
Run-time warning: matrix used in call to nimEigen() has a complex eigenvalue.
Run-time warning: matrix used in call to nimEigen() has a complex eigenvalue.
Run-time warning: matrix used in call to nimEigen() has a complex eigenvalue.
Run-time warning: matrix used in call to nimEigen() has a complex eigenvalue.
Run-time warning: matrix used in call to nimEigen() has a complex eigenvalue.
Run-time warning: matrix used in call to nimEigen() has a complex eigenvalue.
Run-time warning: matrix used in call to nimEigen() has a complex eigenvalue.
Run-time warning: matrix used in call to nimEigen() has a complex eigenvalue.
Run-time warning: matrix used in call to nimEigen() has a complex eigenvalue.
Run-time warning: matrix used in call to nimEigen() has a complex eigenvalue.
Run-time warning: matrix used in call to nimEigen() has a complex eigenvalue.
Run-time warning: matrix used in call to nimEigen() has a complex eigenvalue.
Run-time warning: matrix used in call to nimEigen() has a complex eigenvalue.
Run-time warning: matrix used in call to nimEigen() has a complex eigenvalue.
Run-time warning: matrix used in call to nimEigen() has a complex eigenvalue.
===== Monitors =====
thin = 1: log_kappa, rho
===== Samplers =====
slice sampler (225)
  - P[]  (225 elements)
RW sampler (2)
  - rho
  - log_kappa
CAR_proper sampler (1)
  - S[1:225] 
thin = 1: log_kappa, P, rho, S
===== Monitors =====
thin = 1: log_kappa, rho
===== Samplers =====
slice sampler (225)
  - P[]  (225 elements)
RW sampler (2)
  - rho
  - log_kappa
CAR_proper sampler (1)
  - S[1:225] 
thin = 1: log_kappa, P, rho, S
===== Monitors =====
thin = 1: log_kappa, rho
===== Samplers =====
slice sampler (225)
  - P[]  (225 elements)
RW sampler (2)
  - rho
  - log_kappa
CAR_proper sampler (1)
  - S[1:225] 
===== Monitors =====
thin = 1: log_kappa, rho
===== Samplers =====
slice sampler (225)
  - P[]  (225 elements)
RW sampler (2)
  - rho
  - log_kappa
CAR_proper sampler (1)
  - S[1:225] 
thin = 1: log_kappa, P, rho, S
thin = 1: log_kappa, P, rho, S
===== Monitors =====
thin = 1: log_kappa, rho
===== Samplers =====
slice sampler (225)
  - P[]  (225 elements)
RW sampler (2)
  - rho
  - log_kappa
CAR_proper sampler (1)
  - S[1:225] 
thin = 1: log_kappa, P, rho, S
Run-time warning: matrix used in call to nimEigen() has a complex eigenvalue.
Run-time warning: matrix used in call to nimEigen() has a complex eigenvalue.
Run-time warning: matrix used in call to nimEigen() has a complex eigenvalue.
Run-time warning: matrix used in call to nimEigen() has a complex eigenvalue.
Run-time warning: matrix used in call to nimEigen() has a complex eigenvalue.
Run-time warning: matrix used in call to nimEigen() has a complex eigenvalue.
Run-time warning: matrix used in call to nimEigen() has a complex eigenvalue.
Run-time warning: matrix used in call to nimEigen() has a complex eigenvalue.
Run-time warning: matrix used in call to nimEigen() has a complex eigenvalue.
Run-time warning: matrix used in call to nimEigen() has a complex eigenvalue.
Run-time warning: matrix used in call to nimEigen() has a complex eigenvalue.
Run-time warning: matrix used in call to nimEigen() has a complex eigenvalue.
Run-time warning: matrix used in call to nimEigen() has a complex eigenvalue.
Run-time warning: matrix used in call to nimEigen() has a complex eigenvalue.
Run-time warning: matrix used in call to nimEigen() has a complex eigenvalue.
Run-time warning: matrix used in call to nimEigen() has a complex eigenvalue.
Run-time warning: matrix used in call to nimEigen() has a complex eigenvalue.
Run-time warning: matrix used in call to nimEigen() has a complex eigenvalue.
Run-time warning: matrix used in call to nimEigen() has a complex eigenvalue.
Run-time warning: matrix used in call to nimEigen() has a complex eigenvalue.
Run-time warning: matrix used in call to nimEigen() has a complex eigenvalue.
Run-time warning: matrix used in call to nimEigen() has a complex eigenvalue.
Run-time warning: matrix used in call to nimEigen() has a complex eigenvalue.
Run-time warning: matrix used in call to nimEigen() has a complex eigenvalue.
Run-time warning: matrix used in call to nimEigen() has a complex eigenvalue.
Run-time warning: matrix used in call to nimEigen() has a complex eigenvalue.
Run-time warning: matrix used in call to nimEigen() has a complex eigenvalue.
Run-time warning: matrix used in call to nimEigen() has a complex eigenvalue.
Run-time warning: matrix used in call to nimEigen() has a complex eigenvalue.
Run-time warning: matrix used in call to nimEigen() has a complex eigenvalue.
Run-time warning: matrix used in call to nimEigen() has a complex eigenvalue.
Run-time warning: matrix used in call to nimEigen() has a complex eigenvalue.
Run-time warning: matrix used in call to nimEigen() has a complex eigenvalue.
Run-time warning: matrix used in call to nimEigen() has a complex eigenvalue.
Run-time warning: matrix used in call to nimEigen() has a complex eigenvalue.
Run-time warning: matrix used in call to nimEigen() has a complex eigenvalue.
===== Monitors =====
thin = 1: log_kappa, rho
===== Samplers =====
slice sampler (225)
  - P[]  (225 elements)
RW sampler (2)
  - rho
  - log_kappa
CAR_proper sampler (1)
  - S[1:225] 
thin = 1: log_kappa, P, rho, S
===== Monitors =====
thin = 1: log_kappa, rho
===== Samplers =====
slice sampler (225)
  - P[]  (225 elements)
RW sampler (2)
  - rho
  - log_kappa
CAR_proper sampler (1)
  - S[1:225] 
Run-time warning: matrix used in call to nimEigen() has a complex eigenvalue.
Run-time warning: matrix used in call to nimEigen() has a complex eigenvalue.
Run-time warning: matrix used in call to nimEigen() has a complex eigenvalue.
Run-time warning: matrix used in call to nimEigen() has a complex eigenvalue.
Run-time warning: matrix used in call to nimEigen() has a complex eigenvalue.
Run-time warning: matrix used in call to nimEigen() has a complex eigenvalue.
Run-time warning: matrix used in call to nimEigen() has a complex eigenvalue.
Run-time warning: matrix used in call to nimEigen() has a complex eigenvalue.
Run-time warning: matrix used in call to nimEigen() has a complex eigenvalue.
Run-time warning: matrix used in call to nimEigen() has a complex eigenvalue.
Run-time warning: matrix used in call to nimEigen() has a complex eigenvalue.
Run-time warning: matrix used in call to nimEigen() has a complex eigenvalue.
thin = 1: log_kappa, P, rho, S
Run-time warning: matrix used in call to nimEigen() has a complex eigenvalue.
Run-time warning: matrix used in call to nimEigen() has a complex eigenvalue.
Run-time warning: matrix used in call to nimEigen() has a complex eigenvalue.
Run-time warning: matrix used in call to nimEigen() has a complex eigenvalue.
Run-time warning: matrix used in call to nimEigen() has a complex eigenvalue.
Run-time warning: matrix used in call to nimEigen() has a complex eigenvalue.
Run-time warning: matrix used in call to nimEigen() has a complex eigenvalue.
Run-time warning: matrix used in call to nimEigen() has a complex eigenvalue.
Run-time warning: matrix used in call to nimEigen() has a complex eigenvalue.
Run-time warning: matrix used in call to nimEigen() has a complex eigenvalue.
Run-time warning: matrix used in call to nimEigen() has a complex eigenvalue.
Run-time warning: matrix used in call to nimEigen() has a complex eigenvalue.
===== Monitors =====
thin = 1: log_kappa, rho
===== Samplers =====
slice sampler (225)
  - P[]  (225 elements)
RW sampler (2)
  - rho
  - log_kappa
CAR_proper sampler (1)
  - S[1:225] 
thin = 1: log_kappa, P, rho, S
===== Monitors =====
thin = 1: log_kappa, rho
===== Samplers =====
slice sampler (225)
  - P[]  (225 elements)
RW sampler (2)
  - rho
  - log_kappa
CAR_proper sampler (1)
  - S[1:225] 
thin = 1: log_kappa, P, rho, S
===== Monitors =====
thin = 1: log_kappa, rho
===== Samplers =====
slice sampler (225)
  - P[]  (225 elements)
RW sampler (2)
  - rho
  - log_kappa
CAR_proper sampler (1)
  - S[1:225] 
thin = 1: log_kappa, P, rho, S
Run-time warning: matrix used in call to nimEigen() has a complex eigenvalue.
Run-time warning: matrix used in call to nimEigen() has a complex eigenvalue.
Run-time warning: matrix used in call to nimEigen() has a complex eigenvalue.
Run-time warning: matrix used in call to nimEigen() has a complex eigenvalue.
Run-time warning: matrix used in call to nimEigen() has a complex eigenvalue.
Run-time warning: matrix used in call to nimEigen() has a complex eigenvalue.
Run-time warning: matrix used in call to nimEigen() has a complex eigenvalue.
Run-time warning: matrix used in call to nimEigen() has a complex eigenvalue.
Run-time warning: matrix used in call to nimEigen() has a complex eigenvalue.
Run-time warning: matrix used in call to nimEigen() has a complex eigenvalue.
Run-time warning: matrix used in call to nimEigen() has a complex eigenvalue.
Run-time warning: matrix used in call to nimEigen() has a complex eigenvalue.
===== Monitors =====
thin = 1: log_kappa, rho
===== Samplers =====
slice sampler (225)
  - P[]  (225 elements)
RW sampler (2)
  - rho
  - log_kappa
CAR_proper sampler (1)
  - S[1:225] 
thin = 1: log_kappa, P, rho, S
===== Monitors =====
thin = 1: log_kappa, rho
===== Samplers =====
slice sampler (225)
  - P[]  (225 elements)
RW sampler (2)
  - rho
  - log_kappa
CAR_proper sampler (1)
  - S[1:225] 
thin = 1: log_kappa, P, rho, S
===== Monitors =====
thin = 1: log_kappa, rho
===== Samplers =====
slice sampler (225)
  - P[]  (225 elements)
RW sampler (2)
  - rho
  - log_kappa
CAR_proper sampler (1)
  - S[1:225] 
thin = 1: log_kappa, P, rho, S
===== Monitors =====
thin = 1: log_kappa, rho
===== Samplers =====
slice sampler (225)
  - P[]  (225 elements)
RW sampler (2)
  - rho
  - log_kappa
CAR_proper sampler (1)
  - S[1:225] 
thin = 1: log_kappa, P, rho, S
===== Monitors =====
thin = 1: log_kappa, rho
===== Samplers =====
slice sampler (225)
  - P[]  (225 elements)
RW sampler (2)
  - rho
  - log_kappa
CAR_proper sampler (1)
  - S[1:225] 
===== Monitors =====
thin = 1: log_kappa, rho
===== Samplers =====
slice sampler (225)
  - P[]  (225 elements)
RW sampler (2)
  - rho
  - log_kappa
CAR_proper sampler (1)
  - S[1:225] 
thin = 1: log_kappa, P, rho, S
thin = 1: log_kappa, P, rho, S
===== Monitors =====
thin = 1: log_kappa, rho
===== Samplers =====
slice sampler (225)
  - P[]  (225 elements)
RW sampler (2)
  - rho
  - log_kappa
CAR_proper sampler (1)
  - S[1:225] 
thin = 1: log_kappa, P, rho, S
===== Monitors =====
thin = 1: log_kappa, rho
===== Samplers =====
slice sampler (225)
  - P[]  (225 elements)
RW sampler (2)
  - rho
  - log_kappa
CAR_proper sampler (1)
  - S[1:225] 
thin = 1: log_kappa, P, rho, S
===== Monitors =====
thin = 1: log_kappa, rho
===== Samplers =====
slice sampler (225)
  - P[]  (225 elements)
RW sampler (2)
  - rho
  - log_kappa
CAR_proper sampler (1)
  - S[1:225] 
thin = 1: log_kappa, P, rho, S
===== Monitors =====
thin = 1: log_kappa, rho
===== Samplers =====
slice sampler (225)
  - P[]  (225 elements)
RW sampler (2)
  - rho
  - log_kappa
CAR_proper sampler (1)
  - S[1:225] 
thin = 1: log_kappa, P, rho, S
Run-time warning: matrix used in call to nimEigen() has a complex eigenvalue.
Run-time warning: matrix used in call to nimEigen() has a complex eigenvalue.
Run-time warning: matrix used in call to nimEigen() has a complex eigenvalue.
Run-time warning: matrix used in call to nimEigen() has a complex eigenvalue.
Run-time warning: matrix used in call to nimEigen() has a complex eigenvalue.
Run-time warning: matrix used in call to nimEigen() has a complex eigenvalue.
Run-time warning: matrix used in call to nimEigen() has a complex eigenvalue.
Run-time warning: matrix used in call to nimEigen() has a complex eigenvalue.
Run-time warning: matrix used in call to nimEigen() has a complex eigenvalue.
Run-time warning: matrix used in call to nimEigen() has a complex eigenvalue.
Run-time warning: matrix used in call to nimEigen() has a complex eigenvalue.
Run-time warning: matrix used in call to nimEigen() has a complex eigenvalue.
===== Monitors =====
thin = 1: log_kappa, rho
===== Samplers =====
slice sampler (225)
  - P[]  (225 elements)
RW sampler (2)
  - rho
  - log_kappa
CAR_proper sampler (1)
  - S[1:225] 
thin = 1: log_kappa, P, rho
Run-time warning: matrix used in call to nimEigen() has a complex eigenvalue.
Run-time warning: matrix used in call to nimEigen() has a complex eigenvalue.
Run-time warning: matrix used in call to nimEigen() has a complex eigenvalue.
Run-time warning: matrix used in call to nimEigen() has a complex eigenvalue.
Run-time warning: matrix used in call to nimEigen() has a complex eigenvalue.
Run-time warning: matrix used in call to nimEigen() has a complex eigenvalue.
Run-time warning: matrix used in call to nimEigen() has a complex eigenvalue.
Run-time warning: matrix used in call to nimEigen() has a complex eigenvalue.
Run-time warning: matrix used in call to nimEigen() has a complex eigenvalue.
Run-time warning: matrix used in call to nimEigen() has a complex eigenvalue.
Run-time warning: matrix used in call to nimEigen() has a complex eigenvalue.
Run-time warning: matrix used in call to nimEigen() has a complex eigenvalue.
===== Monitors =====
thin = 1: log_kappa, rho
===== Samplers =====
slice sampler (225)
  - P[]  (225 elements)
RW sampler (2)
  - rho
  - log_kappa
CAR_proper sampler (1)
  - S[1:225] 
thin = 1: log_kappa, P, rho
Run-time warning: matrix used in call to nimEigen() has a complex eigenvalue.
Run-time warning: matrix used in call to nimEigen() has a complex eigenvalue.
Run-time warning: matrix used in call to nimEigen() has a complex eigenvalue.
Run-time warning: matrix used in call to nimEigen() has a complex eigenvalue.
Run-time warning: matrix used in call to nimEigen() has a complex eigenvalue.
Run-time warning: matrix used in call to nimEigen() has a complex eigenvalue.
Run-time warning: matrix used in call to nimEigen() has a complex eigenvalue.
Run-time warning: matrix used in call to nimEigen() has a complex eigenvalue.
Run-time warning: matrix used in call to nimEigen() has a complex eigenvalue.
Run-time warning: matrix used in call to nimEigen() has a complex eigenvalue.
Run-time warning: matrix used in call to nimEigen() has a complex eigenvalue.
Run-time warning: matrix used in call to nimEigen() has a complex eigenvalue.
|-------------|-------------|-------------|-------------|
|-Run-time warning: matrix used in call to nimEigen() has a complex eigenvalue.
Run-time warning: matrix used in call to nimEigen() has a complex eigenvalue.
Run-time warning: matrix used in call to nimEigen() has a complex eigenvalue.
Run-time warning: matrix used in call to nimEigen() has a complex eigenvalue.
Run-time warning: matrix used in call to nimEigen() has a complex eigenvalue.
Run-time warning: matrix used in call to nimEigen() has a complex eigenvalue.
Run-time warning: matrix used in call to nimEigen() has a complex eigenvalue.
Run-time warning: matrix used in call to nimEigen() has a complex eigenvalue.
Run-time warning: matrix used in call to nimEigen() has a complex eigenvalue.
Run-time warning: matrix used in call to nimEigen() has a complex eigenvalue.
Run-time warning: matrix used in call to nimEigen() has a complex eigenvalue.
Run-time warning: matrix used in call to nimEigen() has a complex eigenvalue.
|-------------|-------------|-------------|-------------|
|---------------------------------------------------------------------------------------------------------|
---Run-time warning: matrix used in call to nimEigen() has a complex eigenvalue.
Run-time warning: matrix used in call to nimEigen() has a complex eigenvalue.
Run-time warning: matrix used in call to nimEigen() has a complex eigenvalue.
Run-time warning: matrix used in call to nimEigen() has a complex eigenvalue.
Run-time warning: matrix used in call to nimEigen() has a complex eigenvalue.
Run-time warning: matrix used in call to nimEigen() has a complex eigenvalue.
Run-time warning: matrix used in call to nimEigen() has a complex eigenvalue.
Run-time warning: matrix used in call to nimEigen() has a complex eigenvalue.
Run-time warning: matrix used in call to nimEigen() has a complex eigenvalue.
Run-time warning: matrix used in call to nimEigen() has a complex eigenvalue.
Run-time warning: matrix used in call to nimEigen() has a complex eigenvalue.
Run-time warning: matrix used in call to nimEigen() has a complex eigenvalue.
|-------------|-------------|-------------|-------------|
|-|
Run-time warning: matrix used in call to nimEigen() has a complex eigenvalue.
Run-time warning: matrix used in call to nimEigen() has a complex eigenvalue.
Run-time warning: matrix used in call to nimEigen() has a complex eigenvalue.
Run-time warning: matrix used in call to nimEigen() has a complex eigenvalue.
Run-time warning: matrix used in call to nimEigen() has a complex eigenvalue.
Run-time warning: matrix used in call to nimEigen() has a complex eigenvalue.
Run-time warning: matrix used in call to nimEigen() has a complex eigenvalue.
Run-time warning: matrix used in call to nimEigen() has a complex eigenvalue.
Run-time warning: matrix used in call to nimEigen() has a complex eigenvalue.
Run-time warning: matrix used in call to nimEigen() has a complex eigenvalue.
Run-time warning: matrix used in call to nimEigen() has a complex eigenvalue.
Run-time warning: matrix used in call to nimEigen() has a complex eigenvalue.
|-------------|-------------|-------------|-------------|
|-----------------------------------------------------------------------------------------------------------|
--Run-time warning: matrix used in call to nimEigen() has a complex eigenvalue.
Run-time warning: matrix used in call to nimEigen() has a complex eigenvalue.
Run-time warning: matrix used in call to nimEigen() has a complex eigenvalue.
Run-time warning: matrix used in call to nimEigen() has a complex eigenvalue.
Run-time warning: matrix used in call to nimEigen() has a complex eigenvalue.
Run-time warning: matrix used in call to nimEigen() has a complex eigenvalue.
Run-time warning: matrix used in call to nimEigen() has a complex eigenvalue.
Run-time warning: matrix used in call to nimEigen() has a complex eigenvalue.
Run-time warning: matrix used in call to nimEigen() has a complex eigenvalue.
Run-time warning: matrix used in call to nimEigen() has a complex eigenvalue.
Run-time warning: matrix used in call to nimEigen() has a complex eigenvalue.
Run-time warning: matrix used in call to nimEigen() has a complex eigenvalue.
|-------------|-------------|-------------|-------------|
|-|
Run-time warning: matrix used in call to nimEigen() has a complex eigenvalue.
Run-time warning: matrix used in call to nimEigen() has a complex eigenvalue.
Run-time warning: matrix used in call to nimEigen() has a complex eigenvalue.
Run-time warning: matrix used in call to nimEigen() has a complex eigenvalue.
Run-time warning: matrix used in call to nimEigen() has a complex eigenvalue.
Run-time warning: matrix used in call to nimEigen() has a complex eigenvalue.
Run-time warning: matrix used in call to nimEigen() has a complex eigenvalue.
Run-time warning: matrix used in call to nimEigen() has a complex eigenvalue.
Run-time warning: matrix used in call to nimEigen() has a complex eigenvalue.
Run-time warning: matrix used in call to nimEigen() has a complex eigenvalue.
Run-time warning: matrix used in call to nimEigen() has a complex eigenvalue.
Run-time warning: matrix used in call to nimEigen() has a complex eigenvalue.
|-------------|-------------|-------------|-------------|
|------------------------------------------------------------------------------------------------------------|
--|
Run-time warning: matrix used in call to nimEigen() has a complex eigenvalue.
Run-time warning: matrix used in call to nimEigen() has a complex eigenvalue.
Run-time warning: matrix used in call to nimEigen() has a complex eigenvalue.
Run-time warning: matrix used in call to nimEigen() has a complex eigenvalue.
Run-time warning: matrix used in call to nimEigen() has a complex eigenvalue.
Run-time warning: matrix used in call to nimEigen() has a complex eigenvalue.
Run-time warning: matrix used in call to nimEigen() has a complex eigenvalue.
Run-time warning: matrix used in call to nimEigen() has a complex eigenvalue.
Run-time warning: matrix used in call to nimEigen() has a complex eigenvalue.
Run-time warning: matrix used in call to nimEigen() has a complex eigenvalue.
Run-time warning: matrix used in call to nimEigen() has a complex eigenvalue.
Run-time warning: matrix used in call to nimEigen() has a complex eigenvalue.
|-------------|-------------|-------------|-------------|
|Run-time warning: matrix used in call to nimEigen() has a complex eigenvalue.
Run-time warning: matrix used in call to nimEigen() has a complex eigenvalue.
Run-time warning: matrix used in call to nimEigen() has a complex eigenvalue.
Run-time warning: matrix used in call to nimEigen() has a complex eigenvalue.
Run-time warning: matrix used in call to nimEigen() has a complex eigenvalue.
Run-time warning: matrix used in call to nimEigen() has a complex eigenvalue.
Run-time warning: matrix used in call to nimEigen() has a complex eigenvalue.
Run-time warning: matrix used in call to nimEigen() has a complex eigenvalue.
Run-time warning: matrix used in call to nimEigen() has a complex eigenvalue.
Run-time warning: matrix used in call to nimEigen() has a complex eigenvalue.
Run-time warning: matrix used in call to nimEigen() has a complex eigenvalue.
Run-time warning: matrix used in call to nimEigen() has a complex eigenvalue.
|-------------|-------------|-------------|-------------|
|-------------------------------------------------------------------------------------------------------------|
Run-time warning: matrix used in call to nimEigen() has a complex eigenvalue.
Run-time warning: matrix used in call to nimEigen() has a complex eigenvalue.
Run-time warning: matrix used in call to nimEigen() has a complex eigenvalue.
Run-time warning: matrix used in call to nimEigen() has a complex eigenvalue.
Run-time warning: matrix used in call to nimEigen() has a complex eigenvalue.
Run-time warning: matrix used in call to nimEigen() has a complex eigenvalue.
Run-time warning: matrix used in call to nimEigen() has a complex eigenvalue.
Run-time warning: matrix used in call to nimEigen() has a complex eigenvalue.
Run-time warning: matrix used in call to nimEigen() has a complex eigenvalue.
Run-time warning: matrix used in call to nimEigen() has a complex eigenvalue.
Run-time warning: matrix used in call to nimEigen() has a complex eigenvalue.
Run-time warning: matrix used in call to nimEigen() has a complex eigenvalue.
|-------------|-------------|-------------|-------------|
|-|
Run-time warning: matrix used in call to nimEigen() has a complex eigenvalue.
Run-time warning: matrix used in call to nimEigen() has a complex eigenvalue.
Run-time warning: matrix used in call to nimEigen() has a complex eigenvalue.
Run-time warning: matrix used in call to nimEigen() has a complex eigenvalue.
Run-time warning: matrix used in call to nimEigen() has a complex eigenvalue.
Run-time warning: matrix used in call to nimEigen() has a complex eigenvalue.
Run-time warning: matrix used in call to nimEigen() has a complex eigenvalue.
Run-time warning: matrix used in call to nimEigen() has a complex eigenvalue.
Run-time warning: matrix used in call to nimEigen() has a complex eigenvalue.
Run-time warning: matrix used in call to nimEigen() has a complex eigenvalue.
Run-time warning: matrix used in call to nimEigen() has a complex eigenvalue.
Run-time warning: matrix used in call to nimEigen() has a complex eigenvalue.
|-------------|-------------|-------------|-------------|
|-------------------------------------------------------------------------------------------------------------|
Run-time warning: matrix used in call to nimEigen() has a complex eigenvalue.
Run-time warning: matrix used in call to nimEigen() has a complex eigenvalue.
Run-time warning: matrix used in call to nimEigen() has a complex eigenvalue.
Run-time warning: matrix used in call to nimEigen() has a complex eigenvalue.
Run-time warning: matrix used in call to nimEigen() has a complex eigenvalue.
Run-time warning: matrix used in call to nimEigen() has a complex eigenvalue.
Run-time warning: matrix used in call to nimEigen() has a complex eigenvalue.
Run-time warning: matrix used in call to nimEigen() has a complex eigenvalue.
Run-time warning: matrix used in call to nimEigen() has a complex eigenvalue.
Run-time warning: matrix used in call to nimEigen() has a complex eigenvalue.
Run-time warning: matrix used in call to nimEigen() has a complex eigenvalue.
Run-time warning: matrix used in call to nimEigen() has a complex eigenvalue.
|-------------|-------------|-------------|-------------|
|-|
Run-time warning: matrix used in call to nimEigen() has a complex eigenvalue.
Run-time warning: matrix used in call to nimEigen() has a complex eigenvalue.
Run-time warning: matrix used in call to nimEigen() has a complex eigenvalue.
Run-time warning: matrix used in call to nimEigen() has a complex eigenvalue.
Run-time warning: matrix used in call to nimEigen() has a complex eigenvalue.
Run-time warning: matrix used in call to nimEigen() has a complex eigenvalue.
Run-time warning: matrix used in call to nimEigen() has a complex eigenvalue.
Run-time warning: matrix used in call to nimEigen() has a complex eigenvalue.
Run-time warning: matrix used in call to nimEigen() has a complex eigenvalue.
Run-time warning: matrix used in call to nimEigen() has a complex eigenvalue.
Run-time warning: matrix used in call to nimEigen() has a complex eigenvalue.
Run-time warning: matrix used in call to nimEigen() has a complex eigenvalue.
|-------------|-------------|-------------|-------------|
|------------------------------------------------------------------------------------------------------------|
--|
End time: Thu Jan 29 13:30:27 EST 2026
Task 5 completed
