Job ID: 57594560
Array Task ID: 7
Running on node: holy7c02603.rc.fas.harvard.edu
Number of cores: 20
Start time: Thu Jan 29 12:47:55 EST 2026
Task 7 of 10 : Running simulations 301 to 350 
Running on 47 cores within this task...
Starting parallel simulation for task 7 with 50 runs...
Run-time warning: matrix used in call to nimEigen() has a complex eigenvalue.
Run-time warning: matrix used in call to nimEigen() has a complex eigenvalue.
Run-time warning: matrix used in call to nimEigen() has a complex eigenvalue.
Run-time warning: matrix used in call to nimEigen() has a complex eigenvalue.
Run-time warning: matrix used in call to nimEigen() has a complex eigenvalue.
Run-time warning: matrix used in call to nimEigen() has a complex eigenvalue.
Run-time warning: matrix used in call to nimEigen() has a complex eigenvalue.
Run-time warning: matrix used in call to nimEigen() has a complex eigenvalue.
Run-time warning: matrix used in call to nimEigen() has a complex eigenvalue.
Run-time warning: matrix used in call to nimEigen() has a complex eigenvalue.
Run-time warning: matrix used in call to nimEigen() has a complex eigenvalue.
Run-time warning: matrix used in call to nimEigen() has a complex eigenvalue.
Run-time warning: matrix used in call to nimEigen() has a complex eigenvalue.
Run-time warning: matrix used in call to nimEigen() has a complex eigenvalue.
Run-time warning: matrix used in call to nimEigen() has a complex eigenvalue.
Run-time warning: matrix used in call to nimEigen() has a complex eigenvalue.
Run-time warning: matrix used in call to nimEigen() has a complex eigenvalue.
Run-time warning: matrix used in call to nimEigen() has a complex eigenvalue.
Run-time warning: matrix used in call to nimEigen() has a complex eigenvalue.
Run-time warning: matrix used in call to nimEigen() has a complex eigenvalue.
Run-time warning: matrix used in call to nimEigen() has a complex eigenvalue.
Run-time warning: matrix used in call to nimEigen() has a complex eigenvalue.
Run-time warning: matrix used in call to nimEigen() has a complex eigenvalue.
Run-time warning: matrix used in call to nimEigen() has a complex eigenvalue.
Run-time warning: matrix used in call to nimEigen() has a complex eigenvalue.
Run-time warning: matrix used in call to nimEigen() has a complex eigenvalue.
Run-time warning: matrix used in call to nimEigen() has a complex eigenvalue.
Run-time warning: matrix used in call to nimEigen() has a complex eigenvalue.
Run-time warning: matrix used in call to nimEigen() has a complex eigenvalue.
Run-time warning: matrix used in call to nimEigen() has a complex eigenvalue.
Run-time warning: matrix used in call to nimEigen() has a complex eigenvalue.
Run-time warning: matrix used in call to nimEigen() has a complex eigenvalue.
Run-time warning: matrix used in call to nimEigen() has a complex eigenvalue.
Run-time warning: matrix used in call to nimEigen() has a complex eigenvalue.
Run-time warning: matrix used in call to nimEigen() has a complex eigenvalue.
Run-time warning: matrix used in call to nimEigen() has a complex eigenvalue.
Run-time warning: matrix used in call to nimEigen() has a complex eigenvalue.
Run-time warning: matrix used in call to nimEigen() has a complex eigenvalue.
Run-time warning: matrix used in call to nimEigen() has a complex eigenvalue.
Run-time warning: matrix used in call to nimEigen() has a complex eigenvalue.
Run-time warning: matrix used in call to nimEigen() has a complex eigenvalue.
Run-time warning: matrix used in call to nimEigen() has a complex eigenvalue.
Run-time warning: matrix used in call to nimEigen() has a complex eigenvalue.
Run-time warning: matrix used in call to nimEigen() has a complex eigenvalue.
Run-time warning: matrix used in call to nimEigen() has a complex eigenvalue.
Run-time warning: matrix used in call to nimEigen() has a complex eigenvalue.
Run-time warning: matrix used in call to nimEigen() has a complex eigenvalue.
Run-time warning: matrix used in call to nimEigen() has a complex eigenvalue.
Run-time warning: matrix used in call to nimEigen() has a complex eigenvalue.
Run-time warning: matrix used in call to nimEigen() has a complex eigenvalue.
Run-time warning: matrix used in call to nimEigen() has a complex eigenvalue.
Run-time warning: matrix used in call to nimEigen() has a complex eigenvalue.
Run-time warning: matrix used in call to nimEigen() has a complex eigenvalue.
Run-time warning: matrix used in call to nimEigen() has a complex eigenvalue.
Run-time warning: matrix used in call to nimEigen() has a complex eigenvalue.
Run-time warning: matrix used in call to nimEigen() has a complex eigenvalue.
Run-time warning: matrix used in call to nimEigen() has a complex eigenvalue.
Run-time warning: matrix used in call to nimEigen() has a complex eigenvalue.
Run-time warning: matrix used in call to nimEigen() has a complex eigenvalue.
Run-time warning: matrix used in call to nimEigen() has a complex eigenvalue.
Run-time warning: matrix used in call to nimEigen() has a complex eigenvalue.
Run-time warning: matrix used in call to nimEigen() has a complex eigenvalue.
Run-time warning: matrix used in call to nimEigen() has a complex eigenvalue.
Run-time warning: matrix used in call to nimEigen() has a complex eigenvalue.
Run-time warning: matrix used in call to nimEigen() has a complex eigenvalue.
Run-time warning: matrix used in call to nimEigen() has a complex eigenvalue.
Run-time warning: matrix used in call to nimEigen() has a complex eigenvalue.
Run-time warning: matrix used in call to nimEigen() has a complex eigenvalue.
Run-time warning: matrix used in call to nimEigen() has a complex eigenvalue.
Run-time warning: matrix used in call to nimEigen() has a complex eigenvalue.
Run-time warning: matrix used in call to nimEigen() has a complex eigenvalue.
Run-time warning: matrix used in call to nimEigen() has a complex eigenvalue.
Run-time warning: matrix used in call to nimEigen() has a complex eigenvalue.
Run-time warning: matrix used in call to nimEigen() has a complex eigenvalue.
Run-time warning: matrix used in call to nimEigen() has a complex eigenvalue.
Run-time warning: matrix used in call to nimEigen() has a complex eigenvalue.
Run-time warning: matrix used in call to nimEigen() has a complex eigenvalue.
Run-time warning: matrix used in call to nimEigen() has a complex eigenvalue.
Run-time warning: matrix used in call to nimEigen() has a complex eigenvalue.
Run-time warning: matrix used in call to nimEigen() has a complex eigenvalue.
Run-time warning: matrix used in call to nimEigen() has a complex eigenvalue.
Run-time warning: matrix used in call to nimEigen() has a complex eigenvalue.
Run-time warning: matrix used in call to nimEigen() has a complex eigenvalue.
Run-time warning: matrix used in call to nimEigen() has a complex eigenvalue.
Run-time warning: matrix used in call to nimEigen() has a complex eigenvalue.
Run-time warning: matrix used in call to nimEigen() has a complex eigenvalue.
Run-time warning: matrix used in call to nimEigen() has a complex eigenvalue.
Run-time warning: matrix used in call to nimEigen() has a complex eigenvalue.
Run-time warning: matrix used in call to nimEigen() has a complex eigenvalue.
Run-time warning: matrix used in call to nimEigen() has a complex eigenvalue.
Run-time warning: matrix used in call to nimEigen() has a complex eigenvalue.
Run-time warning: matrix used in call to nimEigen() has a complex eigenvalue.
Run-time warning: matrix used in call to nimEigen() has a complex eigenvalue.
Run-time warning: matrix used in call to nimEigen() has a complex eigenvalue.
Run-time warning: matrix used in call to nimEigen() has a complex eigenvalue.
Run-time warning: matrix used in call to nimEigen() has a complex eigenvalue.
Run-time warning: matrix used in call to nimEigen() has a complex eigenvalue.
Run-time warning: matrix used in call to nimEigen() has a complex eigenvalue.
Run-time warning: matrix used in call to nimEigen() has a complex eigenvalue.
Run-time warning: matrix used in call to nimEigen() has a complex eigenvalue.
Run-time warning: matrix used in call to nimEigen() has a complex eigenvalue.
Run-time warning: matrix used in call to nimEigen() has a complex eigenvalue.
Run-time warning: matrix used in call to nimEigen() has a complex eigenvalue.
Run-time warning: matrix used in call to nimEigen() has a complex eigenvalue.
Run-time warning: matrix used in call to nimEigen() has a complex eigenvalue.
Run-time warning: matrix used in call to nimEigen() has a complex eigenvalue.
Run-time warning: matrix used in call to nimEigen() has a complex eigenvalue.
Run-time warning: matrix used in call to nimEigen() has a complex eigenvalue.
Run-time warning: matrix used in call to nimEigen() has a complex eigenvalue.
Run-time warning: matrix used in call to nimEigen() has a complex eigenvalue.
Run-time warning: matrix used in call to nimEigen() has a complex eigenvalue.
Run-time warning: matrix used in call to nimEigen() has a complex eigenvalue.
Run-time warning: matrix used in call to nimEigen() has a complex eigenvalue.
Run-time warning: matrix used in call to nimEigen() has a complex eigenvalue.
Run-time warning: matrix used in call to nimEigen() has a complex eigenvalue.
Run-time warning: matrix used in call to nimEigen() has a complex eigenvalue.
Run-time warning: matrix used in call to nimEigen() has a complex eigenvalue.
Run-time warning: matrix used in call to nimEigen() has a complex eigenvalue.
Run-time warning: matrix used in call to nimEigen() has a complex eigenvalue.
Run-time warning: matrix used in call to nimEigen() has a complex eigenvalue.
Run-time warning: matrix used in call to nimEigen() has a complex eigenvalue.
Run-time warning: matrix used in call to nimEigen() has a complex eigenvalue.
Run-time warning: matrix used in call to nimEigen() has a complex eigenvalue.
Run-time warning: matrix used in call to nimEigen() has a complex eigenvalue.
Run-time warning: matrix used in call to nimEigen() has a complex eigenvalue.
Run-time warning: matrix used in call to nimEigen() has a complex eigenvalue.
Run-time warning: matrix used in call to nimEigen() has a complex eigenvalue.
Run-time warning: matrix used in call to nimEigen() has a complex eigenvalue.
Run-time warning: matrix used in call to nimEigen() has a complex eigenvalue.
Run-time warning: matrix used in call to nimEigen() has a complex eigenvalue.
Run-time warning: matrix used in call to nimEigen() has a complex eigenvalue.
Run-time warning: matrix used in call to nimEigen() has a complex eigenvalue.
===== Monitors =====
thin = 1: log_kappa, rho
===== Samplers =====
slice sampler (225)
  - P[]  (225 elements)
RW sampler (2)
  - rho
  - log_kappa
CAR_proper sampler (1)
  - S[1:225] 
thin = 1: log_kappa, P, rho, S
Run-time warning: matrix used in call to nimEigen() has a complex eigenvalue.
Run-time warning: matrix used in call to nimEigen() has a complex eigenvalue.
Run-time warning: matrix used in call to nimEigen() has a complex eigenvalue.
Run-time warning: matrix used in call to nimEigen() has a complex eigenvalue.
Run-time warning: matrix used in call to nimEigen() has a complex eigenvalue.
Run-time warning: matrix used in call to nimEigen() has a complex eigenvalue.
Run-time warning: matrix used in call to nimEigen() has a complex eigenvalue.
Run-time warning: matrix used in call to nimEigen() has a complex eigenvalue.
Run-time warning: matrix used in call to nimEigen() has a complex eigenvalue.
Run-time warning: matrix used in call to nimEigen() has a complex eigenvalue.
Run-time warning: matrix used in call to nimEigen() has a complex eigenvalue.
Run-time warning: matrix used in call to nimEigen() has a complex eigenvalue.
Run-time warning: matrix used in call to nimEigen() has a complex eigenvalue.
Run-time warning: matrix used in call to nimEigen() has a complex eigenvalue.
Run-time warning: matrix used in call to nimEigen() has a complex eigenvalue.
Run-time warning: matrix used in call to nimEigen() has a complex eigenvalue.
Run-time warning: matrix used in call to nimEigen() has a complex eigenvalue.
Run-time warning: matrix used in call to nimEigen() has a complex eigenvalue.
Run-time warning: matrix used in call to nimEigen() has a complex eigenvalue.
Run-time warning: matrix used in call to nimEigen() has a complex eigenvalue.
Run-time warning: matrix used in call to nimEigen() has a complex eigenvalue.
Run-time warning: matrix used in call to nimEigen() has a complex eigenvalue.
Run-time warning: matrix used in call to nimEigen() has a complex eigenvalue.
Run-time warning: matrix used in call to nimEigen() has a complex eigenvalue.
Run-time warning: matrix used in call to nimEigen() has a complex eigenvalue.
Run-time warning: matrix used in call to nimEigen() has a complex eigenvalue.
Run-time warning: matrix used in call to nimEigen() has a complex eigenvalue.
Run-time warning: matrix used in call to nimEigen() has a complex eigenvalue.
Run-time warning: matrix used in call to nimEigen() has a complex eigenvalue.
Run-time warning: matrix used in call to nimEigen() has a complex eigenvalue.
Run-time warning: matrix used in call to nimEigen() has a complex eigenvalue.
Run-time warning: matrix used in call to nimEigen() has a complex eigenvalue.
Run-time warning: matrix used in call to nimEigen() has a complex eigenvalue.
Run-time warning: matrix used in call to nimEigen() has a complex eigenvalue.
Run-time warning: matrix used in call to nimEigen() has a complex eigenvalue.
Run-time warning: matrix used in call to nimEigen() has a complex eigenvalue.
Run-time warning: matrix used in call to nimEigen() has a complex eigenvalue.
Run-time warning: matrix used in call to nimEigen() has a complex eigenvalue.
Run-time warning: matrix used in call to nimEigen() has a complex eigenvalue.
Run-time warning: matrix used in call to nimEigen() has a complex eigenvalue.
Run-time warning: matrix used in call to nimEigen() has a complex eigenvalue.
Run-time warning: matrix used in call to nimEigen() has a complex eigenvalue.
Run-time warning: matrix used in call to nimEigen() has a complex eigenvalue.
Run-time warning: matrix used in call to nimEigen() has a complex eigenvalue.
Run-time warning: matrix used in call to nimEigen() has a complex eigenvalue.
Run-time warning: matrix used in call to nimEigen() has a complex eigenvalue.
Run-time warning: matrix used in call to nimEigen() has a complex eigenvalue.
Run-time warning: matrix used in call to nimEigen() has a complex eigenvalue.
===== Monitors =====
thin = 1: log_kappa, rho
===== Samplers =====
slice sampler (225)
  - P[]  (225 elements)
RW sampler (2)
  - rho
  - log_kappa
CAR_proper sampler (1)
  - S[1:225] 
thin = 1: log_kappa, P, rho, S
Run-time warning: matrix used in call to nimEigen() has a complex eigenvalue.
Run-time warning: matrix used in call to nimEigen() has a complex eigenvalue.
Run-time warning: matrix used in call to nimEigen() has a complex eigenvalue.
Run-time warning: matrix used in call to nimEigen() has a complex eigenvalue.
Run-time warning: matrix used in call to nimEigen() has a complex eigenvalue.
Run-time warning: matrix used in call to nimEigen() has a complex eigenvalue.
Run-time warning: matrix used in call to nimEigen() has a complex eigenvalue.
Run-time warning: matrix used in call to nimEigen() has a complex eigenvalue.
Run-time warning: matrix used in call to nimEigen() has a complex eigenvalue.
Run-time warning: matrix used in call to nimEigen() has a complex eigenvalue.
Run-time warning: matrix used in call to nimEigen() has a complex eigenvalue.
Run-time warning: matrix used in call to nimEigen() has a complex eigenvalue.
===== Monitors =====
thin = 1: log_kappa, rho
===== Samplers =====
slice sampler (225)
  - P[]  (225 elements)
RW sampler (2)
  - rho
  - log_kappa
CAR_proper sampler (1)
  - S[1:225] 
thin = 1: log_kappa, P, rho, S
===== Monitors =====
thin = 1: log_kappa, rho
===== Samplers =====
slice sampler (225)
  - P[]  (225 elements)
RW sampler (2)
  - rho
  - log_kappa
CAR_proper sampler (1)
  - S[1:225] 
thin = 1: log_kappa, P, rho, S
===== Monitors =====
thin = 1: log_kappa, rho
===== Samplers =====
slice sampler (225)
  - P[]  (225 elements)
RW sampler (2)
  - rho
  - log_kappa
CAR_proper sampler (1)
  - S[1:225] 
thin = 1: log_kappa, P, rho, S
Run-time warning: matrix used in call to nimEigen() has a complex eigenvalue.
Run-time warning: matrix used in call to nimEigen() has a complex eigenvalue.
Run-time warning: matrix used in call to nimEigen() has a complex eigenvalue.
Run-time warning: matrix used in call to nimEigen() has a complex eigenvalue.
Run-time warning: matrix used in call to nimEigen() has a complex eigenvalue.
Run-time warning: matrix used in call to nimEigen() has a complex eigenvalue.
Run-time warning: matrix used in call to nimEigen() has a complex eigenvalue.
Run-time warning: matrix used in call to nimEigen() has a complex eigenvalue.
Run-time warning: matrix used in call to nimEigen() has a complex eigenvalue.
Run-time warning: matrix used in call to nimEigen() has a complex eigenvalue.
Run-time warning: matrix used in call to nimEigen() has a complex eigenvalue.
Run-time warning: matrix used in call to nimEigen() has a complex eigenvalue.
===== Monitors =====
thin = 1: log_kappa, rho
===== Samplers =====
slice sampler (225)
  - P[]  (225 elements)
RW sampler (2)
  - rho
  - log_kappa
CAR_proper sampler (1)
  - S[1:225] 
thin = 1: log_kappa, P, rho, S
===== Monitors =====
thin = 1: log_kappa, rho
===== Samplers =====
slice sampler (225)
  - P[]  (225 elements)
RW sampler (2)
  - rho
  - log_kappa
CAR_proper sampler (1)
  - S[1:225] 
thin = 1: log_kappa, P, rho, S
===== Monitors =====
thin = 1: log_kappa, rho
===== Samplers =====
slice sampler (225)
  - P[]  (225 elements)
RW sampler (2)
  - rho
  - log_kappa
CAR_proper sampler (1)
  - S[1:225] 
thin = 1: log_kappa, P, rho, S
Run-time warning: matrix used in call to nimEigen() has a complex eigenvalue.
Run-time warning: matrix used in call to nimEigen() has a complex eigenvalue.
Run-time warning: matrix used in call to nimEigen() has a complex eigenvalue.
Run-time warning: matrix used in call to nimEigen() has a complex eigenvalue.
Run-time warning: matrix used in call to nimEigen() has a complex eigenvalue.
Run-time warning: matrix used in call to nimEigen() has a complex eigenvalue.
Run-time warning: matrix used in call to nimEigen() has a complex eigenvalue.
Run-time warning: matrix used in call to nimEigen() has a complex eigenvalue.
Run-time warning: matrix used in call to nimEigen() has a complex eigenvalue.
Run-time warning: matrix used in call to nimEigen() has a complex eigenvalue.
Run-time warning: matrix used in call to nimEigen() has a complex eigenvalue.
Run-time warning: matrix used in call to nimEigen() has a complex eigenvalue.
Run-time warning: matrix used in call to nimEigen() has a complex eigenvalue.
Run-time warning: matrix used in call to nimEigen() has a complex eigenvalue.
Run-time warning: matrix used in call to nimEigen() has a complex eigenvalue.
Run-time warning: matrix used in call to nimEigen() has a complex eigenvalue.
Run-time warning: matrix used in call to nimEigen() has a complex eigenvalue.
Run-time warning: matrix used in call to nimEigen() has a complex eigenvalue.
Run-time warning: matrix used in call to nimEigen() has a complex eigenvalue.
Run-time warning: matrix used in call to nimEigen() has a complex eigenvalue.
Run-time warning: matrix used in call to nimEigen() has a complex eigenvalue.
Run-time warning: matrix used in call to nimEigen() has a complex eigenvalue.
Run-time warning: matrix used in call to nimEigen() has a complex eigenvalue.
Run-time warning: matrix used in call to nimEigen() has a complex eigenvalue.
===== Monitors =====
thin = 1: log_kappa, rho
===== Samplers =====
slice sampler (225)
  - P[]  (225 elements)
RW sampler (2)
  - rho
  - log_kappa
CAR_proper sampler (1)
  - S[1:225] 
===== Monitors =====
thin = 1: log_kappa, rho
===== Samplers =====
slice sampler (225)
  - P[]  (225 elements)
RW sampler (2)
  - rho
  - log_kappa
CAR_proper sampler (1)
  - S[1:225] 
thin = 1: log_kappa, P, rho, S
thin = 1: log_kappa, P, rho, S
Run-time warning: matrix used in call to nimEigen() has a complex eigenvalue.
Run-time warning: matrix used in call to nimEigen() has a complex eigenvalue.
Run-time warning: matrix used in call to nimEigen() has a complex eigenvalue.
Run-time warning: matrix used in call to nimEigen() has a complex eigenvalue.
Run-time warning: matrix used in call to nimEigen() has a complex eigenvalue.
Run-time warning: matrix used in call to nimEigen() has a complex eigenvalue.
Run-time warning: matrix used in call to nimEigen() has a complex eigenvalue.
Run-time warning: matrix used in call to nimEigen() has a complex eigenvalue.
Run-time warning: matrix used in call to nimEigen() has a complex eigenvalue.
Run-time warning: matrix used in call to nimEigen() has a complex eigenvalue.
Run-time warning: matrix used in call to nimEigen() has a complex eigenvalue.
Run-time warning: matrix used in call to nimEigen() has a complex eigenvalue.
Run-time warning: matrix used in call to nimEigen() has a complex eigenvalue.
Run-time warning: matrix used in call to nimEigen() has a complex eigenvalue.
Run-time warning: matrix used in call to nimEigen() has a complex eigenvalue.
Run-time warning: matrix used in call to nimEigen() has a complex eigenvalue.
Run-time warning: matrix used in call to nimEigen() has a complex eigenvalue.
Run-time warning: matrix used in call to nimEigen() has a complex eigenvalue.
Run-time warning: matrix used in call to nimEigen() has a complex eigenvalue.
Run-time warning: matrix used in call to nimEigen() has a complex eigenvalue.
Run-time warning: matrix used in call to nimEigen() has a complex eigenvalue.
Run-time warning: matrix used in call to nimEigen() has a complex eigenvalue.
Run-time warning: matrix used in call to nimEigen() has a complex eigenvalue.
Run-time warning: matrix used in call to nimEigen() has a complex eigenvalue.
Run-time warning: matrix used in call to nimEigen() has a complex eigenvalue.
Run-time warning: matrix used in call to nimEigen() has a complex eigenvalue.
Run-time warning: matrix used in call to nimEigen() has a complex eigenvalue.
Run-time warning: matrix used in call to nimEigen() has a complex eigenvalue.
Run-time warning: matrix used in call to nimEigen() has a complex eigenvalue.
Run-time warning: matrix used in call to nimEigen() has a complex eigenvalue.
Run-time warning: matrix used in call to nimEigen() has a complex eigenvalue.
Run-time warning: matrix used in call to nimEigen() has a complex eigenvalue.
Run-time warning: matrix used in call to nimEigen() has a complex eigenvalue.
Run-time warning: matrix used in call to nimEigen() has a complex eigenvalue.
Run-time warning: matrix used in call to nimEigen() has a complex eigenvalue.
Run-time warning: matrix used in call to nimEigen() has a complex eigenvalue.
===== Monitors =====
thin = 1: log_kappa, rho
===== Samplers =====
slice sampler (225)
  - P[]  (225 elements)
RW sampler (2)
  - rho
  - log_kappa
CAR_proper sampler (1)
  - S[1:225] 
Run-time warning: matrix used in call to nimEigen() has a complex eigenvalue.
Run-time warning: matrix used in call to nimEigen() has a complex eigenvalue.
Run-time warning: matrix used in call to nimEigen() has a complex eigenvalue.
Run-time warning: matrix used in call to nimEigen() has a complex eigenvalue.
Run-time warning: matrix used in call to nimEigen() has a complex eigenvalue.
Run-time warning: matrix used in call to nimEigen() has a complex eigenvalue.
Run-time warning: matrix used in call to nimEigen() has a complex eigenvalue.
Run-time warning: matrix used in call to nimEigen() has a complex eigenvalue.
Run-time warning: matrix used in call to nimEigen() has a complex eigenvalue.
Run-time warning: matrix used in call to nimEigen() has a complex eigenvalue.
Run-time warning: matrix used in call to nimEigen() has a complex eigenvalue.
Run-time warning: matrix used in call to nimEigen() has a complex eigenvalue.
Run-time warning: matrix used in call to nimEigen() has a complex eigenvalue.
Run-time warning: matrix used in call to nimEigen() has a complex eigenvalue.
Run-time warning: matrix used in call to nimEigen() has a complex eigenvalue.
Run-time warning: matrix used in call to nimEigen() has a complex eigenvalue.
Run-time warning: matrix used in call to nimEigen() has a complex eigenvalue.
Run-time warning: matrix used in call to nimEigen() has a complex eigenvalue.
Run-time warning: matrix used in call to nimEigen() has a complex eigenvalue.
Run-time warning: matrix used in call to nimEigen() has a complex eigenvalue.
Run-time warning: matrix used in call to nimEigen() has a complex eigenvalue.
Run-time warning: matrix used in call to nimEigen() has a complex eigenvalue.
Run-time warning: matrix used in call to nimEigen() has a complex eigenvalue.
Run-time warning: matrix used in call to nimEigen() has a complex eigenvalue.
thin = 1: log_kappa, P, rho, S
===== Monitors =====
thin = 1: log_kappa, rho
===== Samplers =====
slice sampler (225)
  - P[]  (225 elements)
RW sampler (2)
  - rho
  - log_kappa
CAR_proper sampler (1)
  - S[1:225] 
Run-time warning: matrix used in call to nimEigen() has a complex eigenvalue.
Run-time warning: matrix used in call to nimEigen() has a complex eigenvalue.
Run-time warning: matrix used in call to nimEigen() has a complex eigenvalue.
Run-time warning: matrix used in call to nimEigen() has a complex eigenvalue.
Run-time warning: matrix used in call to nimEigen() has a complex eigenvalue.
Run-time warning: matrix used in call to nimEigen() has a complex eigenvalue.
Run-time warning: matrix used in call to nimEigen() has a complex eigenvalue.
Run-time warning: matrix used in call to nimEigen() has a complex eigenvalue.
Run-time warning: matrix used in call to nimEigen() has a complex eigenvalue.
Run-time warning: matrix used in call to nimEigen() has a complex eigenvalue.
Run-time warning: matrix used in call to nimEigen() has a complex eigenvalue.
Run-time warning: matrix used in call to nimEigen() has a complex eigenvalue.
thin = 1: log_kappa, P, rho, S
Run-time warning: matrix used in call to nimEigen() has a complex eigenvalue.
Run-time warning: matrix used in call to nimEigen() has a complex eigenvalue.
Run-time warning: matrix used in call to nimEigen() has a complex eigenvalue.
Run-time warning: matrix used in call to nimEigen() has a complex eigenvalue.
Run-time warning: matrix used in call to nimEigen() has a complex eigenvalue.
Run-time warning: matrix used in call to nimEigen() has a complex eigenvalue.
Run-time warning: matrix used in call to nimEigen() has a complex eigenvalue.
Run-time warning: matrix used in call to nimEigen() has a complex eigenvalue.
Run-time warning: matrix used in call to nimEigen() has a complex eigenvalue.
Run-time warning: matrix used in call to nimEigen() has a complex eigenvalue.
Run-time warning: matrix used in call to nimEigen() has a complex eigenvalue.
Run-time warning: matrix used in call to nimEigen() has a complex eigenvalue.
===== Monitors =====
thin = 1: log_kappa, rho
===== Samplers =====
slice sampler (225)
  - P[]  (225 elements)
RW sampler (2)
  - rho
  - log_kappa
CAR_proper sampler (1)
  - S[1:225] 
thin = 1: log_kappa, P, rho, S
Run-time warning: matrix used in call to nimEigen() has a complex eigenvalue.
Run-time warning: matrix used in call to nimEigen() has a complex eigenvalue.
Run-time warning: matrix used in call to nimEigen() has a complex eigenvalue.
Run-time warning: matrix used in call to nimEigen() has a complex eigenvalue.
Run-time warning: matrix used in call to nimEigen() has a complex eigenvalue.
Run-time warning: matrix used in call to nimEigen() has a complex eigenvalue.
Run-time warning: matrix used in call to nimEigen() has a complex eigenvalue.
Run-time warning: matrix used in call to nimEigen() has a complex eigenvalue.
Run-time warning: matrix used in call to nimEigen() has a complex eigenvalue.
Run-time warning: matrix used in call to nimEigen() has a complex eigenvalue.
Run-time warning: matrix used in call to nimEigen() has a complex eigenvalue.
Run-time warning: matrix used in call to nimEigen() has a complex eigenvalue.
===== Monitors =====
thin = 1: log_kappa, rho
===== Samplers =====
slice sampler (225)
  - P[]  (225 elements)
RW sampler (2)
  - rho
  - log_kappa
CAR_proper sampler (1)
  - S[1:225] 
thin = 1: log_kappa, P, rho, S
Run-time warning: matrix used in call to nimEigen() has a complex eigenvalue.
Run-time warning: matrix used in call to nimEigen() has a complex eigenvalue.
Run-time warning: matrix used in call to nimEigen() has a complex eigenvalue.
Run-time warning: matrix used in call to nimEigen() has a complex eigenvalue.
Run-time warning: matrix used in call to nimEigen() has a complex eigenvalue.
Run-time warning: matrix used in call to nimEigen() has a complex eigenvalue.
Run-time warning: matrix used in call to nimEigen() has a complex eigenvalue.
Run-time warning: matrix used in call to nimEigen() has a complex eigenvalue.
Run-time warning: matrix used in call to nimEigen() has a complex eigenvalue.
Run-time warning: matrix used in call to nimEigen() has a complex eigenvalue.
Run-time warning: matrix used in call to nimEigen() has a complex eigenvalue.
Run-time warning: matrix used in call to nimEigen() has a complex eigenvalue.
Run-time warning: matrix used in call to nimEigen() has a complex eigenvalue.
Run-time warning: matrix used in call to nimEigen() has a complex eigenvalue.
Run-time warning: matrix used in call to nimEigen() has a complex eigenvalue.
Run-time warning: matrix used in call to nimEigen() has a complex eigenvalue.
Run-time warning: matrix used in call to nimEigen() has a complex eigenvalue.
Run-time warning: matrix used in call to nimEigen() has a complex eigenvalue.
Run-time warning: matrix used in call to nimEigen() has a complex eigenvalue.
Run-time warning: matrix used in call to nimEigen() has a complex eigenvalue.
Run-time warning: matrix used in call to nimEigen() has a complex eigenvalue.
Run-time warning: matrix used in call to nimEigen() has a complex eigenvalue.
Run-time warning: matrix used in call to nimEigen() has a complex eigenvalue.
Run-time warning: matrix used in call to nimEigen() has a complex eigenvalue.
Run-time warning: matrix used in call to nimEigen() has a complex eigenvalue.
Run-time warning: matrix used in call to nimEigen() has a complex eigenvalue.
Run-time warning: matrix used in call to nimEigen() has a complex eigenvalue.
Run-time warning: matrix used in call to nimEigen() has a complex eigenvalue.
Run-time warning: matrix used in call to nimEigen() has a complex eigenvalue.
Run-time warning: matrix used in call to nimEigen() has a complex eigenvalue.
Run-time warning: matrix used in call to nimEigen() has a complex eigenvalue.
Run-time warning: matrix used in call to nimEigen() has a complex eigenvalue.
Run-time warning: matrix used in call to nimEigen() has a complex eigenvalue.
Run-time warning: matrix used in call to nimEigen() has a complex eigenvalue.
Run-time warning: matrix used in call to nimEigen() has a complex eigenvalue.
Run-time warning: matrix used in call to nimEigen() has a complex eigenvalue.
Run-time warning: matrix used in call to nimEigen() has a complex eigenvalue.
Run-time warning: matrix used in call to nimEigen() has a complex eigenvalue.
Run-time warning: matrix used in call to nimEigen() has a complex eigenvalue.
Run-time warning: matrix used in call to nimEigen() has a complex eigenvalue.
Run-time warning: matrix used in call to nimEigen() has a complex eigenvalue.
Run-time warning: matrix used in call to nimEigen() has a complex eigenvalue.
Run-time warning: matrix used in call to nimEigen() has a complex eigenvalue.
Run-time warning: matrix used in call to nimEigen() has a complex eigenvalue.
Run-time warning: matrix used in call to nimEigen() has a complex eigenvalue.
Run-time warning: matrix used in call to nimEigen() has a complex eigenvalue.
Run-time warning: matrix used in call to nimEigen() has a complex eigenvalue.
Run-time warning: matrix used in call to nimEigen() has a complex eigenvalue.
Run-time warning: matrix used in call to nimEigen() has a complex eigenvalue.
Run-time warning: matrix used in call to nimEigen() has a complex eigenvalue.
Run-time warning: matrix used in call to nimEigen() has a complex eigenvalue.
Run-time warning: matrix used in call to nimEigen() has a complex eigenvalue.
Run-time warning: matrix used in call to nimEigen() has a complex eigenvalue.
Run-time warning: matrix used in call to nimEigen() has a complex eigenvalue.
Run-time warning: matrix used in call to nimEigen() has a complex eigenvalue.
Run-time warning: matrix used in call to nimEigen() has a complex eigenvalue.
Run-time warning: matrix used in call to nimEigen() has a complex eigenvalue.
Run-time warning: matrix used in call to nimEigen() has a complex eigenvalue.
Run-time warning: matrix used in call to nimEigen() has a complex eigenvalue.
Run-time warning: matrix used in call to nimEigen() has a complex eigenvalue.
Run-time warning: matrix used in call to nimEigen() has a complex eigenvalue.
Run-time warning: matrix used in call to nimEigen() has a complex eigenvalue.
Run-time warning: matrix used in call to nimEigen() has a complex eigenvalue.
Run-time warning: matrix used in call to nimEigen() has a complex eigenvalue.
Run-time warning: matrix used in call to nimEigen() has a complex eigenvalue.
Run-time warning: matrix used in call to nimEigen() has a complex eigenvalue.
Run-time warning: matrix used in call to nimEigen() has a complex eigenvalue.
Run-time warning: matrix used in call to nimEigen() has a complex eigenvalue.
Run-time warning: matrix used in call to nimEigen() has a complex eigenvalue.
Run-time warning: matrix used in call to nimEigen() has a complex eigenvalue.
Run-time warning: matrix used in call to nimEigen() has a complex eigenvalue.
Run-time warning: matrix used in call to nimEigen() has a complex eigenvalue.
===== Monitors =====
thin = 1: log_kappa, rho
===== Samplers =====
slice sampler (225)
  - P[]  (225 elements)
RW sampler (2)
  - rho
  - log_kappa
CAR_proper sampler (1)
  - S[1:225] 
===== Monitors =====
thin = 1: log_kappa, rho
===== Samplers =====
slice sampler (225)
  - P[]  (225 elements)
RW sampler (2)
  - rho
  - log_kappa
CAR_proper sampler (1)
  - S[1:225] 
Run-time warning: matrix used in call to nimEigen() has a complex eigenvalue.
Run-time warning: matrix used in call to nimEigen() has a complex eigenvalue.
Run-time warning: matrix used in call to nimEigen() has a complex eigenvalue.
Run-time warning: matrix used in call to nimEigen() has a complex eigenvalue.
Run-time warning: matrix used in call to nimEigen() has a complex eigenvalue.
Run-time warning: matrix used in call to nimEigen() has a complex eigenvalue.
Run-time warning: matrix used in call to nimEigen() has a complex eigenvalue.
Run-time warning: matrix used in call to nimEigen() has a complex eigenvalue.
Run-time warning: matrix used in call to nimEigen() has a complex eigenvalue.
Run-time warning: matrix used in call to nimEigen() has a complex eigenvalue.
Run-time warning: matrix used in call to nimEigen() has a complex eigenvalue.
Run-time warning: matrix used in call to nimEigen() has a complex eigenvalue.
thin = 1: log_kappa, P, rho, S
thin = 1: log_kappa, P, rho, S
===== Monitors =====
thin = 1: log_kappa, rho
===== Samplers =====
slice sampler (225)
  - P[]  (225 elements)
RW sampler (2)
  - rho
  - log_kappa
CAR_proper sampler (1)
  - S[1:225] 
Run-time warning: matrix used in call to nimEigen() has a complex eigenvalue.
Run-time warning: matrix used in call to nimEigen() has a complex eigenvalue.
Run-time warning: matrix used in call to nimEigen() has a complex eigenvalue.
Run-time warning: matrix used in call to nimEigen() has a complex eigenvalue.
Run-time warning: matrix used in call to nimEigen() has a complex eigenvalue.
Run-time warning: matrix used in call to nimEigen() has a complex eigenvalue.
Run-time warning: matrix used in call to nimEigen() has a complex eigenvalue.
Run-time warning: matrix used in call to nimEigen() has a complex eigenvalue.
Run-time warning: matrix used in call to nimEigen() has a complex eigenvalue.
Run-time warning: matrix used in call to nimEigen() has a complex eigenvalue.
Run-time warning: matrix used in call to nimEigen() has a complex eigenvalue.
Run-time warning: matrix used in call to nimEigen() has a complex eigenvalue.
===== Monitors =====
thin = 1: log_kappa, rho
===== Samplers =====
slice sampler (225)
  - P[]  (225 elements)
RW sampler (2)
  - rho
  - log_kappa
CAR_proper sampler (1)
  - S[1:225] 
Run-time warning: matrix used in call to nimEigen() has a complex eigenvalue.
Run-time warning: matrix used in call to nimEigen() has a complex eigenvalue.
Run-time warning: matrix used in call to nimEigen() has a complex eigenvalue.
Run-time warning: matrix used in call to nimEigen() has a complex eigenvalue.
Run-time warning: matrix used in call to nimEigen() has a complex eigenvalue.
Run-time warning: matrix used in call to nimEigen() has a complex eigenvalue.
Run-time warning: matrix used in call to nimEigen() has a complex eigenvalue.
Run-time warning: matrix used in call to nimEigen() has a complex eigenvalue.
Run-time warning: matrix used in call to nimEigen() has a complex eigenvalue.
Run-time warning: matrix used in call to nimEigen() has a complex eigenvalue.
Run-time warning: matrix used in call to nimEigen() has a complex eigenvalue.
Run-time warning: matrix used in call to nimEigen() has a complex eigenvalue.
thin = 1: log_kappa, P, rho, S
Run-time warning: matrix used in call to nimEigen() has a complex eigenvalue.
Run-time warning: matrix used in call to nimEigen() has a complex eigenvalue.
Run-time warning: matrix used in call to nimEigen() has a complex eigenvalue.
Run-time warning: matrix used in call to nimEigen() has a complex eigenvalue.
Run-time warning: matrix used in call to nimEigen() has a complex eigenvalue.
Run-time warning: matrix used in call to nimEigen() has a complex eigenvalue.
Run-time warning: matrix used in call to nimEigen() has a complex eigenvalue.
Run-time warning: matrix used in call to nimEigen() has a complex eigenvalue.
Run-time warning: matrix used in call to nimEigen() has a complex eigenvalue.
Run-time warning: matrix used in call to nimEigen() has a complex eigenvalue.
Run-time warning: matrix used in call to nimEigen() has a complex eigenvalue.
Run-time warning: matrix used in call to nimEigen() has a complex eigenvalue.
thin = 1: log_kappa, P, rho, S
Run-time warning: matrix used in call to nimEigen() has a complex eigenvalue.
Run-time warning: matrix used in call to nimEigen() has a complex eigenvalue.
Run-time warning: matrix used in call to nimEigen() has a complex eigenvalue.
Run-time warning: matrix used in call to nimEigen() has a complex eigenvalue.
Run-time warning: matrix used in call to nimEigen() has a complex eigenvalue.
Run-time warning: matrix used in call to nimEigen() has a complex eigenvalue.
Run-time warning: matrix used in call to nimEigen() has a complex eigenvalue.
Run-time warning: matrix used in call to nimEigen() has a complex eigenvalue.
Run-time warning: matrix used in call to nimEigen() has a complex eigenvalue.
Run-time warning: matrix used in call to nimEigen() has a complex eigenvalue.
Run-time warning: matrix used in call to nimEigen() has a complex eigenvalue.
Run-time warning: matrix used in call to nimEigen() has a complex eigenvalue.
===== Monitors =====
thin = 1: log_kappa, rho
===== Samplers =====
slice sampler (225)
  - P[]  (225 elements)
RW sampler (2)
  - rho
  - log_kappa
CAR_proper sampler (1)
  - S[1:225] 
thin = 1: log_kappa, P, rho, S
Run-time warning: matrix used in call to nimEigen() has a complex eigenvalue.
Run-time warning: matrix used in call to nimEigen() has a complex eigenvalue.
Run-time warning: matrix used in call to nimEigen() has a complex eigenvalue.
Run-time warning: matrix used in call to nimEigen() has a complex eigenvalue.
Run-time warning: matrix used in call to nimEigen() has a complex eigenvalue.
Run-time warning: matrix used in call to nimEigen() has a complex eigenvalue.
Run-time warning: matrix used in call to nimEigen() has a complex eigenvalue.
Run-time warning: matrix used in call to nimEigen() has a complex eigenvalue.
Run-time warning: matrix used in call to nimEigen() has a complex eigenvalue.
Run-time warning: matrix used in call to nimEigen() has a complex eigenvalue.
Run-time warning: matrix used in call to nimEigen() has a complex eigenvalue.
Run-time warning: matrix used in call to nimEigen() has a complex eigenvalue.
Run-time warning: matrix used in call to nimEigen() has a complex eigenvalue.
Run-time warning: matrix used in call to nimEigen() has a complex eigenvalue.
Run-time warning: matrix used in call to nimEigen() has a complex eigenvalue.
Run-time warning: matrix used in call to nimEigen() has a complex eigenvalue.
Run-time warning: matrix used in call to nimEigen() has a complex eigenvalue.
Run-time warning: matrix used in call to nimEigen() has a complex eigenvalue.
Run-time warning: matrix used in call to nimEigen() has a complex eigenvalue.
Run-time warning: matrix used in call to nimEigen() has a complex eigenvalue.
Run-time warning: matrix used in call to nimEigen() has a complex eigenvalue.
Run-time warning: matrix used in call to nimEigen() has a complex eigenvalue.
Run-time warning: matrix used in call to nimEigen() has a complex eigenvalue.
Run-time warning: matrix used in call to nimEigen() has a complex eigenvalue.
Run-time warning: matrix used in call to nimEigen() has a complex eigenvalue.
Run-time warning: matrix used in call to nimEigen() has a complex eigenvalue.
Run-time warning: matrix used in call to nimEigen() has a complex eigenvalue.
Run-time warning: matrix used in call to nimEigen() has a complex eigenvalue.
Run-time warning: matrix used in call to nimEigen() has a complex eigenvalue.
Run-time warning: matrix used in call to nimEigen() has a complex eigenvalue.
Run-time warning: matrix used in call to nimEigen() has a complex eigenvalue.
Run-time warning: matrix used in call to nimEigen() has a complex eigenvalue.
Run-time warning: matrix used in call to nimEigen() has a complex eigenvalue.
Run-time warning: matrix used in call to nimEigen() has a complex eigenvalue.
Run-time warning: matrix used in call to nimEigen() has a complex eigenvalue.
Run-time warning: matrix used in call to nimEigen() has a complex eigenvalue.
Run-time warning: matrix used in call to nimEigen() has a complex eigenvalue.
Run-time warning: matrix used in call to nimEigen() has a complex eigenvalue.
Run-time warning: matrix used in call to nimEigen() has a complex eigenvalue.
Run-time warning: matrix used in call to nimEigen() has a complex eigenvalue.
Run-time warning: matrix used in call to nimEigen() has a complex eigenvalue.
Run-time warning: matrix used in call to nimEigen() has a complex eigenvalue.
Run-time warning: matrix used in call to nimEigen() has a complex eigenvalue.
Run-time warning: matrix used in call to nimEigen() has a complex eigenvalue.
Run-time warning: matrix used in call to nimEigen() has a complex eigenvalue.
Run-time warning: matrix used in call to nimEigen() has a complex eigenvalue.
Run-time warning: matrix used in call to nimEigen() has a complex eigenvalue.
Run-time warning: matrix used in call to nimEigen() has a complex eigenvalue.
Run-time warning: matrix used in call to nimEigen() has a complex eigenvalue.
Run-time warning: matrix used in call to nimEigen() has a complex eigenvalue.
Run-time warning: matrix used in call to nimEigen() has a complex eigenvalue.
Run-time warning: matrix used in call to nimEigen() has a complex eigenvalue.
Run-time warning: matrix used in call to nimEigen() has a complex eigenvalue.
Run-time warning: matrix used in call to nimEigen() has a complex eigenvalue.
Run-time warning: matrix used in call to nimEigen() has a complex eigenvalue.
Run-time warning: matrix used in call to nimEigen() has a complex eigenvalue.
Run-time warning: matrix used in call to nimEigen() has a complex eigenvalue.
Run-time warning: matrix used in call to nimEigen() has a complex eigenvalue.
Run-time warning: matrix used in call to nimEigen() has a complex eigenvalue.
Run-time warning: matrix used in call to nimEigen() has a complex eigenvalue.
Run-time warning: matrix used in call to nimEigen() has a complex eigenvalue.
Run-time warning: matrix used in call to nimEigen() has a complex eigenvalue.
Run-time warning: matrix used in call to nimEigen() has a complex eigenvalue.
Run-time warning: matrix used in call to nimEigen() has a complex eigenvalue.
Run-time warning: matrix used in call to nimEigen() has a complex eigenvalue.
Run-time warning: matrix used in call to nimEigen() has a complex eigenvalue.
Run-time warning: matrix used in call to nimEigen() has a complex eigenvalue.
Run-time warning: matrix used in call to nimEigen() has a complex eigenvalue.
Run-time warning: matrix used in call to nimEigen() has a complex eigenvalue.
Run-time warning: matrix used in call to nimEigen() has a complex eigenvalue.
Run-time warning: matrix used in call to nimEigen() has a complex eigenvalue.
Run-time warning: matrix used in call to nimEigen() has a complex eigenvalue.
===== Monitors =====
thin = 1: log_kappa, rho
===== Samplers =====
slice sampler (225)
  - P[]  (225 elements)
RW sampler (2)
  - rho
  - log_kappa
CAR_proper sampler (1)
  - S[1:225] 
thin = 1: log_kappa, P, rho, S
===== Monitors =====
thin = 1: log_kappa, rho
===== Samplers =====
slice sampler (225)
  - P[]  (225 elements)
RW sampler (2)
  - rho
  - log_kappa
CAR_proper sampler (1)
  - S[1:225] 
===== Monitors =====
thin = 1: log_kappa, rho
===== Samplers =====
slice sampler (225)
  - P[]  (225 elements)
RW sampler (2)
  - rho
  - log_kappa
CAR_proper sampler (1)
  - S[1:225] 
thin = 1: log_kappa, P, rho, S
===== Monitors =====
thin = 1: log_kappa, rho
===== Samplers =====
slice sampler (225)
  - P[]  (225 elements)
RW sampler (2)
  - rho
  - log_kappa
CAR_proper sampler (1)
  - S[1:225] 
thin = 1: log_kappa, P, rho, S
thin = 1: log_kappa, P, rho, S
Run-time warning: matrix used in call to nimEigen() has a complex eigenvalue.
Run-time warning: matrix used in call to nimEigen() has a complex eigenvalue.
Run-time warning: matrix used in call to nimEigen() has a complex eigenvalue.
Run-time warning: matrix used in call to nimEigen() has a complex eigenvalue.
Run-time warning: matrix used in call to nimEigen() has a complex eigenvalue.
Run-time warning: matrix used in call to nimEigen() has a complex eigenvalue.
Run-time warning: matrix used in call to nimEigen() has a complex eigenvalue.
Run-time warning: matrix used in call to nimEigen() has a complex eigenvalue.
Run-time warning: matrix used in call to nimEigen() has a complex eigenvalue.
Run-time warning: matrix used in call to nimEigen() has a complex eigenvalue.
Run-time warning: matrix used in call to nimEigen() has a complex eigenvalue.
Run-time warning: matrix used in call to nimEigen() has a complex eigenvalue.
Run-time warning: matrix used in call to nimEigen() has a complex eigenvalue.
Run-time warning: matrix used in call to nimEigen() has a complex eigenvalue.
Run-time warning: matrix used in call to nimEigen() has a complex eigenvalue.
Run-time warning: matrix used in call to nimEigen() has a complex eigenvalue.
Run-time warning: matrix used in call to nimEigen() has a complex eigenvalue.
Run-time warning: matrix used in call to nimEigen() has a complex eigenvalue.
Run-time warning: matrix used in call to nimEigen() has a complex eigenvalue.
Run-time warning: matrix used in call to nimEigen() has a complex eigenvalue.
Run-time warning: matrix used in call to nimEigen() has a complex eigenvalue.
Run-time warning: matrix used in call to nimEigen() has a complex eigenvalue.
Run-time warning: matrix used in call to nimEigen() has a complex eigenvalue.
Run-time warning: matrix used in call to nimEigen() has a complex eigenvalue.
Run-time warning: matrix used in call to nimEigen() has a complex eigenvalue.
Run-time warning: matrix used in call to nimEigen() has a complex eigenvalue.
Run-time warning: matrix used in call to nimEigen() has a complex eigenvalue.
Run-time warning: matrix used in call to nimEigen() has a complex eigenvalue.
Run-time warning: matrix used in call to nimEigen() has a complex eigenvalue.
Run-time warning: matrix used in call to nimEigen() has a complex eigenvalue.
Run-time warning: matrix used in call to nimEigen() has a complex eigenvalue.
Run-time warning: matrix used in call to nimEigen() has a complex eigenvalue.
Run-time warning: matrix used in call to nimEigen() has a complex eigenvalue.
Run-time warning: matrix used in call to nimEigen() has a complex eigenvalue.
Run-time warning: matrix used in call to nimEigen() has a complex eigenvalue.
Run-time warning: matrix used in call to nimEigen() has a complex eigenvalue.
===== Monitors =====
thin = 1: log_kappa, rho
===== Samplers =====
slice sampler (225)
  - P[]  (225 elements)
RW sampler (2)
  - rho
  - log_kappa
CAR_proper sampler (1)
  - S[1:225] 
thin = 1: log_kappa, P, rho, S
===== Monitors =====
thin = 1: log_kappa, rho
===== Samplers =====
slice sampler (225)
  - P[]  (225 elements)
RW sampler (2)
  - rho
  - log_kappa
CAR_proper sampler (1)
  - S[1:225] 
thin = 1: log_kappa, P, rho, S
===== Monitors =====
thin = 1: log_kappa, rho
===== Samplers =====
slice sampler (225)
  - P[]  (225 elements)
RW sampler (2)
  - rho
  - log_kappa
CAR_proper sampler (1)
  - S[1:225] 
===== Monitors =====
thin = 1: log_kappa, rho
===== Samplers =====
slice sampler (225)
  - P[]  (225 elements)
RW sampler (2)
  - rho
  - log_kappa
CAR_proper sampler (1)
  - S[1:225] 
thin = 1: log_kappa, P, rho, S
===== Monitors =====
thin = 1: log_kappa, rho
===== Samplers =====
===== Monitors =====
thin = 1: log_kappa, rho
===== Samplers =====
slice sampler (225)
  - P[]  (225 elements)
RW sampler (2)
  - rho
  - log_kappa
CAR_proper sampler (1)
  - S[1:225] 
thin = 1: log_kappa, P, rho, S
thin = 1: log_kappa, P, rho, S
slice sampler (225)
  - P[]  (225 elements)
RW sampler (2)
  - rho
  - log_kappa
CAR_proper sampler (1)
  - S[1:225] 
thin = 1: log_kappa, P, rho, S
===== Monitors =====
thin = 1: log_kappa, rho
===== Samplers =====
slice sampler (225)
  - P[]  (225 elements)
RW sampler (2)
  - rho
  - log_kappa
CAR_proper sampler (1)
  - S[1:225] 
thin = 1: log_kappa, P, rho, S
===== Monitors =====
thin = 1: log_kappa, rho
===== Samplers =====
slice sampler (225)
  - P[]  (225 elements)
RW sampler (2)
  - rho
  - log_kappa
CAR_proper sampler (1)
  - S[1:225] 
thin = 1: log_kappa, P, rho, S
===== Monitors =====
thin = 1: log_kappa, rho
===== Samplers =====
slice sampler (225)
  - P[]  (225 elements)
RW sampler (2)
  - rho
  - log_kappa
CAR_proper sampler (1)
  - S[1:225] 
thin = 1: log_kappa, P, rho, S
===== Monitors =====
thin = 1: log_kappa, rho
===== Samplers =====
slice sampler (225)
  - P[]  (225 elements)
RW sampler (2)
  - rho
  - log_kappa
CAR_proper sampler (1)
  - S[1:225] 
thin = 1: log_kappa, P, rho, S
===== Monitors =====
thin = 1: log_kappa, rho
===== Samplers =====
slice sampler (225)
  - P[]  (225 elements)
RW sampler (2)
  - rho
  - log_kappa
CAR_proper sampler (1)
  - S[1:225] 
===== Monitors =====
thin = 1: log_kappa, rho
===== Samplers =====
slice sampler (225)
  - P[]  (225 elements)
RW sampler (2)
  - rho
  - log_kappa
CAR_proper sampler (1)
  - S[1:225] 
thin = 1: log_kappa, P, rho, S
thin = 1: log_kappa, P, rho, S
===== Monitors =====
thin = 1: log_kappa, rho
===== Samplers =====
slice sampler (225)
  - P[]  (225 elements)
RW sampler (2)
  - rho
  - log_kappa
CAR_proper sampler (1)
  - S[1:225] 
thin = 1: log_kappa, P, rho, S
===== Monitors =====
thin = 1: log_kappa, rho
===== Samplers =====
===== Monitors =====
thin = 1: log_kappa, rho
===== Samplers =====
slice sampler (225)
  - P[]  (225 elements)
RW sampler (2)
  - rho
  - log_kappa
CAR_proper sampler (1)
  - S[1:225] 
slice sampler (225)
  - P[]  (225 elements)
RW sampler (2)
  - rho
  - log_kappa
CAR_proper sampler (1)
  - S[1:225] 
thin = 1: log_kappa, P, rho, S
===== Monitors =====
thin = 1: log_kappa, rho
===== Samplers =====
thin = 1: log_kappa, P, rho, S
===== Monitors =====
thin = 1: log_kappa, rho
===== Samplers =====
slice sampler (225)
  - P[]  (225 elements)
RW sampler (2)
  - rho
  - log_kappa
CAR_proper sampler (1)
  - S[1:225] 
slice sampler (225)
  - P[]  (225 elements)
RW sampler (2)
  - rho
  - log_kappa
CAR_proper sampler (1)
  - S[1:225] 
thin = 1: log_kappa, P, rho, S
===== Monitors =====
thin = 1: log_kappa, rho
===== Samplers =====
thin = 1: log_kappa, P, rho, S
slice sampler (225)
  - P[]  (225 elements)
RW sampler (2)
  - rho
  - log_kappa
CAR_proper sampler (1)
  - S[1:225] 
thin = 1: log_kappa, P, rho, S
===== Monitors =====
thin = 1: log_kappa, rho
===== Samplers =====
slice sampler (225)
  - P[]  (225 elements)
RW sampler (2)
  - rho
  - log_kappa
CAR_proper sampler (1)
  - S[1:225] 
thin = 1: log_kappa, P, rho, S
===== Monitors =====
thin = 1: log_kappa, rho
===== Samplers =====
slice sampler (225)
  - P[]  (225 elements)
RW sampler (2)
  - rho
  - log_kappa
CAR_proper sampler (1)
  - S[1:225] 
thin = 1: log_kappa, P, rho, S
===== Monitors =====
thin = 1: log_kappa, rho
===== Samplers =====
slice sampler (225)
  - P[]  (225 elements)
RW sampler (2)
  - rho
  - log_kappa
CAR_proper sampler (1)
  - S[1:225] 
thin = 1: log_kappa, P, rho, S
===== Monitors =====
thin = 1: log_kappa, rho
===== Samplers =====
slice sampler (225)
  - P[]  (225 elements)
RW sampler (2)
  - rho
  - log_kappa
CAR_proper sampler (1)
  - S[1:225] 
===== Monitors =====
thin = 1: log_kappa, rho
===== Samplers =====
slice sampler (225)
  - P[]  (225 elements)
RW sampler (2)
  - rho
  - log_kappa
CAR_proper sampler (1)
  - S[1:225] 
thin = 1: log_kappa, P, rho, S
===== Monitors =====
thin = 1: log_kappa, rho
===== Samplers =====
slice sampler (225)
  - P[]  (225 elements)
RW sampler (2)
  - rho
  - log_kappa
CAR_proper sampler (1)
  - S[1:225] 
thin = 1: log_kappa, P, rho, S
thin = 1: log_kappa, P, rho, S
Run-time warning: matrix used in call to nimEigen() has a complex eigenvalue.
Run-time warning: matrix used in call to nimEigen() has a complex eigenvalue.
Run-time warning: matrix used in call to nimEigen() has a complex eigenvalue.
Run-time warning: matrix used in call to nimEigen() has a complex eigenvalue.
Run-time warning: matrix used in call to nimEigen() has a complex eigenvalue.
Run-time warning: matrix used in call to nimEigen() has a complex eigenvalue.
Run-time warning: matrix used in call to nimEigen() has a complex eigenvalue.
Run-time warning: matrix used in call to nimEigen() has a complex eigenvalue.
Run-time warning: matrix used in call to nimEigen() has a complex eigenvalue.
Run-time warning: matrix used in call to nimEigen() has a complex eigenvalue.
Run-time warning: matrix used in call to nimEigen() has a complex eigenvalue.
Run-time warning: matrix used in call to nimEigen() has a complex eigenvalue.
Run-time warning: matrix used in call to nimEigen() has a complex eigenvalue.
Run-time warning: matrix used in call to nimEigen() has a complex eigenvalue.
Run-time warning: matrix used in call to nimEigen() has a complex eigenvalue.
Run-time warning: matrix used in call to nimEigen() has a complex eigenvalue.
Run-time warning: matrix used in call to nimEigen() has a complex eigenvalue.
Run-time warning: matrix used in call to nimEigen() has a complex eigenvalue.
Run-time warning: matrix used in call to nimEigen() has a complex eigenvalue.
Run-time warning: matrix used in call to nimEigen() has a complex eigenvalue.
Run-time warning: matrix used in call to nimEigen() has a complex eigenvalue.
Run-time warning: matrix used in call to nimEigen() has a complex eigenvalue.
Run-time warning: matrix used in call to nimEigen() has a complex eigenvalue.
Run-time warning: matrix used in call to nimEigen() has a complex eigenvalue.
Run-time warning: matrix used in call to nimEigen() has a complex eigenvalue.
Run-time warning: matrix used in call to nimEigen() has a complex eigenvalue.
Run-time warning: matrix used in call to nimEigen() has a complex eigenvalue.
Run-time warning: matrix used in call to nimEigen() has a complex eigenvalue.
Run-time warning: matrix used in call to nimEigen() has a complex eigenvalue.
Run-time warning: matrix used in call to nimEigen() has a complex eigenvalue.
Run-time warning: matrix used in call to nimEigen() has a complex eigenvalue.
Run-time warning: matrix used in call to nimEigen() has a complex eigenvalue.
Run-time warning: matrix used in call to nimEigen() has a complex eigenvalue.
Run-time warning: matrix used in call to nimEigen() has a complex eigenvalue.
Run-time warning: matrix used in call to nimEigen() has a complex eigenvalue.
Run-time warning: matrix used in call to nimEigen() has a complex eigenvalue.
Run-time warning: matrix used in call to nimEigen() has a complex eigenvalue.
Run-time warning: matrix used in call to nimEigen() has a complex eigenvalue.
Run-time warning: matrix used in call to nimEigen() has a complex eigenvalue.
Run-time warning: matrix used in call to nimEigen() has a complex eigenvalue.
Run-time warning: matrix used in call to nimEigen() has a complex eigenvalue.
Run-time warning: matrix used in call to nimEigen() has a complex eigenvalue.
Run-time warning: matrix used in call to nimEigen() has a complex eigenvalue.
Run-time warning: matrix used in call to nimEigen() has a complex eigenvalue.
Run-time warning: matrix used in call to nimEigen() has a complex eigenvalue.
Run-time warning: matrix used in call to nimEigen() has a complex eigenvalue.
Run-time warning: matrix used in call to nimEigen() has a complex eigenvalue.
Run-time warning: matrix used in call to nimEigen() has a complex eigenvalue.
Run-time warning: matrix used in call to nimEigen() has a complex eigenvalue.
Run-time warning: matrix used in call to nimEigen() has a complex eigenvalue.
Run-time warning: matrix used in call to nimEigen() has a complex eigenvalue.
Run-time warning: matrix used in call to nimEigen() has a complex eigenvalue.
Run-time warning: matrix used in call to nimEigen() has a complex eigenvalue.
Run-time warning: matrix used in call to nimEigen() has a complex eigenvalue.
Run-time warning: matrix used in call to nimEigen() has a complex eigenvalue.
Run-time warning: matrix used in call to nimEigen() has a complex eigenvalue.
Run-time warning: matrix used in call to nimEigen() has a complex eigenvalue.
Run-time warning: matrix used in call to nimEigen() has a complex eigenvalue.
Run-time warning: matrix used in call to nimEigen() has a complex eigenvalue.
Run-time warning: matrix used in call to nimEigen() has a complex eigenvalue.
===== Monitors =====
thin = 1: log_kappa, rho
===== Samplers =====
===== Monitors =====
thin = 1: log_kappa, rho
===== Samplers =====
slice sampler (225)
slice sampler (225)
  - P[]  (225 elements)
RW sampler (2)
  - rho
  - log_kappa
CAR_proper sampler (1)
  - P[]  (225 elements)
RW sampler (2)
  - S[1:225] 
  - rho
  - log_kappa
CAR_proper sampler (1)
===== Monitors =====
  - S[1:225] 
thin = 1: log_kappa, rho
===== Samplers =====
slice sampler (225)
  - P[]  (225 elements)
RW sampler (2)
  - rho
  - log_kappa
CAR_proper sampler (1)
  - S[1:225] 
thin = 1: log_kappa, P, rho
thin = 1: log_kappa, P, rho
thin = 1: log_kappa, P, rho
===== Monitors =====
thin = 1: log_kappa, rho
===== Samplers =====
slice sampler (225)
  - P[]  (225 elements)
RW sampler (2)
  - rho
  - log_kappa
CAR_proper sampler (1)
  - S[1:225] 
thin = 1: log_kappa, P, rho
===== Monitors =====
thin = 1: log_kappa, rho
===== Samplers =====
slice sampler (225)
  - P[]  (225 elements)
RW sampler (2)
  - rho
  - log_kappa
CAR_proper sampler (1)
  - S[1:225] 
thin = 1: log_kappa, P, rho
Run-time warning: matrix used in call to nimEigen() has a complex eigenvalue.
Run-time warning: matrix used in call to nimEigen() has a complex eigenvalue.
Run-time warning: matrix used in call to nimEigen() has a complex eigenvalue.
Run-time warning: matrix used in call to nimEigen() has a complex eigenvalue.
Run-time warning: matrix used in call to nimEigen() has a complex eigenvalue.
Run-time warning: matrix used in call to nimEigen() has a complex eigenvalue.
Run-time warning: matrix used in call to nimEigen() has a complex eigenvalue.
Run-time warning: matrix used in call to nimEigen() has a complex eigenvalue.
Run-time warning: matrix used in call to nimEigen() has a complex eigenvalue.
Run-time warning: matrix used in call to nimEigen() has a complex eigenvalue.
Run-time warning: matrix used in call to nimEigen() has a complex eigenvalue.
Run-time warning: matrix used in call to nimEigen() has a complex eigenvalue.
|-------------|-------------|-------------|-------------|
|-------------------------------------------------------|
Run-time warning: matrix used in call to nimEigen() has a complex eigenvalue.
Run-time warning: matrix used in call to nimEigen() has a complex eigenvalue.
Run-time warning: matrix used in call to nimEigen() has a complex eigenvalue.
Run-time warning: matrix used in call to nimEigen() has a complex eigenvalue.
Run-time warning: matrix used in call to nimEigen() has a complex eigenvalue.
Run-time warning: matrix used in call to nimEigen() has a complex eigenvalue.
Run-time warning: matrix used in call to nimEigen() has a complex eigenvalue.
Run-time warning: matrix used in call to nimEigen() has a complex eigenvalue.
Run-time warning: matrix used in call to nimEigen() has a complex eigenvalue.
Run-time warning: matrix used in call to nimEigen() has a complex eigenvalue.
Run-time warning: matrix used in call to nimEigen() has a complex eigenvalue.
Run-time warning: matrix used in call to nimEigen() has a complex eigenvalue.
|-------------|-------------|-------------|-------------|
|-------------------------------------------------------|
Run-time warning: matrix used in call to nimEigen() has a complex eigenvalue.
Run-time warning: matrix used in call to nimEigen() has a complex eigenvalue.
Run-time warning: matrix used in call to nimEigen() has a complex eigenvalue.
Run-time warning: matrix used in call to nimEigen() has a complex eigenvalue.
Run-time warning: matrix used in call to nimEigen() has a complex eigenvalue.
Run-time warning: matrix used in call to nimEigen() has a complex eigenvalue.
Run-time warning: matrix used in call to nimEigen() has a complex eigenvalue.
Run-time warning: matrix used in call to nimEigen() has a complex eigenvalue.
Run-time warning: matrix used in call to nimEigen() has a complex eigenvalue.
Run-time warning: matrix used in call to nimEigen() has a complex eigenvalue.
Run-time warning: matrix used in call to nimEigen() has a complex eigenvalue.
Run-time warning: matrix used in call to nimEigen() has a complex eigenvalue.
|-------------|-------------|-------------|-------------|
|-------------------------------------------------------|
Run-time warning: matrix used in call to nimEigen() has a complex eigenvalue.
Run-time warning: matrix used in call to nimEigen() has a complex eigenvalue.
Run-time warning: matrix used in call to nimEigen() has a complex eigenvalue.
Run-time warning: matrix used in call to nimEigen() has a complex eigenvalue.
Run-time warning: matrix used in call to nimEigen() has a complex eigenvalue.
Run-time warning: matrix used in call to nimEigen() has a complex eigenvalue.
Run-time warning: matrix used in call to nimEigen() has a complex eigenvalue.
Run-time warning: matrix used in call to nimEigen() has a complex eigenvalue.
Run-time warning: matrix used in call to nimEigen() has a complex eigenvalue.
Run-time warning: matrix used in call to nimEigen() has a complex eigenvalue.
Run-time warning: matrix used in call to nimEigen() has a complex eigenvalue.
Run-time warning: matrix used in call to nimEigen() has a complex eigenvalue.
|-------------|-------------|-------------|-------------|
|-------------------------------------------------------|
Run-time warning: matrix used in call to nimEigen() has a complex eigenvalue.
Run-time warning: matrix used in call to nimEigen() has a complex eigenvalue.
Run-time warning: matrix used in call to nimEigen() has a complex eigenvalue.
Run-time warning: matrix used in call to nimEigen() has a complex eigenvalue.
Run-time warning: matrix used in call to nimEigen() has a complex eigenvalue.
Run-time warning: matrix used in call to nimEigen() has a complex eigenvalue.
Run-time warning: matrix used in call to nimEigen() has a complex eigenvalue.
Run-time warning: matrix used in call to nimEigen() has a complex eigenvalue.
Run-time warning: matrix used in call to nimEigen() has a complex eigenvalue.
Run-time warning: matrix used in call to nimEigen() has a complex eigenvalue.
Run-time warning: matrix used in call to nimEigen() has a complex eigenvalue.
Run-time warning: matrix used in call to nimEigen() has a complex eigenvalue.
|-------------|-------------|-------------|-------------|
|-------------------------------------------------------|
Run-time warning: matrix used in call to nimEigen() has a complex eigenvalue.
Run-time warning: matrix used in call to nimEigen() has a complex eigenvalue.
Run-time warning: matrix used in call to nimEigen() has a complex eigenvalue.
Run-time warning: matrix used in call to nimEigen() has a complex eigenvalue.
Run-time warning: matrix used in call to nimEigen() has a complex eigenvalue.
Run-time warning: matrix used in call to nimEigen() has a complex eigenvalue.
Run-time warning: matrix used in call to nimEigen() has a complex eigenvalue.
Run-time warning: matrix used in call to nimEigen() has a complex eigenvalue.
Run-time warning: matrix used in call to nimEigen() has a complex eigenvalue.
Run-time warning: matrix used in call to nimEigen() has a complex eigenvalue.
Run-time warning: matrix used in call to nimEigen() has a complex eigenvalue.
Run-time warning: matrix used in call to nimEigen() has a complex eigenvalue.
|-------------|-------------|-------------|-------------|
|-------------------------------------------------------|
End time: Thu Jan 29 13:31:57 EST 2026
Task 7 completed
