
Attaching package: ‘dplyr’

The following objects are masked from ‘package:stats’:

    filter, lag

The following objects are masked from ‘package:base’:

    intersect, setdiff, setequal, union


Attaching package: ‘kableExtra’

The following object is masked from ‘package:dplyr’:

    group_rows


Attaching package: ‘MASS’

The following object is masked from ‘package:dplyr’:

    select

The following object is masked from ‘package:patchwork’:

    area

nimble version 1.4.0 is loaded.
For more information on NIMBLE and a User Manual,
please visit https://R-nimble.org.

Attaching package: ‘nimble’

The following object is masked from ‘package:stats’:

    simulate


Attaching package: ‘extraDistr’

The following objects are masked from ‘package:nimble’:

    dcat, dinvgamma, pinvgamma, qinvgamma, rcat, rinvgamma


Attaching package: ‘igraph’

The following objects are masked from ‘package:dplyr’:

    as_data_frame, groups, union

The following object is masked from ‘package:tidyr’:

    crossing

The following objects are masked from ‘package:stats’:

    decompose, spectrum

The following object is masked from ‘package:base’:

    union

Loading nimbleChangeOfVariables. 
Registering the following user-defined functions:
 dLogExp, dLogGamma


Attaching package: ‘pracma’

The following objects are masked from ‘package:nimble’:

    expm, logit

Loading required package: R.oo
Loading required package: R.methodsS3
R.methodsS3 v1.8.2 (2022-06-13 22:00:14 UTC) successfully loaded. See ?R.methodsS3 for help.
R.oo v1.27.1 (2025-05-02 21:00:05 UTC) successfully loaded. See ?R.oo for help.

Attaching package: ‘R.oo’

The following object is masked from ‘package:R.methodsS3’:

    throw

The following object is masked from ‘package:igraph’:

    hierarchy

The following objects are masked from ‘package:methods’:

    getClasses, getMethods

The following objects are masked from ‘package:base’:

    attach, detach, load, save

R.utils v2.13.0 (2025-02-24 21:20:02 UTC) successfully loaded. See ?R.utils for help.

Attaching package: ‘R.utils’

The following object is masked from ‘package:tidyr’:

    extract

The following object is masked from ‘package:utils’:

    timestamp

The following objects are masked from ‘package:base’:

    cat, commandArgs, getOption, isOpen, nullfile, parse, warnings

  [Note] For this nimbleFunction to compile, 'logspace_sub' must be defined as a nimbleFunction, nimbleFunctionList, or nimbleList before compilation.
Warning message:
In base_pop[urban_idx] <- rlnorm(n = length(rural_idx), 12.5, 0.85) :
  number of items to replace is not a multiple of replacement length
Defining model
Building model
Setting data and initial values
  [Note] 'U_obs' is provided in 'data' but is not a variable in the model and is being ignored.
  [Note] 'U_sd' is provided in 'data' but is not a variable in the model and is being ignored.
  [Note] 'ind_mat' is provided in 'data' but is not a variable in the model and is being ignored.
Running calculate on model
  [Note] Any error reports that follow may simply reflect missing values in model variables.
Checking model sizes and dimensions
Compiling
  [Note] This may take a minute.
  [Note] Use 'showCompilerOutput = TRUE' to see C++ compilation details.
Compiling
  [Note] This may take a minute.
  [Note] Use 'showCompilerOutput = TRUE' to see C++ compilation details.
Defining model
Building model
Setting data and initial values
Running calculate on model
  [Note] Any error reports that follow may simply reflect missing values in model variables.
Checking model sizes and dimensions
Compiling
  [Note] This may take a minute.
  [Note] Use 'showCompilerOutput = TRUE' to see C++ compilation details.
Compiling
  [Note] This may take a minute.
  [Note] Use 'showCompilerOutput = TRUE' to see C++ compilation details.
  [Note] 'U_obs' is provided in 'data' but is not a variable in the model and is being ignored.
  [Note] 'U_sd' is provided in 'data' but is not a variable in the model and is being ignored.
  [Note] 'U_obs' is provided in 'data' but is not a variable in the model and is being ignored.
  [Note] 'U_sd' is provided in 'data' but is not a variable in the model and is being ignored.
running chain 1...
  [Note] 'U_obs' is provided in 'data' but is not a variable in the model and is being ignored.
  [Note] 'U_sd' is provided in 'data' but is not a variable in the model and is being ignored.
running chain 1...
  [Note] 'U_obs' is provided in 'data' but is not a variable in the model and is being ignored.
  [Note] 'U_sd' is provided in 'data' but is not a variable in the model and is being ignored.
  [Note] 'U_obs' is provided in 'data' but is not a variable in the model and is being ignored.
  [Note] 'U_sd' is provided in 'data' but is not a variable in the model and is being ignored.
running chain 1...
running chain 1...
  [Note] 'U_obs' is provided in 'data' but is not a variable in the model and is being ignored.
  [Note] 'U_sd' is provided in 'data' but is not a variable in the model and is being ignored.
  [Note] 'U_obs' is provided in 'data' but is not a variable in the model and is being ignored.
  [Note] 'U_sd' is provided in 'data' but is not a variable in the model and is being ignored.
running chain 1...
  [Note] 'U_obs' is provided in 'data' but is not a variable in the model and is being ignored.
  [Note] 'U_sd' is provided in 'data' but is not a variable in the model and is being ignored.
running chain 1...
  [Note] 'U_obs' is provided in 'data' but is not a variable in the model and is being ignored.
  [Note] 'U_sd' is provided in 'data' but is not a variable in the model and is being ignored.
running chain 1...
  [Note] 'U_obs' is provided in 'data' but is not a variable in the model and is being ignored.
  [Note] 'U_sd' is provided in 'data' but is not a variable in the model and is being ignored.
running chain 1...
  [Note] 'U_obs' is provided in 'data' but is not a variable in the model and is being ignored.
  [Note] 'U_sd' is provided in 'data' but is not a variable in the model and is being ignored.
running chain 1...
  [Note] 'U_obs' is provided in 'data' but is not a variable in the model and is being ignored.
  [Note] 'U_sd' is provided in 'data' but is not a variable in the model and is being ignored.
running chain 1...
running chain 1...
  [Note] 'U_obs' is provided in 'data' but is not a variable in the model and is being ignored.
  [Note] 'U_sd' is provided in 'data' but is not a variable in the model and is being ignored.
  [Note] 'U_obs' is provided in 'data' but is not a variable in the model and is being ignored.
  [Note] 'U_sd' is provided in 'data' but is not a variable in the model and is being ignored.
running chain 1...
running chain 1...
  [Note] 'U_obs' is provided in 'data' but is not a variable in the model and is being ignored.
  [Note] 'U_sd' is provided in 'data' but is not a variable in the model and is being ignored.
running chain 1...
  [Note] 'U_obs' is provided in 'data' but is not a variable in the model and is being ignored.
  [Note] 'U_sd' is provided in 'data' but is not a variable in the model and is being ignored.
running chain 1...
running chain 1...
  [Note] 'U_obs' is provided in 'data' but is not a variable in the model and is being ignored.
  [Note] 'U_sd' is provided in 'data' but is not a variable in the model and is being ignored.
  [Note] 'U_obs' is provided in 'data' but is not a variable in the model and is being ignored.
  [Note] 'U_sd' is provided in 'data' but is not a variable in the model and is being ignored.
running chain 1...
  [Note] 'U_obs' is provided in 'data' but is not a variable in the model and is being ignored.
  [Note] 'U_sd' is provided in 'data' but is not a variable in the model and is being ignored.
running chain 1...
running chain 1...
  [Note] 'U_obs' is provided in 'data' but is not a variable in the model and is being ignored.
  [Note] 'U_sd' is provided in 'data' but is not a variable in the model and is being ignored.
running chain 1...
running chain 2...
running chain 2...
running chain 2...
running chain 2...
running chain 2...
running chain 2...
running chain 2...
running chain 2...
running chain 2...
running chain 2...
running chain 2...
running chain 2...
running chain 2...
running chain 2...
running chain 2...
running chain 2...
running chain 2...
running chain 2...
running chain 2...
running chain 2...
running chain 3...
running chain 3...
running chain 3...
running chain 3...
running chain 3...
running chain 3...
running chain 3...
running chain 3...
running chain 3...
running chain 3...
running chain 3...
running chain 3...
running chain 3...
running chain 3...
running chain 3...
running chain 3...
running chain 3...
running chain 3...
running chain 3...
running chain 3...
running chain 1...
running chain 1...
running chain 1...
running chain 1...
running chain 1...
running chain 1...
running chain 1...
running chain 1...
running chain 1...
running chain 1...
running chain 1...
running chain 1...
running chain 1...
running chain 1...
running chain 1...
running chain 1...
running chain 1...
running chain 1...
running chain 1...
running chain 1...
running chain 2...
running chain 2...
running chain 2...
running chain 2...
running chain 2...
running chain 2...
running chain 2...
running chain 2...
running chain 2...
running chain 2...
running chain 2...
running chain 2...
running chain 2...
running chain 2...
running chain 2...
running chain 2...
running chain 2...
running chain 2...
running chain 2...
running chain 2...
running chain 3...
running chain 3...
running chain 3...
running chain 3...
running chain 3...
running chain 3...
running chain 3...
running chain 3...
running chain 3...
running chain 3...
running chain 3...
running chain 3...
running chain 3...
running chain 3...
running chain 3...
running chain 3...
running chain 3...
running chain 3...
running chain 3...
running chain 3...
  [Note] 'U_obs' is provided in 'data' but is not a variable in the model and is being ignored.
  [Note] 'U_sd' is provided in 'data' but is not a variable in the model and is being ignored.
running chain 1...
  [Note] 'U_obs' is provided in 'data' but is not a variable in the model and is being ignored.
  [Note] 'U_sd' is provided in 'data' but is not a variable in the model and is being ignored.
running chain 1...
  [Note] 'U_obs' is provided in 'data' but is not a variable in the model and is being ignored.
  [Note] 'U_sd' is provided in 'data' but is not a variable in the model and is being ignored.
running chain 1...
  [Note] 'U_obs' is provided in 'data' but is not a variable in the model and is being ignored.
  [Note] 'U_sd' is provided in 'data' but is not a variable in the model and is being ignored.
running chain 1...
  [Note] 'U_obs' is provided in 'data' but is not a variable in the model and is being ignored.
  [Note] 'U_sd' is provided in 'data' but is not a variable in the model and is being ignored.
running chain 1...
  [Note] 'U_obs' is provided in 'data' but is not a variable in the model and is being ignored.
  [Note] 'U_sd' is provided in 'data' but is not a variable in the model and is being ignored.
running chain 1...
  [Note] 'U_obs' is provided in 'data' but is not a variable in the model and is being ignored.
  [Note] 'U_sd' is provided in 'data' but is not a variable in the model and is being ignored.
running chain 1...
  [Note] 'U_obs' is provided in 'data' but is not a variable in the model and is being ignored.
  [Note] 'U_sd' is provided in 'data' but is not a variable in the model and is being ignored.
running chain 1...
  [Note] 'U_obs' is provided in 'data' but is not a variable in the model and is being ignored.
  [Note] 'U_sd' is provided in 'data' but is not a variable in the model and is being ignored.
running chain 1...
  [Note] 'U_obs' is provided in 'data' but is not a variable in the model and is being ignored.
  [Note] 'U_sd' is provided in 'data' but is not a variable in the model and is being ignored.
running chain 1...
  [Note] 'U_obs' is provided in 'data' but is not a variable in the model and is being ignored.
  [Note] 'U_sd' is provided in 'data' but is not a variable in the model and is being ignored.
running chain 1...
  [Note] 'U_obs' is provided in 'data' but is not a variable in the model and is being ignored.
  [Note] 'U_sd' is provided in 'data' but is not a variable in the model and is being ignored.
running chain 1...
  [Note] 'U_obs' is provided in 'data' but is not a variable in the model and is being ignored.
  [Note] 'U_sd' is provided in 'data' but is not a variable in the model and is being ignored.
running chain 1...
  [Note] 'U_obs' is provided in 'data' but is not a variable in the model and is being ignored.
  [Note] 'U_sd' is provided in 'data' but is not a variable in the model and is being ignored.
running chain 1...
  [Note] 'U_obs' is provided in 'data' but is not a variable in the model and is being ignored.
  [Note] 'U_sd' is provided in 'data' but is not a variable in the model and is being ignored.
  [Note] 'U_obs' is provided in 'data' but is not a variable in the model and is being ignored.
  [Note] 'U_sd' is provided in 'data' but is not a variable in the model and is being ignored.
running chain 1...
running chain 1...
  [Note] 'U_obs' is provided in 'data' but is not a variable in the model and is being ignored.
  [Note] 'U_sd' is provided in 'data' but is not a variable in the model and is being ignored.
running chain 1...
  [Note] 'U_obs' is provided in 'data' but is not a variable in the model and is being ignored.
  [Note] 'U_sd' is provided in 'data' but is not a variable in the model and is being ignored.
running chain 1...
  [Note] 'U_obs' is provided in 'data' but is not a variable in the model and is being ignored.
  [Note] 'U_sd' is provided in 'data' but is not a variable in the model and is being ignored.
running chain 1...
  [Note] 'U_obs' is provided in 'data' but is not a variable in the model and is being ignored.
  [Note] 'U_sd' is provided in 'data' but is not a variable in the model and is being ignored.
running chain 1...
running chain 2...
running chain 2...
running chain 2...
running chain 2...
running chain 2...
running chain 2...
running chain 2...
running chain 2...
running chain 2...
running chain 2...
running chain 2...
running chain 2...
running chain 2...
running chain 2...
running chain 2...
running chain 2...
running chain 2...
running chain 2...
running chain 2...
running chain 2...
running chain 3...
running chain 3...
running chain 3...
running chain 3...
running chain 3...
running chain 3...
running chain 3...
running chain 3...
running chain 3...
running chain 3...
running chain 3...
running chain 3...
running chain 3...
running chain 3...
running chain 3...
running chain 3...
running chain 3...
running chain 3...
running chain 3...
running chain 3...
running chain 1...
running chain 1...
running chain 1...
running chain 1...
running chain 1...
running chain 1...
running chain 1...
running chain 1...
running chain 1...
running chain 1...
running chain 1...
running chain 1...
running chain 1...
running chain 1...
running chain 1...
running chain 1...
running chain 1...
running chain 1...
running chain 1...
running chain 1...
running chain 2...
running chain 2...
running chain 2...
running chain 2...
running chain 2...
running chain 2...
running chain 2...
running chain 2...
running chain 2...
running chain 2...
running chain 2...
running chain 2...
running chain 2...
running chain 2...
running chain 2...
running chain 2...
running chain 2...
running chain 2...
running chain 2...
running chain 2...
running chain 3...
running chain 3...
running chain 3...
running chain 3...
running chain 3...
running chain 3...
running chain 3...
running chain 3...
running chain 3...
running chain 3...
running chain 3...
running chain 3...
running chain 3...
running chain 3...
running chain 3...
running chain 3...
running chain 3...
running chain 3...
running chain 3...
running chain 3...
  [Note] 'U_obs' is provided in 'data' but is not a variable in the model and is being ignored.
  [Note] 'U_sd' is provided in 'data' but is not a variable in the model and is being ignored.
running chain 1...
  [Note] 'U_obs' is provided in 'data' but is not a variable in the model and is being ignored.
  [Note] 'U_sd' is provided in 'data' but is not a variable in the model and is being ignored.
running chain 1...
  [Note] 'U_obs' is provided in 'data' but is not a variable in the model and is being ignored.
  [Note] 'U_sd' is provided in 'data' but is not a variable in the model and is being ignored.
running chain 1...
  [Note] 'U_obs' is provided in 'data' but is not a variable in the model and is being ignored.
  [Note] 'U_sd' is provided in 'data' but is not a variable in the model and is being ignored.
running chain 1...
  [Note] 'U_obs' is provided in 'data' but is not a variable in the model and is being ignored.
  [Note] 'U_sd' is provided in 'data' but is not a variable in the model and is being ignored.
running chain 1...
  [Note] 'U_obs' is provided in 'data' but is not a variable in the model and is being ignored.
  [Note] 'U_sd' is provided in 'data' but is not a variable in the model and is being ignored.
running chain 1...
  [Note] 'U_obs' is provided in 'data' but is not a variable in the model and is being ignored.
  [Note] 'U_sd' is provided in 'data' but is not a variable in the model and is being ignored.
running chain 1...
  [Note] 'U_obs' is provided in 'data' but is not a variable in the model and is being ignored.
  [Note] 'U_sd' is provided in 'data' but is not a variable in the model and is being ignored.
running chain 1...
  [Note] 'U_obs' is provided in 'data' but is not a variable in the model and is being ignored.
  [Note] 'U_sd' is provided in 'data' but is not a variable in the model and is being ignored.
running chain 1...
  [Note] 'U_obs' is provided in 'data' but is not a variable in the model and is being ignored.
  [Note] 'U_sd' is provided in 'data' but is not a variable in the model and is being ignored.
running chain 1...
running chain 2...
running chain 2...
running chain 2...
running chain 2...
running chain 2...
running chain 2...
running chain 2...
running chain 2...
running chain 2...
running chain 2...
running chain 3...
running chain 3...
running chain 3...
running chain 3...
running chain 3...
running chain 3...
running chain 3...
running chain 3...
running chain 3...
running chain 3...
running chain 1...
running chain 1...
running chain 1...
running chain 1...
running chain 1...
running chain 1...
running chain 1...
running chain 1...
running chain 1...
running chain 1...
running chain 2...
running chain 2...
running chain 2...
running chain 2...
running chain 2...
running chain 2...
running chain 2...
running chain 2...
running chain 2...
running chain 2...
running chain 3...
running chain 3...
running chain 3...
running chain 3...
running chain 3...
running chain 3...
running chain 3...
running chain 3...
running chain 3...
running chain 3...
